#
# There is insufficient memory for the Java Runtime Environment to continue.
# Native memory allocation (malloc) failed to allocate 1756976 bytes for Chunk::new
# Possible reasons:
#   The system is out of physical RAM or swap space
#   The process is running with CompressedOops enabled, and the Java Heap may be blocking the growth of the native heap
# Possible solutions:
#   Reduce memory load on the system
#   Increase physical memory or swap space
#   Check if swap backing store is full
#   Decrease Java heap size (-Xmx/-Xms)
#   Decrease number of Java threads
#   Decrease Java thread stack sizes (-Xss)
#   Set larger code cache with -XX:ReservedCodeCacheSize=
#   JVM is running with Unscaled Compressed Oops mode in which the Java heap is
#     placed in the first 4GB address space. The Java Heap base address is the
#     maximum limit for the native heap growth. Please use -XX:HeapBaseMinAddress
#     to set the Java Heap base and to place the Java Heap above 4GB virtual address.
# This output file may be truncated or incomplete.
#
#  Out of Memory Error (./open/src/hotspot/share/memory/arena.cpp:195), pid=16960, tid=9992
#
# JRE version: Java(TM) SE Runtime Environment (14.0.2+12) (build 14.0.2+12-46)
# Java VM: Java HotSpot(TM) 64-Bit Server VM (14.0.2+12-46, mixed mode, sharing, tiered, compressed oops, g1 gc, windows-amd64)
# No core dump will be written. Minidumps are not enabled by default on client versions of Windows
#

---------------  S U M M A R Y ------------

Command Line: -Dmaven.multiModuleProjectDirectory=F:\pingyougou_project\pinyougou-parent\pinyougou-shop-web -DarchetypeCatalog=local -Dmaven.home=F:\apache-maven-3.6.3 -Dclassworlds.conf=F:\apache-maven-3.6.3\bin\m2.conf -Dmaven.ext.class.path=F:\IntelliJ IDEA 2020.3.2\plugins\maven\lib\maven-event-listener.jar -javaagent:F:\IntelliJ IDEA 2020.3.2\lib\idea_rt.jar=8386:F:\IntelliJ IDEA 2020.3.2\bin -Dfile.encoding=UTF-8 org.codehaus.classworlds.Launcher -Didea.version=2020.3.2 -s F:\apache-maven-3.6.3\conf\settings.xml tomcat7:run

Host: Intel(R) Core(TM) i5-8250U CPU @ 1.60GHz, 8 cores, 7G,  Windows 10 , 64 bit Build 18362 (10.0.18362.1350)
Time: Wed Apr 21 18:45:11 2021 ?D1¨²¡À¨º¡Á?¨º¡À?? elapsed time: 25 seconds (0d 0h 0m 25s)

---------------  T H R E A D  ---------------

Current thread (0x000002c83a420800):  JavaThread "C2 CompilerThread1" daemon [_thread_in_native, id=9992, stack(0x000000fc89600000,0x000000fc89700000)]


Current CompileTask:
C2:  25103 7482   !   4       java.net.URLClassLoader$1::run (63 bytes)

Stack: [0x000000fc89600000,0x000000fc89700000]
Native frames: (J=compiled Java code, j=interpreted, Vv=VM code, C=native code)
V  [jvm.dll+0x5f8a9a]
V  [jvm.dll+0x74247a]
V  [jvm.dll+0x743c2f]
V  [jvm.dll+0x744273]
V  [jvm.dll+0x20d288]
V  [jvm.dll+0xabb07]
V  [jvm.dll+0xac1fc]
V  [jvm.dll+0x31c438]
V  [jvm.dll+0x2e6b38]
V  [jvm.dll+0x2e5f3a]
V  [jvm.dll+0x1e5e16]
V  [jvm.dll+0x1e50b8]
V  [jvm.dll+0x1779cc]
V  [jvm.dll+0x1f4105]
V  [jvm.dll+0x1f22eb]
V  [jvm.dll+0x7070cd]
V  [jvm.dll+0x6ffeda]
V  [jvm.dll+0x5f78f6]
C  [ucrtbase.dll+0x210b2]
C  [KERNEL32.DLL+0x17c24]
C  [ntdll.dll+0x6d721]


---------------  P R O C E S S  ---------------

Threads class SMR info:
_java_thread_list=0x000002c8379cd3b0, length=40, elements={
0x000002c8158ee000, 0x000002c836883000, 0x000002c836884000, 0x000002c8368a0000,
0x000002c8368a3000, 0x000002c8368a4800, 0x000002c8368a9800, 0x000002c8368ce000,
0x000002c837184000, 0x000002c836867000, 0x000002c8372df000, 0x000002c8372e0000,
0x000002c838aea800, 0x000002c837b65800, 0x000002c840c59000, 0x000002c83f3aa800,
0x000002c83c73b800, 0x000002c83875d800, 0x000002c8400a6800, 0x000002c83a420800,
0x000002c8389de800, 0x000002c8389de000, 0x000002c8389df800, 0x000002c8389e1000,
0x000002c8389dc000, 0x000002c8389e0800, 0x000002c8389dd000, 0x000002c8389e2000,
0x000002c8389e3000, 0x000002c839f27000, 0x000002c839f27800, 0x000002c839f29800,
0x000002c839f2a000, 0x000002c839f28800, 0x000002c839f25800, 0x000002c839f24800,
0x000002c839f2b000, 0x000002c839f2c000, 0x000002c839f26000, 0x000002c839f30000
}

Java Threads: ( => current thread )
  0x000002c8158ee000 JavaThread "main" [_thread_blocked, id=17008, stack(0x000000fc87500000,0x000000fc87600000)]
  0x000002c836883000 JavaThread "Reference Handler" daemon [_thread_blocked, id=6060, stack(0x000000fc87c00000,0x000000fc87d00000)]
  0x000002c836884000 JavaThread "Finalizer" daemon [_thread_blocked, id=15944, stack(0x000000fc87d00000,0x000000fc87e00000)]
  0x000002c8368a0000 JavaThread "Signal Dispatcher" daemon [_thread_blocked, id=13500, stack(0x000000fc87e00000,0x000000fc87f00000)]
  0x000002c8368a3000 JavaThread "Attach Listener" daemon [_thread_blocked, id=16512, stack(0x000000fc87f00000,0x000000fc88000000)]
  0x000002c8368a4800 JavaThread "Service Thread" daemon [_thread_blocked, id=17392, stack(0x000000fc88000000,0x000000fc88100000)]
  0x000002c8368a9800 JavaThread "C2 CompilerThread0" daemon [_thread_in_native, id=17140, stack(0x000000fc88100000,0x000000fc88200000)]
  0x000002c8368ce000 JavaThread "C1 CompilerThread0" daemon [_thread_in_native, id=11576, stack(0x000000fc88200000,0x000000fc88300000)]
  0x000002c837184000 JavaThread "Sweeper thread" daemon [_thread_blocked, id=16712, stack(0x000000fc88300000,0x000000fc88400000)]
  0x000002c836867000 JavaThread "Common-Cleaner" daemon [_thread_blocked, id=16456, stack(0x000000fc88400000,0x000000fc88500000)]
  0x000002c8372df000 JavaThread "Monitor Ctrl-Break" daemon [_thread_in_native, id=896, stack(0x000000fc88500000,0x000000fc88600000)]
  0x000002c8372e0000 JavaThread "Notification Thread" daemon [_thread_blocked, id=5404, stack(0x000000fc88600000,0x000000fc88700000)]
  0x000002c838aea800 JavaThread "Tomcat-startStop-1" daemon [_thread_blocked, id=7060, stack(0x000000fc88c00000,0x000000fc88d00000)]
  0x000002c837b65800 JavaThread "localhost-startStop-1" daemon [_thread_blocked, id=1780, stack(0x000000fc88d00000,0x000000fc88e00000)]
  0x000002c840c59000 JavaThread "Thread-2" daemon [_thread_in_native, id=8296, stack(0x000000fc89100000,0x000000fc89200000)]
  0x000002c83f3aa800 JavaThread "DubboRegistryFailedRetryTimer-thread-1" daemon [_thread_blocked, id=17348, stack(0x000000fc89200000,0x000000fc89300000)]
  0x000002c83c73b800 JavaThread "ZkClient-EventThread-23-192.168.182.133:2181" daemon [_thread_blocked, id=16736, stack(0x000000fc89300000,0x000000fc89400000)]
  0x000002c83875d800 JavaThread "localhost-startStop-1-SendThread(192.168.182.133:2181)" daemon [_thread_in_native, id=16396, stack(0x000000fc88800000,0x000000fc88900000)]
  0x000002c8400a6800 JavaThread "localhost-startStop-1-EventThread" daemon [_thread_blocked, id=17108, stack(0x000000fc89400000,0x000000fc89500000)]
=>0x000002c83a420800 JavaThread "C2 CompilerThread1" daemon [_thread_in_native, id=9992, stack(0x000000fc89600000,0x000000fc89700000)]
  0x000002c8389de800 JavaThread "DubboSaveRegistryCache-thread-1" daemon [_thread_blocked, id=13316, stack(0x000000fc89700000,0x000000fc89800000)]
  0x000002c8389de000 JavaThread "New I/O worker #1" daemon [_thread_in_native, id=2956, stack(0x000000fc89800000,0x000000fc89900000)]
  0x000002c8389df800 JavaThread "New I/O worker #2" daemon [_thread_in_native, id=12372, stack(0x000000fc89900000,0x000000fc89a00000)]
  0x000002c8389e1000 JavaThread "New I/O worker #3" daemon [_thread_in_native, id=9312, stack(0x000000fc89a00000,0x000000fc89b00000)]
  0x000002c8389dc000 JavaThread "New I/O worker #4" daemon [_thread_in_native, id=16836, stack(0x000000fc89b00000,0x000000fc89c00000)]
  0x000002c8389e0800 JavaThread "New I/O worker #5" daemon [_thread_in_native, id=16392, stack(0x000000fc89c00000,0x000000fc89d00000)]
  0x000002c8389dd000 JavaThread "New I/O worker #6" daemon [_thread_in_native, id=16468, stack(0x000000fc89d00000,0x000000fc89e00000)]
  0x000002c8389e2000 JavaThread "New I/O worker #7" daemon [_thread_in_native, id=584, stack(0x000000fc89e00000,0x000000fc89f00000)]
  0x000002c8389e3000 JavaThread "New I/O worker #8" daemon [_thread_in_native, id=15416, stack(0x000000fc89f00000,0x000000fc8a000000)]
  0x000002c839f27000 JavaThread "New I/O worker #9" daemon [_thread_in_native, id=12560, stack(0x000000fc8a000000,0x000000fc8a100000)]
  0x000002c839f27800 JavaThread "New I/O boss #10" daemon [_thread_in_native, id=7244, stack(0x000000fc8a100000,0x000000fc8a200000)]
  0x000002c839f29800 JavaThread "DubboClientReconnectTimer-thread-1" daemon [_thread_blocked, id=12592, stack(0x000000fc8a200000,0x000000fc8a300000)]
  0x000002c839f2a000 JavaThread "Hashed wheel timer #1" [_thread_blocked, id=10084, stack(0x000000fc8a300000,0x000000fc8a400000)]
  0x000002c839f28800 JavaThread "DubboClientHandler-192.168.137.1:20881-thread-1" daemon [_thread_blocked, id=11892, stack(0x000000fc8a400000,0x000000fc8a500000)]
  0x000002c839f25800 JavaThread "dubbo-remoting-client-heartbeat-thread-1" daemon [_thread_blocked, id=3612, stack(0x000000fc8a500000,0x000000fc8a600000)]
  0x000002c839f24800 JavaThread "ContainerBackgroundProcessor[StandardEngine[Tomcat]]" daemon [_thread_blocked, id=3140, stack(0x000000fc8a600000,0x000000fc8a700000)]
  0x000002c839f2b000 JavaThread "http-bio-9102-Acceptor-0" daemon [_thread_in_native, id=1360, stack(0x000000fc8a700000,0x000000fc8a800000)]
  0x000002c839f2c000 JavaThread "http-bio-9102-AsyncTimeout" daemon [_thread_blocked, id=13584, stack(0x000000fc8a800000,0x000000fc8a900000)]
  0x000002c839f26000 JavaThread "http-bio-9102-exec-1" daemon [_thread_in_vm, id=6240, stack(0x000000fc8a900000,0x000000fc8aa00000)]
  0x000002c839f30000 JavaThread "http-bio-9102-exec-2" daemon [_thread_blocked, id=9388, stack(0x000000fc8aa00000,0x000000fc8ab00000)]

Other Threads:
  0x000002c836880800 VMThread "VM Thread" [stack: 0x000000fc87b00000,0x000000fc87c00000] [id=12316]
  0x000002c8372e1000 WatcherThread [stack: 0x000000fc88700000,0x000000fc88800000] [id=8264]
  0x000002c815930000 GCTaskThread "GC Thread#0" [stack: 0x000000fc87600000,0x000000fc87700000] [id=16704]
  0x000002c837c94000 GCTaskThread "GC Thread#1" [stack: 0x000000fc88900000,0x000000fc88a00000] [id=17308]
  0x000002c837c95000 GCTaskThread "GC Thread#2" [stack: 0x000000fc88a00000,0x000000fc88b00000] [id=14632]
  0x000002c83f687000 GCTaskThread "GC Thread#3" [stack: 0x000000fc89000000,0x000000fc89100000] [id=16568]
  0x000002c815941800 ConcurrentGCThread "G1 Main Marker" [stack: 0x000000fc87700000,0x000000fc87800000] [id=16812]
  0x000002c815943800 ConcurrentGCThread "G1 Conc#0" [stack: 0x000000fc87800000,0x000000fc87900000] [id=17220]
  0x000002c8379f7800 ConcurrentGCThread "G1 Conc#1" [stack: 0x000000fc88b00000,0x000000fc88c00000] [id=17040]
  0x000002c8366f2800 ConcurrentGCThread "G1 Refine#0" [stack: 0x000000fc87900000,0x000000fc87a00000] [id=16700]
  0x000002c83cd7a800 ConcurrentGCThread "G1 Refine#1" [stack: 0x000000fc88e00000,0x000000fc88f00000] [id=16240]
  0x000002c839065800 ConcurrentGCThread "G1 Refine#2" [stack: 0x000000fc88f00000,0x000000fc89000000] [id=17404]
  0x000002c8366f5000 ConcurrentGCThread "G1 Young RemSet Sampling" [stack: 0x000000fc87a00000,0x000000fc87b00000] [id=17228]

Threads with active compile tasks:
C2 CompilerThread0    25168 7481   !   4       java.net.URLClassLoader::findClass (47 bytes)
C2 CompilerThread1    25168 7482   !   4       java.net.URLClassLoader$1::run (63 bytes)

VM state:not at safepoint (normal execution)

VM Mutex/Monitor currently owned by a thread: None

Heap address: 0x0000000082000000, size: 2016 MB, Compressed Oops mode: 32-bit
Narrow klass base: 0x0000000800000000, Narrow klass shift: 3
Compressed class space size: 1073741824 Address: 0x0000000800b30000

Heap:
 garbage-first heap   total 181248K, used 105377K [0x0000000082000000, 0x0000000100000000)
  region size 1024K, 69 young (70656K), 7 survivors (7168K)
 Metaspace       used 47157K, capacity 48222K, committed 48380K, reserved 1091584K
  class space    used 5428K, capacity 5812K, committed 5888K, reserved 1048576K
Heap Regions: E=young(eden), S=young(survivor), O=old, HS=humongous(starts), HC=humongous(continues), CS=collection set, F=free, OA=open archive, CA=closed archive, TAMS=top-at-mark-start (previous, next)
|   0|0x0000000082000000, 0x0000000082100000, 0x0000000082100000|100%| O|  |TAMS 0x0000000082100000, 0x0000000082000000| Untracked 
|   1|0x0000000082100000, 0x0000000082200000, 0x0000000082200000|100%| O|  |TAMS 0x0000000082200000, 0x0000000082100000| Untracked 
|   2|0x0000000082200000, 0x0000000082300000, 0x0000000082300000|100%| O|  |TAMS 0x0000000082300000, 0x0000000082200000| Untracked 
|   3|0x0000000082300000, 0x0000000082400000, 0x0000000082400000|100%| O|  |TAMS 0x0000000082400000, 0x0000000082300000| Untracked 
|   4|0x0000000082400000, 0x0000000082500000, 0x0000000082500000|100%| O|  |TAMS 0x0000000082500000, 0x0000000082400000| Untracked 
|   5|0x0000000082500000, 0x0000000082600000, 0x0000000082600000|100%| O|  |TAMS 0x0000000082500000, 0x0000000082500000| Untracked 
|   6|0x0000000082600000, 0x0000000082700000, 0x0000000082700000|100%| O|  |TAMS 0x0000000082700000, 0x0000000082600000| Untracked 
|   7|0x0000000082700000, 0x0000000082800000, 0x0000000082800000|100%| O|  |TAMS 0x0000000082800000, 0x0000000082700000| Untracked 
|   8|0x0000000082800000, 0x0000000082900000, 0x0000000082900000|100%| O|  |TAMS 0x0000000082900000, 0x0000000082800000| Untracked 
|   9|0x0000000082900000, 0x0000000082a00000, 0x0000000082a00000|100%| O|  |TAMS 0x0000000082a00000, 0x0000000082900000| Untracked 
|  10|0x0000000082a00000, 0x0000000082b00000, 0x0000000082b00000|100%| O|  |TAMS 0x0000000082b00000, 0x0000000082a00000| Untracked 
|  11|0x0000000082b00000, 0x0000000082c00000, 0x0000000082c00000|100%| O|  |TAMS 0x0000000082c00000, 0x0000000082b00000| Untracked 
|  12|0x0000000082c00000, 0x0000000082d00000, 0x0000000082d00000|100%| O|  |TAMS 0x0000000082d00000, 0x0000000082c00000| Untracked 
|  13|0x0000000082d00000, 0x0000000082e00000, 0x0000000082e00000|100%| O|  |TAMS 0x0000000082e00000, 0x0000000082d00000| Untracked 
|  14|0x0000000082e00000, 0x0000000082f00000, 0x0000000082f00000|100%| O|  |TAMS 0x0000000082f00000, 0x0000000082e00000| Untracked 
|  15|0x0000000082f00000, 0x0000000083000000, 0x0000000083000000|100%| O|  |TAMS 0x0000000082f00000, 0x0000000082f00000| Untracked 
|  16|0x0000000083000000, 0x0000000083100000, 0x0000000083100000|100%| O|  |TAMS 0x0000000083100000, 0x0000000083000000| Untracked 
|  17|0x0000000083100000, 0x0000000083200000, 0x0000000083200000|100%| O|  |TAMS 0x0000000083100000, 0x0000000083100000| Untracked 
|  18|0x0000000083200000, 0x0000000083300000, 0x0000000083300000|100%| O|  |TAMS 0x0000000083300000, 0x0000000083200000| Untracked 
|  19|0x0000000083300000, 0x0000000083400000, 0x0000000083400000|100%| O|  |TAMS 0x0000000083300000, 0x0000000083300000| Untracked 
|  20|0x0000000083400000, 0x0000000083500000, 0x0000000083500000|100%| O|  |TAMS 0x0000000083400000, 0x0000000083400000| Untracked 
|  21|0x0000000083500000, 0x0000000083600000, 0x0000000083600000|100%| O|  |TAMS 0x0000000083500000, 0x0000000083500000| Untracked 
|  22|0x0000000083600000, 0x0000000083700000, 0x0000000083700000|100%| O|  |TAMS 0x0000000083600000, 0x0000000083600000| Untracked 
|  23|0x0000000083700000, 0x0000000083800000, 0x0000000083800000|100%| O|  |TAMS 0x0000000083800000, 0x0000000083700000| Untracked 
|  24|0x0000000083800000, 0x0000000083900000, 0x0000000083900000|100%| O|  |TAMS 0x0000000083900000, 0x0000000083800000| Untracked 
|  25|0x0000000083900000, 0x0000000083a00000, 0x0000000083a00000|100%| O|  |TAMS 0x0000000083a00000, 0x0000000083900000| Untracked 
|  26|0x0000000083a00000, 0x0000000083b00000, 0x0000000083b00000|100%| O|  |TAMS 0x0000000083ad0c00, 0x0000000083a00000| Untracked 
|  27|0x0000000083b00000, 0x0000000083c00000, 0x0000000083c00000|100%| O|  |TAMS 0x0000000083b00000, 0x0000000083b00000| Untracked 
|  28|0x0000000083c00000, 0x0000000083d00000, 0x0000000083d00000|100%| O|  |TAMS 0x0000000083c00000, 0x0000000083c00000| Untracked 
|  29|0x0000000083d00000, 0x0000000083e00000, 0x0000000083e00000|100%| O|  |TAMS 0x0000000083d00000, 0x0000000083d00000| Untracked 
|  30|0x0000000083e00000, 0x0000000083f00000, 0x0000000083f00000|100%| O|  |TAMS 0x0000000083e00000, 0x0000000083e00000| Untracked 
|  31|0x0000000083f00000, 0x0000000084000000, 0x0000000084000000|100%| O|  |TAMS 0x0000000083f00000, 0x0000000083f00000| Untracked 
|  32|0x0000000084000000, 0x0000000084100000, 0x0000000084100000|100%| O|  |TAMS 0x0000000084000000, 0x0000000084000000| Untracked 
|  33|0x0000000084100000, 0x0000000084200000, 0x0000000084200000|100%| O|  |TAMS 0x0000000084100000, 0x0000000084100000| Untracked 
|  34|0x0000000084200000, 0x0000000084300000, 0x0000000084300000|100%| O|  |TAMS 0x0000000084200000, 0x0000000084200000| Untracked 
|  35|0x0000000084300000, 0x0000000084369800, 0x0000000084400000| 41%| O|  |TAMS 0x0000000084300000, 0x0000000084300000| Untracked 
|  36|0x0000000084400000, 0x0000000084400000, 0x0000000084500000|  0%| F|  |TAMS 0x0000000084400000, 0x0000000084400000| Untracked 
|  37|0x0000000084500000, 0x0000000084500000, 0x0000000084600000|  0%| F|  |TAMS 0x0000000084500000, 0x0000000084500000| Untracked 
|  38|0x0000000084600000, 0x0000000084600000, 0x0000000084700000|  0%| F|  |TAMS 0x0000000084600000, 0x0000000084600000| Untracked 
|  39|0x0000000084700000, 0x0000000084700000, 0x0000000084800000|  0%| F|  |TAMS 0x0000000084700000, 0x0000000084700000| Untracked 
|  40|0x0000000084800000, 0x0000000084800000, 0x0000000084900000|  0%| F|  |TAMS 0x0000000084800000, 0x0000000084800000| Untracked 
|  41|0x0000000084900000, 0x0000000084900000, 0x0000000084a00000|  0%| F|  |TAMS 0x0000000084900000, 0x0000000084900000| Untracked 
|  42|0x0000000084a00000, 0x0000000084a00000, 0x0000000084b00000|  0%| F|  |TAMS 0x0000000084a00000, 0x0000000084a00000| Untracked 
|  43|0x0000000084b00000, 0x0000000084b00000, 0x0000000084c00000|  0%| F|  |TAMS 0x0000000084b00000, 0x0000000084b00000| Untracked 
|  44|0x0000000084c00000, 0x0000000084c00000, 0x0000000084d00000|  0%| F|  |TAMS 0x0000000084c00000, 0x0000000084c00000| Untracked 
|  45|0x0000000084d00000, 0x0000000084d00000, 0x0000000084e00000|  0%| F|  |TAMS 0x0000000084d00000, 0x0000000084d00000| Untracked 
|  46|0x0000000084e00000, 0x0000000084e00000, 0x0000000084f00000|  0%| F|  |TAMS 0x0000000084e00000, 0x0000000084e00000| Untracked 
|  47|0x0000000084f00000, 0x0000000084f00000, 0x0000000085000000|  0%| F|  |TAMS 0x0000000084f00000, 0x0000000084f00000| Untracked 
|  48|0x0000000085000000, 0x0000000085000000, 0x0000000085100000|  0%| F|  |TAMS 0x0000000085000000, 0x0000000085000000| Untracked 
|  49|0x0000000085100000, 0x0000000085100000, 0x0000000085200000|  0%| F|  |TAMS 0x0000000085100000, 0x0000000085100000| Untracked 
|  50|0x0000000085200000, 0x0000000085200000, 0x0000000085300000|  0%| F|  |TAMS 0x0000000085200000, 0x0000000085200000| Untracked 
|  51|0x0000000085300000, 0x0000000085300000, 0x0000000085400000|  0%| F|  |TAMS 0x0000000085300000, 0x0000000085300000| Untracked 
|  52|0x0000000085400000, 0x0000000085400000, 0x0000000085500000|  0%| F|  |TAMS 0x0000000085400000, 0x0000000085400000| Untracked 
|  53|0x0000000085500000, 0x0000000085500000, 0x0000000085600000|  0%| F|  |TAMS 0x0000000085500000, 0x0000000085500000| Untracked 
|  54|0x0000000085600000, 0x0000000085600000, 0x0000000085700000|  0%| F|  |TAMS 0x0000000085600000, 0x0000000085600000| Untracked 
|  55|0x0000000085700000, 0x0000000085700000, 0x0000000085800000|  0%| F|  |TAMS 0x0000000085700000, 0x0000000085700000| Untracked 
|  56|0x0000000085800000, 0x0000000085800000, 0x0000000085900000|  0%| F|  |TAMS 0x0000000085800000, 0x0000000085800000| Untracked 
|  57|0x0000000085900000, 0x0000000085900000, 0x0000000085a00000|  0%| F|  |TAMS 0x0000000085900000, 0x0000000085900000| Untracked 
|  58|0x0000000085a00000, 0x0000000085a00000, 0x0000000085b00000|  0%| F|  |TAMS 0x0000000085a00000, 0x0000000085a00000| Untracked 
|  59|0x0000000085b00000, 0x0000000085b00000, 0x0000000085c00000|  0%| F|  |TAMS 0x0000000085b00000, 0x0000000085b00000| Untracked 
|  60|0x0000000085c00000, 0x0000000085c00000, 0x0000000085d00000|  0%| F|  |TAMS 0x0000000085c00000, 0x0000000085c00000| Untracked 
|  61|0x0000000085d00000, 0x0000000085d00000, 0x0000000085e00000|  0%| F|  |TAMS 0x0000000085d00000, 0x0000000085d00000| Untracked 
|  62|0x0000000085e00000, 0x0000000085e00000, 0x0000000085f00000|  0%| F|  |TAMS 0x0000000085e00000, 0x0000000085e00000| Untracked 
|  63|0x0000000085f00000, 0x0000000085f7ee00, 0x0000000086000000| 49%| S|CS|TAMS 0x0000000085f00000, 0x0000000085f00000| Complete 
|  64|0x0000000086000000, 0x0000000086100000, 0x0000000086100000|100%| S|CS|TAMS 0x0000000086000000, 0x0000000086000000| Complete 
|  65|0x0000000086100000, 0x0000000086200000, 0x0000000086200000|100%| S|CS|TAMS 0x0000000086100000, 0x0000000086100000| Complete 
|  66|0x0000000086200000, 0x0000000086300000, 0x0000000086300000|100%| S|CS|TAMS 0x0000000086200000, 0x0000000086200000| Complete 
|  67|0x0000000086300000, 0x0000000086400000, 0x0000000086400000|100%| S|CS|TAMS 0x0000000086300000, 0x0000000086300000| Complete 
|  68|0x0000000086400000, 0x0000000086500000, 0x0000000086500000|100%| S|CS|TAMS 0x0000000086400000, 0x0000000086400000| Complete 
|  69|0x0000000086500000, 0x0000000086500000, 0x0000000086600000|  0%| F|  |TAMS 0x0000000086500000, 0x0000000086500000| Untracked 
|  70|0x0000000086600000, 0x0000000086600000, 0x0000000086700000|  0%| F|  |TAMS 0x0000000086600000, 0x0000000086600000| Untracked 
|  71|0x0000000086700000, 0x0000000086700000, 0x0000000086800000|  0%| F|  |TAMS 0x0000000086700000, 0x0000000086700000| Untracked 
|  72|0x0000000086800000, 0x0000000086800000, 0x0000000086900000|  0%| F|  |TAMS 0x0000000086800000, 0x0000000086800000| Untracked 
|  73|0x0000000086900000, 0x0000000086900000, 0x0000000086a00000|  0%| F|  |TAMS 0x0000000086900000, 0x0000000086900000| Untracked 
|  74|0x0000000086a00000, 0x0000000086a00000, 0x0000000086b00000|  0%| F|  |TAMS 0x0000000086a00000, 0x0000000086a00000| Untracked 
|  75|0x0000000086b00000, 0x0000000086c00000, 0x0000000086c00000|100%| S|CS|TAMS 0x0000000086b00000, 0x0000000086b00000| Complete 
|  76|0x0000000086c00000, 0x0000000086c00000, 0x0000000086d00000|  0%| F|  |TAMS 0x0000000086c00000, 0x0000000086c00000| Untracked 
|  77|0x0000000086d00000, 0x0000000086d00000, 0x0000000086e00000|  0%| F|  |TAMS 0x0000000086d00000, 0x0000000086d00000| Untracked 
|  78|0x0000000086e00000, 0x0000000086e00000, 0x0000000086f00000|  0%| F|  |TAMS 0x0000000086e00000, 0x0000000086e00000| Untracked 
|  79|0x0000000086f00000, 0x0000000086f00000, 0x0000000087000000|  0%| F|  |TAMS 0x0000000086f00000, 0x0000000086f00000| Untracked 
|  80|0x0000000087000000, 0x0000000087000000, 0x0000000087100000|  0%| F|  |TAMS 0x0000000087000000, 0x0000000087000000| Untracked 
|  81|0x0000000087100000, 0x0000000087100000, 0x0000000087200000|  0%| F|  |TAMS 0x0000000087100000, 0x0000000087100000| Untracked 
|  82|0x0000000087200000, 0x0000000087200000, 0x0000000087300000|  0%| F|  |TAMS 0x0000000087200000, 0x0000000087200000| Untracked 
|  83|0x0000000087300000, 0x0000000087300000, 0x0000000087400000|  0%| F|  |TAMS 0x0000000087300000, 0x0000000087300000| Untracked 
|  84|0x0000000087400000, 0x0000000087400000, 0x0000000087500000|  0%| F|  |TAMS 0x0000000087400000, 0x0000000087400000| Untracked 
|  85|0x0000000087500000, 0x0000000087500000, 0x0000000087600000|  0%| F|  |TAMS 0x0000000087500000, 0x0000000087500000| Untracked 
|  86|0x0000000087600000, 0x0000000087600000, 0x0000000087700000|  0%| F|  |TAMS 0x0000000087600000, 0x0000000087600000| Untracked 
|  87|0x0000000087700000, 0x0000000087700000, 0x0000000087800000|  0%| F|  |TAMS 0x0000000087700000, 0x0000000087700000| Untracked 
|  88|0x0000000087800000, 0x0000000087800000, 0x0000000087900000|  0%| F|  |TAMS 0x0000000087800000, 0x0000000087800000| Untracked 
|  89|0x0000000087900000, 0x0000000087900000, 0x0000000087a00000|  0%| F|  |TAMS 0x0000000087900000, 0x0000000087900000| Untracked 
|  90|0x0000000087a00000, 0x0000000087a00000, 0x0000000087b00000|  0%| F|  |TAMS 0x0000000087a00000, 0x0000000087a00000| Untracked 
|  91|0x0000000087b00000, 0x0000000087b00000, 0x0000000087c00000|  0%| F|  |TAMS 0x0000000087b00000, 0x0000000087b00000| Untracked 
|  92|0x0000000087c00000, 0x0000000087c00000, 0x0000000087d00000|  0%| F|  |TAMS 0x0000000087c00000, 0x0000000087c00000| Untracked 
|  93|0x0000000087d00000, 0x0000000087d00000, 0x0000000087e00000|  0%| F|  |TAMS 0x0000000087d00000, 0x0000000087d00000| Untracked 
|  94|0x0000000087e00000, 0x0000000087e00000, 0x0000000087f00000|  0%| F|  |TAMS 0x0000000087e00000, 0x0000000087e00000| Untracked 
|  95|0x0000000087f00000, 0x0000000087f00000, 0x0000000088000000|  0%| F|  |TAMS 0x0000000087f00000, 0x0000000087f00000| Untracked 
|  96|0x0000000088000000, 0x0000000088000000, 0x0000000088100000|  0%| F|  |TAMS 0x0000000088000000, 0x0000000088000000| Untracked 
|  97|0x0000000088100000, 0x0000000088100000, 0x0000000088200000|  0%| F|  |TAMS 0x0000000088100000, 0x0000000088100000| Untracked 
|  98|0x0000000088200000, 0x0000000088200000, 0x0000000088300000|  0%| F|  |TAMS 0x0000000088200000, 0x0000000088200000| Untracked 
|  99|0x0000000088300000, 0x0000000088300000, 0x0000000088400000|  0%| F|  |TAMS 0x0000000088300000, 0x0000000088300000| Untracked 
| 100|0x0000000088400000, 0x0000000088400000, 0x0000000088500000|  0%| F|  |TAMS 0x0000000088400000, 0x0000000088400000| Untracked 
| 101|0x0000000088500000, 0x0000000088500000, 0x0000000088600000|  0%| F|  |TAMS 0x0000000088500000, 0x0000000088500000| Untracked 
| 102|0x0000000088600000, 0x0000000088600000, 0x0000000088700000|  0%| F|  |TAMS 0x0000000088600000, 0x0000000088600000| Untracked 
| 103|0x0000000088700000, 0x0000000088700000, 0x0000000088800000|  0%| F|  |TAMS 0x0000000088700000, 0x0000000088700000| Untracked 
| 104|0x0000000088800000, 0x0000000088800000, 0x0000000088900000|  0%| F|  |TAMS 0x0000000088800000, 0x0000000088800000| Untracked 
| 105|0x0000000088900000, 0x0000000088900000, 0x0000000088a00000|  0%| F|  |TAMS 0x0000000088900000, 0x0000000088900000| Untracked 
| 106|0x0000000088a00000, 0x0000000088a00000, 0x0000000088b00000|  0%| F|  |TAMS 0x0000000088a00000, 0x0000000088a00000| Untracked 
| 107|0x0000000088b00000, 0x0000000088b00000, 0x0000000088c00000|  0%| F|  |TAMS 0x0000000088b00000, 0x0000000088b00000| Untracked 
| 108|0x0000000088c00000, 0x0000000088c00000, 0x0000000088d00000|  0%| F|  |TAMS 0x0000000088c00000, 0x0000000088c00000| Untracked 
| 109|0x0000000088d00000, 0x0000000088d00000, 0x0000000088e00000|  0%| F|  |TAMS 0x0000000088d00000, 0x0000000088d00000| Untracked 
| 110|0x0000000088e00000, 0x0000000088e00000, 0x0000000088f00000|  0%| F|  |TAMS 0x0000000088e00000, 0x0000000088e00000| Untracked 
| 111|0x0000000088f00000, 0x0000000088f00000, 0x0000000089000000|  0%| F|  |TAMS 0x0000000088f00000, 0x0000000088f00000| Untracked 
| 112|0x0000000089000000, 0x0000000089000000, 0x0000000089100000|  0%| F|  |TAMS 0x0000000089000000, 0x0000000089000000| Untracked 
| 113|0x0000000089100000, 0x0000000089100000, 0x0000000089200000|  0%| F|  |TAMS 0x0000000089100000, 0x0000000089100000| Untracked 
| 114|0x0000000089200000, 0x0000000089300000, 0x0000000089300000|100%| E|  |TAMS 0x0000000089200000, 0x0000000089200000| Complete 
| 115|0x0000000089300000, 0x0000000089400000, 0x0000000089400000|100%| E|  |TAMS 0x0000000089300000, 0x0000000089300000| Complete 
| 116|0x0000000089400000, 0x0000000089500000, 0x0000000089500000|100%| E|CS|TAMS 0x0000000089400000, 0x0000000089400000| Complete 
| 117|0x0000000089500000, 0x0000000089600000, 0x0000000089600000|100%| E|CS|TAMS 0x0000000089500000, 0x0000000089500000| Complete 
| 118|0x0000000089600000, 0x0000000089700000, 0x0000000089700000|100%| E|CS|TAMS 0x0000000089600000, 0x0000000089600000| Complete 
| 119|0x0000000089700000, 0x0000000089800000, 0x0000000089800000|100%| E|CS|TAMS 0x0000000089700000, 0x0000000089700000| Complete 
| 120|0x0000000089800000, 0x0000000089900000, 0x0000000089900000|100%| E|CS|TAMS 0x0000000089800000, 0x0000000089800000| Complete 
| 121|0x0000000089900000, 0x0000000089a00000, 0x0000000089a00000|100%| E|CS|TAMS 0x0000000089900000, 0x0000000089900000| Complete 
| 122|0x0000000089a00000, 0x0000000089b00000, 0x0000000089b00000|100%| E|CS|TAMS 0x0000000089a00000, 0x0000000089a00000| Complete 
| 123|0x0000000089b00000, 0x0000000089c00000, 0x0000000089c00000|100%| E|CS|TAMS 0x0000000089b00000, 0x0000000089b00000| Complete 
| 124|0x0000000089c00000, 0x0000000089d00000, 0x0000000089d00000|100%| E|CS|TAMS 0x0000000089c00000, 0x0000000089c00000| Complete 
| 125|0x0000000089d00000, 0x0000000089e00000, 0x0000000089e00000|100%| E|CS|TAMS 0x0000000089d00000, 0x0000000089d00000| Complete 
| 126|0x0000000089e00000, 0x0000000089f00000, 0x0000000089f00000|100%| E|CS|TAMS 0x0000000089e00000, 0x0000000089e00000| Complete 
| 127|0x0000000089f00000, 0x000000008a000000, 0x000000008a000000|100%| E|CS|TAMS 0x0000000089f00000, 0x0000000089f00000| Complete 
| 128|0x000000008a000000, 0x000000008a100000, 0x000000008a100000|100%| E|CS|TAMS 0x000000008a000000, 0x000000008a000000| Complete 
| 129|0x000000008a100000, 0x000000008a200000, 0x000000008a200000|100%| E|CS|TAMS 0x000000008a100000, 0x000000008a100000| Complete 
| 130|0x000000008a200000, 0x000000008a300000, 0x000000008a300000|100%| E|CS|TAMS 0x000000008a200000, 0x000000008a200000| Complete 
| 131|0x000000008a300000, 0x000000008a400000, 0x000000008a400000|100%| E|CS|TAMS 0x000000008a300000, 0x000000008a300000| Complete 
| 132|0x000000008a400000, 0x000000008a500000, 0x000000008a500000|100%| E|CS|TAMS 0x000000008a400000, 0x000000008a400000| Complete 
| 133|0x000000008a500000, 0x000000008a600000, 0x000000008a600000|100%| E|CS|TAMS 0x000000008a500000, 0x000000008a500000| Complete 
| 134|0x000000008a600000, 0x000000008a700000, 0x000000008a700000|100%| E|CS|TAMS 0x000000008a600000, 0x000000008a600000| Complete 
| 135|0x000000008a700000, 0x000000008a800000, 0x000000008a800000|100%| E|CS|TAMS 0x000000008a700000, 0x000000008a700000| Complete 
| 136|0x000000008a800000, 0x000000008a900000, 0x000000008a900000|100%| E|CS|TAMS 0x000000008a800000, 0x000000008a800000| Complete 
| 137|0x000000008a900000, 0x000000008aa00000, 0x000000008aa00000|100%| E|CS|TAMS 0x000000008a900000, 0x000000008a900000| Complete 
| 138|0x000000008aa00000, 0x000000008ab00000, 0x000000008ab00000|100%| E|CS|TAMS 0x000000008aa00000, 0x000000008aa00000| Complete 
| 139|0x000000008ab00000, 0x000000008ac00000, 0x000000008ac00000|100%| E|CS|TAMS 0x000000008ab00000, 0x000000008ab00000| Complete 
| 140|0x000000008ac00000, 0x000000008ad00000, 0x000000008ad00000|100%| E|CS|TAMS 0x000000008ac00000, 0x000000008ac00000| Complete 
| 141|0x000000008ad00000, 0x000000008ae00000, 0x000000008ae00000|100%| E|CS|TAMS 0x000000008ad00000, 0x000000008ad00000| Complete 
| 142|0x000000008ae00000, 0x000000008af00000, 0x000000008af00000|100%| E|CS|TAMS 0x000000008ae00000, 0x000000008ae00000| Complete 
| 143|0x000000008af00000, 0x000000008b000000, 0x000000008b000000|100%| E|CS|TAMS 0x000000008af00000, 0x000000008af00000| Complete 
| 144|0x000000008b000000, 0x000000008b100000, 0x000000008b100000|100%| E|CS|TAMS 0x000000008b000000, 0x000000008b000000| Complete 
| 145|0x000000008b100000, 0x000000008b200000, 0x000000008b200000|100%| E|CS|TAMS 0x000000008b100000, 0x000000008b100000| Complete 
| 146|0x000000008b200000, 0x000000008b300000, 0x000000008b300000|100%| E|CS|TAMS 0x000000008b200000, 0x000000008b200000| Complete 
| 147|0x000000008b300000, 0x000000008b400000, 0x000000008b400000|100%| E|CS|TAMS 0x000000008b300000, 0x000000008b300000| Complete 
| 148|0x000000008b400000, 0x000000008b500000, 0x000000008b500000|100%| E|CS|TAMS 0x000000008b400000, 0x000000008b400000| Complete 
| 149|0x000000008b500000, 0x000000008b600000, 0x000000008b600000|100%| E|CS|TAMS 0x000000008b500000, 0x000000008b500000| Complete 
| 150|0x000000008b600000, 0x000000008b700000, 0x000000008b700000|100%| E|CS|TAMS 0x000000008b600000, 0x000000008b600000| Complete 
| 151|0x000000008b700000, 0x000000008b800000, 0x000000008b800000|100%| E|CS|TAMS 0x000000008b700000, 0x000000008b700000| Complete 
| 152|0x000000008b800000, 0x000000008b900000, 0x000000008b900000|100%| E|CS|TAMS 0x000000008b800000, 0x000000008b800000| Complete 
| 153|0x000000008b900000, 0x000000008ba00000, 0x000000008ba00000|100%| E|CS|TAMS 0x000000008b900000, 0x000000008b900000| Complete 
| 154|0x000000008ba00000, 0x000000008bb00000, 0x000000008bb00000|100%| E|CS|TAMS 0x000000008ba00000, 0x000000008ba00000| Complete 
| 155|0x000000008bb00000, 0x000000008bc00000, 0x000000008bc00000|100%| E|CS|TAMS 0x000000008bb00000, 0x000000008bb00000| Complete 
| 156|0x000000008bc00000, 0x000000008bd00000, 0x000000008bd00000|100%| E|CS|TAMS 0x000000008bc00000, 0x000000008bc00000| Complete 
| 157|0x000000008bd00000, 0x000000008be00000, 0x000000008be00000|100%| E|CS|TAMS 0x000000008bd00000, 0x000000008bd00000| Complete 
| 158|0x000000008be00000, 0x000000008bf00000, 0x000000008bf00000|100%| E|CS|TAMS 0x000000008be00000, 0x000000008be00000| Complete 
| 159|0x000000008bf00000, 0x000000008c000000, 0x000000008c000000|100%| E|CS|TAMS 0x000000008bf00000, 0x000000008bf00000| Complete 
| 160|0x000000008c000000, 0x000000008c100000, 0x000000008c100000|100%| E|CS|TAMS 0x000000008c000000, 0x000000008c000000| Complete 
| 161|0x000000008c100000, 0x000000008c200000, 0x000000008c200000|100%| E|CS|TAMS 0x000000008c100000, 0x000000008c100000| Complete 
| 162|0x000000008c200000, 0x000000008c300000, 0x000000008c300000|100%| E|CS|TAMS 0x000000008c200000, 0x000000008c200000| Complete 
| 163|0x000000008c300000, 0x000000008c400000, 0x000000008c400000|100%| E|CS|TAMS 0x000000008c300000, 0x000000008c300000| Complete 
| 164|0x000000008c400000, 0x000000008c500000, 0x000000008c500000|100%| E|CS|TAMS 0x000000008c400000, 0x000000008c400000| Complete 
| 165|0x000000008c500000, 0x000000008c600000, 0x000000008c600000|100%| E|CS|TAMS 0x000000008c500000, 0x000000008c500000| Complete 
| 166|0x000000008c600000, 0x000000008c700000, 0x000000008c700000|100%| E|CS|TAMS 0x000000008c600000, 0x000000008c600000| Complete 
| 167|0x000000008c700000, 0x000000008c800000, 0x000000008c800000|100%| E|CS|TAMS 0x000000008c700000, 0x000000008c700000| Complete 
| 168|0x000000008c800000, 0x000000008c900000, 0x000000008c900000|100%| E|CS|TAMS 0x000000008c800000, 0x000000008c800000| Complete 
| 169|0x000000008c900000, 0x000000008ca00000, 0x000000008ca00000|100%| E|CS|TAMS 0x000000008c900000, 0x000000008c900000| Complete 
| 170|0x000000008ca00000, 0x000000008cb00000, 0x000000008cb00000|100%| E|CS|TAMS 0x000000008ca00000, 0x000000008ca00000| Complete 
| 171|0x000000008cb00000, 0x000000008cc00000, 0x000000008cc00000|100%| E|CS|TAMS 0x000000008cb00000, 0x000000008cb00000| Complete 
| 172|0x000000008cc00000, 0x000000008cd00000, 0x000000008cd00000|100%| E|CS|TAMS 0x000000008cc00000, 0x000000008cc00000| Complete 
| 173|0x000000008cd00000, 0x000000008ce00000, 0x000000008ce00000|100%| E|CS|TAMS 0x000000008cd00000, 0x000000008cd00000| Complete 
| 174|0x000000008ce00000, 0x000000008cf00000, 0x000000008cf00000|100%| E|CS|TAMS 0x000000008ce00000, 0x000000008ce00000| Complete 
| 175|0x000000008cf00000, 0x000000008d000000, 0x000000008d000000|100%| E|CS|TAMS 0x000000008cf00000, 0x000000008cf00000| Complete 
|2015|0x00000000fff00000, 0x0000000100000000, 0x0000000100000000|100%| O|  |TAMS 0x0000000100000000, 0x00000000fff00000| Untracked 

Card table byte_map: [0x000002c82f6c0000,0x000002c82fab0000] _byte_map_base: 0x000002c82f2b0000

Marking Bits (Prev, Next): (CMBitMap*) 0x000002c815930f28, (CMBitMap*) 0x000002c815930f68
 Prev Bits: [0x000002c82fea0000, 0x000002c831e20000)
 Next Bits: [0x000002c831e20000, 0x000002c833da0000)

Polling page: 0x000002c8156d0000

Metaspace:

Usage:
  Non-class:     41.48 MB capacity,    40.82 MB ( 98%) used,   578.24 KB (  1%) free+waste,    96.19 KB ( <1%) overhead. 
      Class:      5.71 MB capacity,     5.32 MB ( 93%) used,   356.86 KB (  6%) free+waste,    42.31 KB ( <1%) overhead. 
       Both:     47.19 MB capacity,    46.14 MB ( 98%) used,   935.10 KB (  2%) free+waste,   138.50 KB ( <1%) overhead. 

Virtual space:
  Non-class space:       42.00 MB reserved,      41.50 MB ( 99%) committed 
      Class space:        1.00 GB reserved,       5.75 MB ( <1%) committed 
             Both:        1.04 GB reserved,      47.25 MB (  4%) committed 

Chunk freelists:
   Non-Class:  18.00 KB
       Class:  12.00 KB
        Both:  30.00 KB

MaxMetaspaceSize: 17179869184.00 GB
CompressedClassSpaceSize: 1.00 GB

CodeHeap 'non-profiled nmethods': size=120000Kb used=4525Kb max_used=4525Kb free=115474Kb
 bounds [0x000002c827330000, 0x000002c8277a0000, 0x000002c82e860000]
CodeHeap 'profiled nmethods': size=120000Kb used=16211Kb max_used=16211Kb free=103788Kb
 bounds [0x000002c81fe00000, 0x000002c820de0000, 0x000002c827330000]
CodeHeap 'non-nmethods': size=5760Kb used=1296Kb max_used=1348Kb free=4464Kb
 bounds [0x000002c81f860000, 0x000002c81fad0000, 0x000002c81fe00000]
 total_blobs=7423 nmethods=6840 adapters=495
 compilation: enabled
              stopped_count=0, restarted_count=0
 full_count=0

Compilation events (20 events):
Event: 25.054 Thread 0x000002c8368ce000 7674       3       org.apache.catalina.core.DefaultInstanceManager::findLifecycleCallback (126 bytes)
Event: 25.056 Thread 0x000002c8368ce000 nmethod 7674 0x000002c820dbf790 code [0x000002c820dbfbe0, 0x000002c820dc1958]
Event: 25.060 Thread 0x000002c8368ce000 7676       3       java.util.StringTokenizer::hasMoreElements (5 bytes)
Event: 25.060 Thread 0x000002c8368ce000 nmethod 7676 0x000002c820dc2390 code [0x000002c820dc2540, 0x000002c820dc2788]
Event: 25.072 Thread 0x000002c8368ce000 7678       3       java.util.Calendar::internalGet (7 bytes)
Event: 25.072 Thread 0x000002c8368ce000 nmethod 7678 0x000002c820dc2890 code [0x000002c820dc2a20, 0x000002c820dc2b78]
Event: 25.072 Thread 0x000002c8368ce000 7679       1       org.apache.catalina.LifecycleState::getLifecycleEvent (5 bytes)
Event: 25.072 Thread 0x000002c8368ce000 nmethod 7679 0x000002c82779b190 code [0x000002c82779b320, 0x000002c82779b3f8]
Event: 25.076 Thread 0x000002c8368ce000 7680       3       java.util.EventObject::<init> (24 bytes)
Event: 25.077 Thread 0x000002c8368ce000 nmethod 7680 0x000002c820dc2c90 code [0x000002c820dc2e40, 0x000002c820dc3128]
Event: 25.085 Thread 0x000002c8368ce000 7681  s    3       jdk.internal.jimage.BasicImageReader::findLocation (115 bytes)
Event: 25.086 Thread 0x000002c8368ce000 nmethod 7681 0x000002c820dc3210 code [0x000002c820dc3520, 0x000002c820dc4778]
Event: 25.086 Thread 0x000002c8368ce000 7682   !   3       java.util.concurrent.ConcurrentHashMap::putVal (432 bytes)
Event: 25.088 Thread 0x000002c8368ce000 nmethod 7682 0x000002c820dc4d90 code [0x000002c820dc5100, 0x000002c820dc73b8]
Event: 25.088 Thread 0x000002c8368ce000 7683   !   3       java.util.ResourceBundle$Control::newBundle (459 bytes)
Event: 25.094 Thread 0x000002c8368ce000 nmethod 7683 0x000002c820dc7e90 code [0x000002c820dc87e0, 0x000002c820dcda98]
Event: 25.094 Thread 0x000002c8368ce000 7685       3       java.lang.reflect.Constructor::checkCanSetAccessible (29 bytes)
Event: 25.094 Thread 0x000002c8368ce000 nmethod 7685 0x000002c820dd0310 code [0x000002c820dd04e0, 0x000002c820dd07b8]
Event: 25.098 Thread 0x000002c8368ce000 7686       3       java.nio.charset.Charset::checkName (157 bytes)
Event: 25.099 Thread 0x000002c8368ce000 nmethod 7686 0x000002c820dd0910 code [0x000002c820dd0b80, 0x000002c820dd1958]

GC Heap History (20 events):
Event: 11.245 GC heap before
{Heap before GC invocations=16 (full 0):
 garbage-first heap   total 78848K, used 59826K [0x0000000082000000, 0x0000000100000000)
  region size 1024K, 31 young (31744K), 1 survivors (1024K)
 Metaspace       used 33283K, capacity 34180K, committed 34300K, reserved 1079296K
  class space    used 3754K, capacity 4084K, committed 4096K, reserved 1048576K
}
Event: 11.257 GC heap after
{Heap after GC invocations=17 (full 0):
 garbage-first heap   total 78848K, used 31847K [0x0000000082000000, 0x0000000100000000)
  region size 1024K, 3 young (3072K), 3 survivors (3072K)
 Metaspace       used 33283K, capacity 34180K, committed 34300K, reserved 1079296K
  class space    used 3754K, capacity 4084K, committed 4096K, reserved 1048576K
}
Event: 11.433 GC heap before
{Heap before GC invocations=17 (full 0):
 garbage-first heap   total 78848K, used 60519K [0x0000000082000000, 0x0000000100000000)
  region size 1024K, 31 young (31744K), 3 survivors (3072K)
 Metaspace       used 33283K, capacity 34180K, committed 34300K, reserved 1079296K
  class space    used 3754K, capacity 4084K, committed 4096K, reserved 1048576K
}
Event: 11.445 GC heap after
{Heap after GC invocations=18 (full 0):
 garbage-first heap   total 78848K, used 33089K [0x0000000082000000, 0x0000000100000000)
  region size 1024K, 3 young (3072K), 3 survivors (3072K)
 Metaspace       used 33283K, capacity 34180K, committed 34300K, reserved 1079296K
  class space    used 3754K, capacity 4084K, committed 4096K, reserved 1048576K
}
Event: 11.595 GC heap before
{Heap before GC invocations=18 (full 0):
 garbage-first heap   total 78848K, used 61761K [0x0000000082000000, 0x0000000100000000)
  region size 1024K, 31 young (31744K), 3 survivors (3072K)
 Metaspace       used 33298K, capacity 34188K, committed 34300K, reserved 1079296K
  class space    used 3755K, capacity 4084K, committed 4096K, reserved 1048576K
}
Event: 11.607 GC heap after
{Heap after GC invocations=19 (full 0):
 garbage-first heap   total 78848K, used 34794K [0x0000000082000000, 0x0000000100000000)
  region size 1024K, 3 young (3072K), 3 survivors (3072K)
 Metaspace       used 33298K, capacity 34188K, committed 34300K, reserved 1079296K
  class space    used 3755K, capacity 4084K, committed 4096K, reserved 1048576K
}
Event: 11.761 GC heap before
{Heap before GC invocations=19 (full 0):
 garbage-first heap   total 78848K, used 62442K [0x0000000082000000, 0x0000000100000000)
  region size 1024K, 30 young (30720K), 3 survivors (3072K)
 Metaspace       used 33300K, capacity 34188K, committed 34300K, reserved 1079296K
  class space    used 3755K, capacity 4084K, committed 4096K, reserved 1048576K
}
Event: 11.772 GC heap after
{Heap after GC invocations=20 (full 0):
 garbage-first heap   total 112640K, used 36033K [0x0000000082000000, 0x0000000100000000)
  region size 1024K, 3 young (3072K), 3 survivors (3072K)
 Metaspace       used 33300K, capacity 34188K, committed 34300K, reserved 1079296K
  class space    used 3755K, capacity 4084K, committed 4096K, reserved 1048576K
}
Event: 12.099 GC heap before
{Heap before GC invocations=20 (full 0):
 garbage-first heap   total 112640K, used 87233K [0x0000000082000000, 0x0000000100000000)
  region size 1024K, 53 young (54272K), 3 survivors (3072K)
 Metaspace       used 33300K, capacity 34188K, committed 34300K, reserved 1079296K
  class space    used 3755K, capacity 4084K, committed 4096K, reserved 1048576K
}
Event: 12.111 GC heap after
{Heap after GC invocations=21 (full 0):
 garbage-first heap   total 112640K, used 38316K [0x0000000082000000, 0x0000000100000000)
  region size 1024K, 5 young (5120K), 5 survivors (5120K)
 Metaspace       used 33300K, capacity 34188K, committed 34300K, reserved 1079296K
  class space    used 3755K, capacity 4084K, committed 4096K, reserved 1048576K
}
Event: 12.385 GC heap before
{Heap before GC invocations=21 (full 0):
 garbage-first heap   total 112640K, used 88492K [0x0000000082000000, 0x0000000100000000)
  region size 1024K, 54 young (55296K), 5 survivors (5120K)
 Metaspace       used 33300K, capacity 34188K, committed 34300K, reserved 1079296K
  class space    used 3755K, capacity 4084K, committed 4096K, reserved 1048576K
}
Event: 12.401 GC heap after
{Heap after GC invocations=22 (full 0):
 garbage-first heap   total 112640K, used 39247K [0x0000000082000000, 0x0000000100000000)
  region size 1024K, 4 young (4096K), 4 survivors (4096K)
 Metaspace       used 33300K, capacity 34188K, committed 34300K, reserved 1079296K
  class space    used 3755K, capacity 4084K, committed 4096K, reserved 1048576K
}
Event: 12.641 GC heap before
{Heap before GC invocations=22 (full 0):
 garbage-first heap   total 112640K, used 89423K [0x0000000082000000, 0x0000000100000000)
  region size 1024K, 53 young (54272K), 4 survivors (4096K)
 Metaspace       used 33316K, capacity 34258K, committed 34300K, reserved 1079296K
  class space    used 3758K, capacity 4086K, committed 4096K, reserved 1048576K
}
Event: 12.651 GC heap after
{Heap after GC invocations=23 (full 0):
 garbage-first heap   total 112640K, used 40388K [0x0000000082000000, 0x0000000100000000)
  region size 1024K, 4 young (4096K), 4 survivors (4096K)
 Metaspace       used 33316K, capacity 34258K, committed 34300K, reserved 1079296K
  class space    used 3758K, capacity 4086K, committed 4096K, reserved 1048576K
}
Event: 12.981 GC heap before
{Heap before GC invocations=23 (full 0):
 garbage-first heap   total 112640K, used 89540K [0x0000000082000000, 0x0000000100000000)
  region size 1024K, 52 young (53248K), 4 survivors (4096K)
 Metaspace       used 33316K, capacity 34258K, committed 34300K, reserved 1079296K
  class space    used 3758K, capacity 4086K, committed 4096K, reserved 1048576K
}
Event: 13.001 GC heap after
{Heap after GC invocations=24 (full 0):
 garbage-first heap   total 181248K, used 41382K [0x0000000082000000, 0x0000000100000000)
  region size 1024K, 4 young (4096K), 4 survivors (4096K)
 Metaspace       used 33316K, capacity 34258K, committed 34300K, reserved 1079296K
  class space    used 3758K, capacity 4086K, committed 4096K, reserved 1048576K
}
Event: 13.933 GC heap before
{Heap before GC invocations=24 (full 0):
 garbage-first heap   total 181248K, used 144806K [0x0000000082000000, 0x0000000100000000)
  region size 1024K, 105 young (107520K), 4 survivors (4096K)
 Metaspace       used 33327K, capacity 34260K, committed 34300K, reserved 1079296K
  class space    used 3758K, capacity 4088K, committed 4096K, reserved 1048576K
}
Event: 13.943 GC heap after
{Heap after GC invocations=25 (full 0):
 garbage-first heap   total 181248K, used 43313K [0x0000000082000000, 0x0000000100000000)
  region size 1024K, 6 young (6144K), 6 survivors (6144K)
 Metaspace       used 33327K, capacity 34260K, committed 34300K, reserved 1079296K
  class space    used 3758K, capacity 4088K, committed 4096K, reserved 1048576K
}
Event: 15.161 GC heap before
{Heap before GC invocations=25 (full 0):
 garbage-first heap   total 181248K, used 145713K [0x0000000082000000, 0x0000000100000000)
  region size 1024K, 106 young (108544K), 6 survivors (6144K)
 Metaspace       used 41861K, capacity 42797K, committed 43132K, reserved 1087488K
  class space    used 4780K, capacity 5141K, committed 5248K, reserved 1048576K
}
Event: 15.174 GC heap after
{Heap after GC invocations=26 (full 0):
 garbage-first heap   total 181248K, used 43937K [0x0000000082000000, 0x0000000100000000)
  region size 1024K, 7 young (7168K), 7 survivors (7168K)
 Metaspace       used 41861K, capacity 42797K, committed 43132K, reserved 1087488K
  class space    used 4780K, capacity 5141K, committed 5248K, reserved 1048576K
}

Deoptimization events (20 events):
Event: 24.572 Thread 0x000002c83875d800 DEOPT PACKING pc=0x000002c82738d900 sp=0x000000fc888febb0
Event: 24.572 Thread 0x000002c83875d800 DEOPT UNPACKING pc=0x000002c81f8a912f sp=0x000000fc888febb8 mode 2
Event: 24.627 Thread 0x000002c8389de800 Uncommon trap: trap_request=0xffffff45 fr.pc=0x000002c82744c2e0 relative=0x0000000000000680
Event: 24.627 Thread 0x000002c8389de800 Uncommon trap: reason=unstable_if action=reinterpret pc=0x000002c82744c2e0 method=java.io.BufferedWriter.min(II)I @ 2 c2
Event: 24.627 Thread 0x000002c8389de800 DEOPT PACKING pc=0x000002c82744c2e0 sp=0x000000fc897fee60
Event: 24.627 Thread 0x000002c8389de800 DEOPT UNPACKING pc=0x000002c81f8a912f sp=0x000000fc897fed90 mode 2
Event: 24.689 Thread 0x000002c839f27000 DEOPT PACKING pc=0x000002c8207667b3 sp=0x000000fc8a0fefd0
Event: 24.689 Thread 0x000002c839f27000 DEOPT UNPACKING pc=0x000002c81f8a964e sp=0x000000fc8a0fe428 mode 3
Event: 25.067 Thread 0x000002c837b65800 Uncommon trap: trap_request=0xffffff45 fr.pc=0x000002c8274c6a1c relative=0x0000000000001f5c
Event: 25.067 Thread 0x000002c837b65800 Uncommon trap: reason=unstable_if action=reinterpret pc=0x000002c8274c6a1c method=java.io.WinNTFileSystem.normalize(Ljava/lang/String;II)Ljava/lang/String; @ 152 c2
Event: 25.067 Thread 0x000002c837b65800 DEOPT PACKING pc=0x000002c8274c6a1c sp=0x000000fc88dfe750
Event: 25.067 Thread 0x000002c837b65800 DEOPT UNPACKING pc=0x000002c81f8a912f sp=0x000000fc88dfe728 mode 2
Event: 25.070 Thread 0x000002c837b65800 Uncommon trap: trap_request=0xffffff45 fr.pc=0x000002c82756a1d4 relative=0x0000000000002354
Event: 25.070 Thread 0x000002c837b65800 Uncommon trap: reason=unstable_if action=reinterpret pc=0x000002c82756a1d4 method=jdk.internal.jimage.ImageLocation.verify(Ljava/lang/String;Ljava/lang/String;[JLjdk/internal/jimage/ImageStrings;)Z @ 18 c2
Event: 25.070 Thread 0x000002c837b65800 DEOPT PACKING pc=0x000002c82756a1d4 sp=0x000000fc88dfe5c0
Event: 25.070 Thread 0x000002c837b65800 DEOPT UNPACKING pc=0x000002c81f8a912f sp=0x000000fc88dfe520 mode 2
Event: 25.082 Thread 0x000002c839f26000 Uncommon trap: trap_request=0xffffff45 fr.pc=0x000002c82773ed34 relative=0x0000000000000e94
Event: 25.082 Thread 0x000002c839f26000 Uncommon trap: reason=unstable_if action=reinterpret pc=0x000002c82773ed34 method=java.util.concurrent.ConcurrentHashMap.putVal(Ljava/lang/Object;Ljava/lang/Object;Z)Ljava/lang/Object; @ 97 c2
Event: 25.082 Thread 0x000002c839f26000 DEOPT PACKING pc=0x000002c82773ed34 sp=0x000000fc8a9fde50
Event: 25.082 Thread 0x000002c839f26000 DEOPT UNPACKING pc=0x000002c81f8a912f sp=0x000000fc8a9fddf8 mode 2

Classes unloaded (0 events):
No events

Classes redefined (0 events):
No events

Internal exceptions (20 events):
Event: 24.906 Thread 0x000002c837b65800 Exception <a 'java/lang/ClassNotFoundException'{0x0000000089c07268}: org/springframework/security/web/AuthenticationEntryPointCustomizer> (0x0000000089c07268) 
thrown [./open/src/hotspot/share/classfile/systemDictionary.cpp, line 226]
Event: 24.911 Thread 0x000002c837b65800 Exception <a 'java/lang/ClassNotFoundException'{0x0000000089c470e8}: org/springframework/security/web/session/SessionManagementFilterBeanInfo> (0x0000000089c470e8) 
thrown [./open/src/hotspot/share/classfile/systemDictionary.cpp, line 226]
Event: 24.911 Thread 0x000002c837b65800 Exception <a 'java/lang/ClassNotFoundException'{0x0000000089c5e510}: org/springframework/security/web/session/SessionManagementFilterCustomizer> (0x0000000089c5e510) 
thrown [./open/src/hotspot/share/classfile/systemDictionary.cpp, line 226]
Event: 24.917 Thread 0x000002c837b65800 Exception <a 'java/lang/ClassNotFoundException'{0x0000000089cc2a90}: org/springframework/security/web/access/ExceptionTranslationFilterBeanInfo> (0x0000000089cc2a90) 
thrown [./open/src/hotspot/share/classfile/systemDictionary.cpp, line 226]
Event: 24.918 Thread 0x000002c837b65800 Exception <a 'java/lang/ClassNotFoundException'{0x0000000089cda4d0}: org/springframework/security/web/access/ExceptionTranslationFilterCustomizer> (0x0000000089cda4d0) 
thrown [./open/src/hotspot/share/classfile/systemDictionary.cpp, line 226]
Event: 24.926 Thread 0x000002c837b65800 Exception <a 'java/lang/ClassNotFoundException'{0x0000000089b50860}: org/springframework/security/web/access/intercept/FilterSecurityInterceptorBeanInfo> (0x0000000089b50860) 
thrown [./open/src/hotspot/share/classfile/systemDictionary.cpp, line 226]
Event: 24.926 Thread 0x000002c837b65800 Exception <a 'java/lang/ClassNotFoundException'{0x0000000089b69248}: org/springframework/security/access/intercept/AbstractSecurityInterceptorBeanInfo> (0x0000000089b69248) 
thrown [./open/src/hotspot/share/classfile/systemDictionary.cpp, line 226]
Event: 24.927 Thread 0x000002c837b65800 Exception <a 'java/lang/ClassNotFoundException'{0x0000000089b82af8}: org/springframework/security/access/intercept/AbstractSecurityInterceptorCustomizer> (0x0000000089b82af8) 
thrown [./open/src/hotspot/share/classfile/systemDictionary.cpp, line 226]
Event: 24.928 Thread 0x000002c837b65800 Exception <a 'java/lang/ClassNotFoundException'{0x0000000089bac060}: org/springframework/security/web/access/intercept/FilterSecurityInterceptorCustomizer> (0x0000000089bac060) 
thrown [./open/src/hotspot/share/classfile/systemDictionary.cpp, line 226]
Event: 24.934 Thread 0x000002c837b65800 Exception <a 'java/lang/ClassNotFoundException'{0x0000000089bfce38}: org/springframework/beans/factory/config/ListFactoryBeanBeanInfo> (0x0000000089bfce38) 
thrown [./open/src/hotspot/share/classfile/systemDictionary.cpp, line 226]
Event: 24.934 Thread 0x000002c837b65800 Exception <a 'java/lang/ClassNotFoundException'{0x0000000089a110b0}: org/springframework/beans/factory/config/AbstractFactoryBeanBeanInfo> (0x0000000089a110b0) 
thrown [./open/src/hotspot/share/classfile/systemDictionary.cpp, line 226]
Event: 24.934 Thread 0x000002c837b65800 Exception <a 'java/lang/ClassNotFoundException'{0x0000000089a24e68}: org/springframework/beans/factory/config/AbstractFactoryBeanCustomizer> (0x0000000089a24e68) 
thrown [./open/src/hotspot/share/classfile/systemDictionary.cpp, line 226]
Event: 24.937 Thread 0x000002c837b65800 Exception <a 'java/lang/ClassNotFoundException'{0x0000000089a405f0}: org/springframework/beans/factory/config/ListFactoryBeanCustomizer> (0x0000000089a405f0) 
thrown [./open/src/hotspot/share/classfile/systemDictionary.cpp, line 226]
Event: 24.946 Thread 0x000002c837b65800 Exception <a 'java/lang/ClassNotFoundException'{0x0000000089ac27b0}: org/springframework/security/web/FilterChainProxyBeanInfo> (0x0000000089ac27b0) 
thrown [./open/src/hotspot/share/classfile/systemDictionary.cpp, line 226]
Event: 24.947 Thread 0x000002c837b65800 Exception <a 'java/lang/ClassNotFoundException'{0x0000000089ad5760}: org/springframework/security/web/FilterChainProxyCustomizer> (0x0000000089ad5760) 
thrown [./open/src/hotspot/share/classfile/systemDictionary.cpp, line 226]
Event: 25.042 Thread 0x000002c837b65800 Exception <a 'java/io/FileNotFoundException'{0x000000008985cfc0}> (0x000000008985cfc0) 
thrown [./open/src/hotspot/share/prims/jni.cpp, line 599]
Event: 25.046 Thread 0x000002c837b65800 Exception <a 'java/lang/ClassNotFoundException'{0x00000000898b9788}: org/springframework/web/filter/CharacterEncodingFilterBeanInfo> (0x00000000898b9788) 
thrown [./open/src/hotspot/share/classfile/systemDictionary.cpp, line 226]
Event: 25.047 Thread 0x000002c837b65800 Exception <a 'java/lang/ClassNotFoundException'{0x00000000898cc770}: org/springframework/web/filter/OncePerRequestFilterBeanInfo> (0x00000000898cc770) 
thrown [./open/src/hotspot/share/classfile/systemDictionary.cpp, line 226]
Event: 25.047 Thread 0x000002c837b65800 Exception <a 'java/lang/ClassNotFoundException'{0x00000000898df738}: org/springframework/web/filter/OncePerRequestFilterCustomizer> (0x00000000898df738) 
thrown [./open/src/hotspot/share/classfile/systemDictionary.cpp, line 226]
Event: 25.048 Thread 0x000002c837b65800 Exception <a 'java/lang/ClassNotFoundException'{0x00000000898f4dc8}: org/springframework/web/filter/CharacterEncodingFilterCustomizer> (0x00000000898f4dc8) 
thrown [./open/src/hotspot/share/classfile/systemDictionary.cpp, line 226]

Events (20 events):
Event: 25.097 loading class sun/nio/cs/JIS_X_0201
Event: 25.097 loading class sun/nio/cs/JIS_X_0201 done
Event: 25.097 loading class sun/nio/cs/ISO_8859_2
Event: 25.098 loading class sun/nio/cs/ISO_8859_2 done
Event: 25.098 loading class sun/nio/cs/ISO_8859_4
Event: 25.098 loading class sun/nio/cs/ISO_8859_4 done
Event: 25.098 loading class sun/nio/cs/ISO_8859_5
Event: 25.098 loading class sun/nio/cs/ISO_8859_5 done
Event: 25.099 loading class sun/nio/cs/IBM874
Event: 25.099 loading class sun/nio/cs/IBM874 done
Event: 25.099 loading class sun/nio/cs/ISO_8859_7
Event: 25.099 loading class sun/nio/cs/ISO_8859_7 done
Event: 25.099 loading class sun/nio/cs/SJIS
Event: 25.100 loading class sun/nio/cs/SJIS done
Event: 25.100 loading class sun/nio/cs/ISO_8859_9
Event: 25.100 loading class sun/nio/cs/ISO_8859_9 done
Event: 25.100 loading class sun/nio/cs/MS950_HKSCS_XP
Event: 25.100 loading class sun/nio/cs/MS950_HKSCS_XP done
Event: 25.100 loading class sun/nio/cs/IBM737
Event: 25.100 loading class sun/nio/cs/IBM737 done


Dynamic libraries:
0x00007ff643be0000 - 0x00007ff643bef000 	F:\java14\bin\java.exe
0x00007ffe095e0000 - 0x00007ffe097d0000 	C:\windows\SYSTEM32\ntdll.dll
0x00007ffe07a60000 - 0x00007ffe07b12000 	C:\windows\System32\KERNEL32.DLL
0x00007ffe06b30000 - 0x00007ffe06dd5000 	C:\windows\System32\KERNELBASE.dll
0x00007ffe06890000 - 0x00007ffe0698a000 	C:\windows\System32\ucrtbase.dll
0x00007ffdfb310000 - 0x00007ffdfb328000 	F:\java14\bin\jli.dll
0x00007ffe08830000 - 0x00007ffe088d3000 	C:\windows\System32\ADVAPI32.dll
0x00007ffdf3470000 - 0x00007ffdf3485000 	F:\java14\bin\VCRUNTIME140.dll
0x00007ffe09350000 - 0x00007ffe093ee000 	C:\windows\System32\msvcrt.dll
0x00007ffe07860000 - 0x00007ffe078f7000 	C:\windows\System32\sechost.dll
0x00007ffe09410000 - 0x00007ffe0952f000 	C:\windows\System32\RPCRT4.dll
0x00007ffe083f0000 - 0x00007ffe08584000 	C:\windows\System32\USER32.dll
0x00007ffe067e0000 - 0x00007ffe06801000 	C:\windows\System32\win32u.dll
0x00007ffe090f0000 - 0x00007ffe09116000 	C:\windows\System32\GDI32.dll
0x00007ffdf3ae0000 - 0x00007ffdf3d64000 	C:\windows\WinSxS\amd64_microsoft.windows.common-controls_6595b64144ccf1df_6.0.18362.1441_none_9e7da8f1e45ea808\COMCTL32.dll
0x00007ffe06990000 - 0x00007ffe06b28000 	C:\windows\System32\gdi32full.dll
0x00007ffe08db0000 - 0x00007ffe090e6000 	C:\windows\System32\combase.dll
0x00007ffe075f0000 - 0x00007ffe0768e000 	C:\windows\System32\msvcp_win.dll
0x00007ffe06de0000 - 0x00007ffe06e61000 	C:\windows\System32\bcryptPrimitives.dll
0x00007ffe00bb0000 - 0x00007ffe00bba000 	C:\windows\SYSTEM32\VERSION.dll
0x00007ffe08640000 - 0x00007ffe0866e000 	C:\windows\System32\IMM32.DLL
0x00007ffdf0000000 - 0x00007ffdf009b000 	F:\java14\bin\msvcp140.dll
0x00007ffdd5650000 - 0x00007ffdd616e000 	F:\java14\bin\server\jvm.dll
0x00007ffe087c0000 - 0x00007ffe087c8000 	C:\windows\System32\PSAPI.DLL
0x00007ffe04540000 - 0x00007ffe04564000 	C:\windows\SYSTEM32\WINMM.dll
0x00007ffe02ee0000 - 0x00007ffe02ee9000 	C:\windows\SYSTEM32\WSOCK32.dll
0x00007ffe077f0000 - 0x00007ffe0785f000 	C:\windows\System32\WS2_32.dll
0x00007ffe043e0000 - 0x00007ffe0440d000 	C:\windows\SYSTEM32\WINMMBASE.dll
0x00007ffe066b0000 - 0x00007ffe066fa000 	C:\windows\System32\cfgmgr32.dll
0x00007ffe064f0000 - 0x00007ffe06501000 	C:\windows\System32\kernel.appcore.dll
0x00007ffdfb300000 - 0x00007ffdfb30a000 	F:\java14\bin\jimage.dll
0x00007ffdeefc0000 - 0x00007ffdef1b4000 	C:\windows\SYSTEM32\DBGHELP.DLL
0x00007ffdee560000 - 0x00007ffdee58a000 	C:\windows\SYSTEM32\dbgcore.DLL
0x00007ffdfb3b0000 - 0x00007ffdfb3be000 	F:\java14\bin\instrument.dll
0x00007ffdf28e0000 - 0x00007ffdf2905000 	F:\java14\bin\java.dll
0x00007ffdf28c0000 - 0x00007ffdf28d6000 	F:\java14\bin\zip.dll
0x00007ffe07c30000 - 0x00007ffe08318000 	C:\windows\System32\SHELL32.dll
0x00007ffe08590000 - 0x00007ffe08637000 	C:\windows\System32\shcore.dll
0x00007ffe06e70000 - 0x00007ffe075eb000 	C:\windows\System32\windows.storage.dll
0x00007ffe06510000 - 0x00007ffe0652e000 	C:\windows\System32\profapi.dll
0x00007ffe064a0000 - 0x00007ffe064ea000 	C:\windows\System32\powrprof.dll
0x00007ffe06490000 - 0x00007ffe064a0000 	C:\windows\System32\UMPDC.dll
0x00007ffe087d0000 - 0x00007ffe08822000 	C:\windows\System32\shlwapi.dll
0x00007ffe06810000 - 0x00007ffe06827000 	C:\windows\System32\cryptsp.dll
0x00007ffdf2610000 - 0x00007ffdf2629000 	F:\java14\bin\net.dll
0x00007ffe01720000 - 0x00007ffe0181a000 	C:\windows\SYSTEM32\WINHTTP.dll
0x00007ffe05cd0000 - 0x00007ffe05d37000 	C:\windows\system32\mswsock.dll
0x00007ffdf25f0000 - 0x00007ffdf2602000 	F:\java14\bin\nio.dll
0x00007ffdfb380000 - 0x00007ffdfb39a000 	F:\IntelliJ IDEA 2020.3.2\bin\breakgen64.dll
0x00007ffdfb090000 - 0x00007ffdfb0a0000 	F:\java14\bin\verify.dll
0x00007ffe05850000 - 0x00007ffe05883000 	C:\windows\system32\rsaenh.dll
0x00007ffe06700000 - 0x00007ffe06726000 	C:\windows\System32\bcrypt.dll
0x00007ffe063b0000 - 0x00007ffe063d5000 	C:\windows\SYSTEM32\USERENV.dll
0x00007ffe05ea0000 - 0x00007ffe05eac000 	C:\windows\SYSTEM32\CRYPTBASE.dll
0x00007ffe059e0000 - 0x00007ffe05a1a000 	C:\windows\SYSTEM32\IPHLPAPI.DLL
0x00007ffe079d0000 - 0x00007ffe079d8000 	C:\windows\System32\NSI.dll
0x00007ffdff870000 - 0x00007ffdff886000 	C:\windows\SYSTEM32\dhcpcsvc6.DLL
0x00007ffdff800000 - 0x00007ffdff81c000 	C:\windows\SYSTEM32\dhcpcsvc.DLL
0x00007ffe05a20000 - 0x00007ffe05aeb000 	C:\windows\SYSTEM32\DNSAPI.dll
0x00007ffdf1bc0000 - 0x00007ffdf1bca000 	C:\Users\17314\AppData\Local\Temp\jansi-1.17.1-3762820260880821332.dll
0x00007ffdf1b90000 - 0x00007ffdf1b9a000 	C:\Users\17314\AppData\Local\Temp\jansi-1.17.1-5135453668008242177.dll
0x00007ffdf3460000 - 0x00007ffdf3469000 	F:\java14\bin\management.dll
0x00007ffdf3300000 - 0x00007ffdf330b000 	F:\java14\bin\management_ext.dll
0x00007ffdede80000 - 0x00007ffdede96000 	C:\windows\system32\napinsp.dll
0x00007ffdedbd0000 - 0x00007ffdedbea000 	C:\windows\system32\pnrpnsp.dll
0x00007ffdefe20000 - 0x00007ffdefe2e000 	C:\windows\System32\winrnr.dll
0x00007ffe02d60000 - 0x00007ffe02d7c000 	C:\windows\system32\NLAapi.dll
0x00007ffe00df0000 - 0x00007ffe00e05000 	C:\windows\system32\wshbth.dll
0x0000000073920000 - 0x0000000073946000 	C:\Program Files\Bonjour\mdnsNSP.dll
0x00007ffdfea20000 - 0x00007ffdfea2a000 	C:\Windows\System32\rasadhlp.dll
0x00007ffdfeb20000 - 0x00007ffdfeb97000 	C:\windows\System32\fwpuclnt.dll

dbghelp: loaded successfully - version: 4.0.5 - missing functions: none
symbol engine: initialized successfully - sym options: 0x614 - pdb path: .;F:\java14\bin;C:\windows\SYSTEM32;C:\windows\WinSxS\amd64_microsoft.windows.common-controls_6595b64144ccf1df_6.0.18362.1441_none_9e7da8f1e45ea808;F:\java14\bin\server;F:\IntelliJ IDEA 2020.3.2\bin;C:\Users\17314\AppData\Local\Temp;C:\Program Files\Bonjour

VM Arguments:
jvm_args: -Dmaven.multiModuleProjectDirectory=F:\pingyougou_project\pinyougou-parent\pinyougou-shop-web -DarchetypeCatalog=local -Dmaven.home=F:\apache-maven-3.6.3 -Dclassworlds.conf=F:\apache-maven-3.6.3\bin\m2.conf -Dmaven.ext.class.path=F:\IntelliJ IDEA 2020.3.2\plugins\maven\lib\maven-event-listener.jar -javaagent:F:\IntelliJ IDEA 2020.3.2\lib\idea_rt.jar=8386:F:\IntelliJ IDEA 2020.3.2\bin -Dfile.encoding=UTF-8 
java_command: org.codehaus.classworlds.Launcher -Didea.version=2020.3.2 -s F:\apache-maven-3.6.3\conf\settings.xml tomcat7:run
java_class_path (initial): F:\apache-maven-3.6.3\boot\plexus-classworlds-2.6.0.jar;F:\apache-maven-3.6.3\boot\plexus-classworlds.license
Launcher Type: SUN_STANDARD

[Global flags]
     intx CICompilerCount                          = 4                                         {product} {ergonomic}
     uint ConcGCThreads                            = 2                                         {product} {ergonomic}
     uint G1ConcRefinementThreads                  = 8                                         {product} {ergonomic}
   size_t G1HeapRegionSize                         = 1048576                                   {product} {ergonomic}
    uintx GCDrainStackTargetSize                   = 64                                        {product} {ergonomic}
   size_t InitialHeapSize                          = 132120576                                 {product} {ergonomic}
   size_t MarkStackSize                            = 4194304                                   {product} {ergonomic}
   size_t MaxHeapSize                              = 2113929216                                {product} {ergonomic}
   size_t MaxNewSize                               = 1267728384                                {product} {ergonomic}
   size_t MinHeapDeltaBytes                        = 1048576                                   {product} {ergonomic}
   size_t MinHeapSize                              = 8388608                                   {product} {ergonomic}
    uintx NonNMethodCodeHeapSize                   = 5839372                                {pd product} {ergonomic}
    uintx NonProfiledCodeHeapSize                  = 122909434                              {pd product} {ergonomic}
    uintx ProfiledCodeHeapSize                     = 122909434                              {pd product} {ergonomic}
    uintx ReservedCodeCacheSize                    = 251658240                              {pd product} {ergonomic}
     bool SegmentedCodeCache                       = true                                      {product} {ergonomic}
   size_t SoftMaxHeapSize                          = 2113929216                             {manageable} {ergonomic}
     bool UseCompressedClassPointers               = true                                 {lp64_product} {ergonomic}
     bool UseCompressedOops                        = true                                 {lp64_product} {ergonomic}
     bool UseG1GC                                  = true                                      {product} {ergonomic}
     bool UseLargePagesIndividualAllocation        = false                                  {pd product} {ergonomic}

Logging:
Log output configuration:
 #0: stdout all=warning uptime,level,tags
 #1: stderr all=off uptime,level,tags

Environment Variables:
JAVA_HOME=F:\java14
JRE_HOME=F:\java14
CLASSPATH= .;F:\java14\lib\dt.jar;F:\java14\lib\tools.jar;CATALINA_HOME\servlet-api.jar
PATH=F:\VMware\VMware Workstation\bin\;D:\ADS\bin;C:\Program Files (x86)\NVIDIA Corporation\PhysX\Common;C:\windows\system32;C:\windows;C:\windows\System32\Wbem;C:\windows\System32\WindowsPowerShell\v1.0\;C:\windows\System32\OpenSSH\;C:\Program Files (x86)\Microsoft SQL Server\100\Tools\Binn\;C:\Program Files\Microsoft SQL Server\100\Tools\Binn\;C:\Program Files\Microsoft SQL Server\100\DTS\Binn\;C:\Program Files (x86)\Microsoft SQL Server\100\Tools\Binn\VSShell\Common7\IDE\;C:\Program Files (x86)\Microsoft Visual Studio 9.0\Common7\IDE\PrivateAssemblies\;C:\Program Files (x86)\Microsoft SQL Server\100\DTS\Binn\;F:\java14\bin;F:\Tomcat9.0\bin;F:\Tomcat9.0\lib;F:\Mysql\bin;F:\apache-maven-3.6.3\bin;D:\SVN\bin;D:\TortoiseSVN\bin;C:\Program Files\VanDyke Software\Clients\;C:\Program Files\MongoDB\Server\4.4\bin;D:\MinGW\bin;D:\XAMPP\php;D:\Git\cmd;D:\TortoiseGit\bin;D:\NOde\;D:\Python39\Scripts\;D:\Python39\;C:\Users\17314\.windows-build-tools\python27\;C:\Program Files\MySQL\MySQL Shell 8.0\bin\;C:\Users\17314\AppData\Local\Microsoft\WindowsApps;D:\bandzip\;C:\Program Files\Bandizip\;F:\IDEA2020\IntelliJ IDEA Community Edition 2020.2.2\bin;;F:\IDEA\IntelliJ IDEA 2019.3.1\bin;;F:\WebStorm 2020.3.1\bin;;F:\IntelliJ IDEA Community Edition 2020.2.2\bin;;F:\PyCharm Community Edition 2020.3.2\bin;;F:\IntelliJ IDEA 2020.3.2\bin;;F:\PyCharm 2020.3.2\bin;;D:\Microsoft VS Code\bin;C:\Users\17314\AppData\Roaming\npm
USERNAME=17314
OS=Windows_NT
PROCESSOR_IDENTIFIER=Intel64 Family 6 Model 142 Stepping 10, GenuineIntel



---------------  S Y S T E M  ---------------

OS: Windows 10 , 64 bit Build 18362 (10.0.18362.1350)
OS uptime: 0 days 2:39 hours

CPU:total 8 (initial active 8) (4 cores per cpu, 2 threads per core) family 6 model 142 stepping 10, cmov, cx8, fxsr, mmx, sse, sse2, sse3, ssse3, sse4.1, sse4.2, popcnt, avx, avx2, aes, clmul, erms, 3dnowpref, lzcnt, ht, tsc, tscinvbit, bmi1, bmi2, adx, fma

Memory: 4k page, system-wide physical 8056M (85M free)
TotalPageFile size 18418M (AvailPageFile size 5M)
current process WorkingSet (physical memory assigned to process): 402M, peak: 416M
current process commit charge ("private bytes"): 451M, peak: 456M

vm_info: Java HotSpot(TM) 64-Bit Server VM (14.0.2+12-46) for windows-amd64 JRE (14.0.2+12-46), built on Jul  9 2020 00:35:52 by "mach5one" with MS VC++ 15.9 (VS2017)

END.
