#
# There is insufficient memory for the Java Runtime Environment to continue.
# Native memory allocation (mmap) failed to map 2064384 bytes for Failed to commit area from 0x0000021e00000000 to 0x0000021e001f8000 of length 2064384.
# Possible reasons:
#   The system is out of physical RAM or swap space
#   The process is running with CompressedOops enabled, and the Java Heap may be blocking the growth of the native heap
# Possible solutions:
#   Reduce memory load on the system
#   Increase physical memory or swap space
#   Check if swap backing store is full
#   Decrease Java heap size (-Xmx/-Xms)
#   Decrease number of Java threads
#   Decrease Java thread stack sizes (-Xss)
#   Set larger code cache with -XX:ReservedCodeCacheSize=
#   JVM is running with Unscaled Compressed Oops mode in which the Java heap is
#     placed in the first 4GB address space. The Java Heap base address is the
#     maximum limit for the native heap growth. Please use -XX:HeapBaseMinAddress
#     to set the Java Heap base and to place the Java Heap above 4GB virtual address.
# This output file may be truncated or incomplete.
#
#  Out of Memory Error (./open/src/hotspot/os/windows/os_windows.cpp:3315), pid=10384, tid=18912
#
# JRE version:  (14.0.2+12) (build )
# Java VM: Java HotSpot(TM) 64-Bit Server VM (14.0.2+12-46, mixed mode, sharing, tiered, compressed oops, g1 gc, windows-amd64)
# No core dump will be written. Minidumps are not enabled by default on client versions of Windows
#

---------------  S U M M A R Y ------------

Command Line: -Dclassworlds.conf=F:\apache-maven-3.6.3\bin\..\bin\m2.conf -Dmaven.home=F:\apache-maven-3.6.3\bin\.. -Dlibrary.jansi.path=F:\apache-maven-3.6.3\bin\..\lib\jansi-native -Dmaven.multiModuleProjectDirectory=F:\pingyougou_project\pinyougou-parent\pinyougou-shop-web org.codehaus.plexus.classworlds.launcher.Launcher tomcat7:run

Host: Intel(R) Core(TM) i5-8250U CPU @ 1.60GHz, 8 cores, 7G,  Windows 10 , 64 bit Build 18362 (10.0.18362.1350)
Time: Sun May 16 19:13:29 2021 ?D1¨²¡À¨º¡Á?¨º¡À?? elapsed time: 0 seconds (0d 0h 0m 0s)

---------------  T H R E A D  ---------------

Current thread (0x0000021e647ef000):  JavaThread "Unknown thread" [_thread_in_vm, id=18912, stack(0x0000002006b00000,0x0000002006c00000)]

Stack: [0x0000002006b00000,0x0000002006c00000]
Native frames: (J=compiled Java code, j=interpreted, Vv=VM code, C=native code)
V  [jvm.dll+0x5f8a9a]
V  [jvm.dll+0x74247a]
V  [jvm.dll+0x743c2f]
V  [jvm.dll+0x744273]
V  [jvm.dll+0x20d288]
V  [jvm.dll+0x5f5dea]
V  [jvm.dll+0x5eac45]
V  [jvm.dll+0x2c7e9c]
V  [jvm.dll+0x2c7cd2]
V  [jvm.dll+0x2cdbbc]
V  [jvm.dll+0x314011]
V  [jvm.dll+0x313710]
V  [jvm.dll+0x2a092a]
V  [jvm.dll+0x2a1a79]
V  [jvm.dll+0x71fd48]
V  [jvm.dll+0x321c14]
V  [jvm.dll+0x70112c]
V  [jvm.dll+0x392def]
V  [jvm.dll+0x394e61]
C  [jli.dll+0x524b]
C  [ucrtbase.dll+0x210b2]
C  [KERNEL32.DLL+0x17c24]
C  [ntdll.dll+0x6d721]


---------------  P R O C E S S  ---------------

Threads class SMR info:
_java_thread_list=0x00007ffe2df83038, length=0, elements={
}

Java Threads: ( => current thread )

Other Threads:
  0x0000021e64832800 GCTaskThread "GC Thread#0" [stack: 0x0000002006c00000,0x0000002006d00000] [id=17932]
  0x0000021e64844000 ConcurrentGCThread "G1 Main Marker" [stack: 0x0000002006d00000,0x0000002006e00000] [id=11580]
  0x0000021e64845800 ConcurrentGCThread "G1 Conc#0" [stack: 0x0000002006e00000,0x0000002006f00000] [id=16324]

[error occurred during error reporting (printing all threads), id 0xc0000005, EXCEPTION_ACCESS_VIOLATION (0xc0000005) at pc=0x00007ffe2d7b1257]

VM state:not at safepoint (not fully initialized)

VM Mutex/Monitor currently owned by a thread:  ([mutex/lock_event])
[0x0000021e647ea970] Heap_lock - owner thread: 0x0000021e647ef000

Heap address: 0x0000000082000000, size: 2016 MB, Compressed Oops mode: 32-bit
Narrow klass base: 0x0000000000000000, Narrow klass shift: 0

GC Heap History (0 events):
No events

Deoptimization events (0 events):
No events

Classes unloaded (0 events):
No events

Classes redefined (0 events):
No events

Internal exceptions (0 events):
No events

Events (2 events):
Event: 0.007 Loaded shared library F:\java14\bin\java.dll
Event: 0.007 Loaded shared library F:\java14\bin\zip.dll


Dynamic libraries:
0x00007ff7e0380000 - 0x00007ff7e038f000 	F:\java14\bin\java.exe
0x00007ffe7eec0000 - 0x00007ffe7f0b0000 	C:\windows\SYSTEM32\ntdll.dll
0x00007ffe7e0b0000 - 0x00007ffe7e162000 	C:\windows\System32\KERNEL32.DLL
0x00007ffe7cc90000 - 0x00007ffe7cf35000 	C:\windows\System32\KERNELBASE.dll
0x00007ffe7be60000 - 0x00007ffe7bf5a000 	C:\windows\System32\ucrtbase.dll
0x00007ffe4b7e0000 - 0x00007ffe4b7f8000 	F:\java14\bin\jli.dll
0x00007ffe4b7c0000 - 0x00007ffe4b7d5000 	F:\java14\bin\VCRUNTIME140.dll
0x00007ffe7eca0000 - 0x00007ffe7ed43000 	C:\windows\System32\ADVAPI32.dll
0x00007ffe7cf70000 - 0x00007ffe7d00e000 	C:\windows\System32\msvcrt.dll
0x00007ffe7e170000 - 0x00007ffe7e207000 	C:\windows\System32\sechost.dll
0x00007ffe7e450000 - 0x00007ffe7e56f000 	C:\windows\System32\RPCRT4.dll
0x00007ffe7e7c0000 - 0x00007ffe7e954000 	C:\windows\System32\USER32.dll
0x00007ffe7cf40000 - 0x00007ffe7cf61000 	C:\windows\System32\win32u.dll
0x00007ffe68bd0000 - 0x00007ffe68e54000 	C:\windows\WinSxS\amd64_microsoft.windows.common-controls_6595b64144ccf1df_6.0.18362.1441_none_9e7da8f1e45ea808\COMCTL32.dll
0x00007ffe7df40000 - 0x00007ffe7df66000 	C:\windows\System32\GDI32.dll
0x00007ffe7e960000 - 0x00007ffe7ec96000 	C:\windows\System32\combase.dll
0x00007ffe7c2c0000 - 0x00007ffe7c458000 	C:\windows\System32\gdi32full.dll
0x00007ffe7c460000 - 0x00007ffe7c4e1000 	C:\windows\System32\bcryptPrimitives.dll
0x00007ffe7bf60000 - 0x00007ffe7bffe000 	C:\windows\System32\msvcp_win.dll
0x00007ffe765a0000 - 0x00007ffe765aa000 	C:\windows\SYSTEM32\VERSION.dll
0x00007ffe7e790000 - 0x00007ffe7e7be000 	C:\windows\System32\IMM32.DLL
0x00007ffe4b550000 - 0x00007ffe4b5eb000 	F:\java14\bin\msvcp140.dll
0x00007ffe2d500000 - 0x00007ffe2e01e000 	F:\java14\bin\server\jvm.dll
0x00007ffe7e6b0000 - 0x00007ffe7e6b8000 	C:\windows\System32\PSAPI.DLL
0x00007ffe747f0000 - 0x00007ffe747f9000 	C:\windows\SYSTEM32\WSOCK32.dll
0x00007ffe79c90000 - 0x00007ffe79cb4000 	C:\windows\SYSTEM32\WINMM.dll
0x00007ffe7ee10000 - 0x00007ffe7ee7f000 	C:\windows\System32\WS2_32.dll
0x00007ffe79c60000 - 0x00007ffe79c8d000 	C:\windows\SYSTEM32\winmmbase.dll
0x00007ffe7c000000 - 0x00007ffe7c04a000 	C:\windows\System32\cfgmgr32.dll
0x00007ffe7be10000 - 0x00007ffe7be21000 	C:\windows\System32\kernel.appcore.dll
0x00007ffe4ce50000 - 0x00007ffe4ce5a000 	F:\java14\bin\jimage.dll
0x00007ffe649e0000 - 0x00007ffe64bd4000 	C:\windows\SYSTEM32\DBGHELP.DLL
0x00007ffe64020000 - 0x00007ffe6404a000 	C:\windows\SYSTEM32\dbgcore.DLL
0x00007ffe4b8f0000 - 0x00007ffe4b915000 	F:\java14\bin\java.dll
0x00007ffe4b8d0000 - 0x00007ffe4b8e6000 	F:\java14\bin\zip.dll

dbghelp: loaded successfully - version: 4.0.5 - missing functions: none
symbol engine: initialized successfully - sym options: 0x614 - pdb path: .;F:\java14\bin;C:\windows\SYSTEM32;C:\windows\WinSxS\amd64_microsoft.windows.common-controls_6595b64144ccf1df_6.0.18362.1441_none_9e7da8f1e45ea808;F:\java14\bin\server

VM Arguments:
jvm_args: -Dclassworlds.conf=F:\apache-maven-3.6.3\bin\..\bin\m2.conf -Dmaven.home=F:\apache-maven-3.6.3\bin\.. -Dlibrary.jansi.path=F:\apache-maven-3.6.3\bin\..\lib\jansi-native -Dmaven.multiModuleProjectDirectory=F:\pingyougou_project\pinyougou-parent\pinyougou-shop-web 
java_command: org.codehaus.plexus.classworlds.launcher.Launcher tomcat7:run
java_class_path (initial): F:\apache-maven-3.6.3\bin\..\boot\plexus-classworlds-2.6.0.jar
Launcher Type: SUN_STANDARD

[Global flags]
     intx CICompilerCount                          = 4                                         {product} {ergonomic}
     uint ConcGCThreads                            = 2                                         {product} {ergonomic}
     uint G1ConcRefinementThreads                  = 8                                         {product} {ergonomic}
   size_t G1HeapRegionSize                         = 1048576                                   {product} {ergonomic}
    uintx GCDrainStackTargetSize                   = 64                                        {product} {ergonomic}
   size_t InitialHeapSize                          = 132120576                                 {product} {ergonomic}
   size_t MarkStackSize                            = 4194304                                   {product} {ergonomic}
   size_t MaxHeapSize                              = 2113929216                                {product} {ergonomic}
   size_t MinHeapDeltaBytes                        = 1048576                                   {product} {ergonomic}
   size_t MinHeapSize                              = 8388608                                   {product} {ergonomic}
    uintx NonNMethodCodeHeapSize                   = 5839372                                {pd product} {ergonomic}
    uintx NonProfiledCodeHeapSize                  = 122909434                              {pd product} {ergonomic}
    uintx ProfiledCodeHeapSize                     = 122909434                              {pd product} {ergonomic}
    uintx ReservedCodeCacheSize                    = 251658240                              {pd product} {ergonomic}
     bool SegmentedCodeCache                       = true                                      {product} {ergonomic}
   size_t SoftMaxHeapSize                          = 2113929216                             {manageable} {ergonomic}
     bool UseCompressedClassPointers               = true                                 {lp64_product} {ergonomic}
     bool UseCompressedOops                        = true                                 {lp64_product} {ergonomic}
     bool UseG1GC                                  = true                                      {product} {ergonomic}
     bool UseLargePagesIndividualAllocation        = false                                  {pd product} {ergonomic}

Logging:
Log output configuration:
 #0: stdout all=warning uptime,level,tags
 #1: stderr all=off uptime,level,tags

Environment Variables:
JAVA_HOME=F:\java14
JRE_HOME=F:\java14
CLASSPATH= .;F:\java14\lib\dt.jar;F:\java14\lib\tools.jar;CATALINA_HOME\servlet-api.jar
PATH=F:\VMware\VMware Workstation\bin\;D:\ADS\bin;C:\Program Files (x86)\NVIDIA Corporation\PhysX\Common;C:\windows\system32;C:\windows;C:\windows\System32\Wbem;C:\windows\System32\WindowsPowerShell\v1.0\;C:\windows\System32\OpenSSH\;C:\Program Files (x86)\Microsoft SQL Server\100\Tools\Binn\;C:\Program Files\Microsoft SQL Server\100\Tools\Binn\;C:\Program Files\Microsoft SQL Server\100\DTS\Binn\;C:\Program Files (x86)\Microsoft SQL Server\100\Tools\Binn\VSShell\Common7\IDE\;C:\Program Files (x86)\Microsoft Visual Studio 9.0\Common7\IDE\PrivateAssemblies\;C:\Program Files (x86)\Microsoft SQL Server\100\DTS\Binn\;F:\java14\bin;F:\Tomcat9.0\bin;F:\Tomcat9.0\lib;F:\Mysql\bin;F:\apache-maven-3.6.3\bin;D:\SVN\bin;D:\TortoiseSVN\bin;C:\Program Files\VanDyke Software\Clients\;C:\Program Files\MongoDB\Server\4.4\bin;D:\MinGW\bin;D:\XAMPP\php;D:\Git\cmd;D:\TortoiseGit\bin;D:\NOde\;D:\Python39\Scripts\;D:\Python39\;C:\Users\17314\.windows-build-tools\python27\;C:\Program Files\MySQL\MySQL Shell 8.0\bin\;C:\Users\17314\AppData\Local\Microsoft\WindowsApps;D:\bandzip\;C:\Program Files\Bandizip\;F:\IDEA2020\IntelliJ IDEA Community Edition 2020.2.2\bin;F:\IDEA\IntelliJ IDEA 2019.3.1\bin;F:\WebStorm 2020.3.1\bin;F:\IntelliJ IDEA Community Edition 2020.2.2\bin;F:\PyCharm Community Edition 2020.3.2\bin;F:\IntelliJ IDEA 2020.3.2\bin;F:\PyCharm 2020.3.2\bin;D:\Microsoft VS Code\bin;C:\Users\17314\AppData\Roaming\npm;C:\Users\17314\AppData\Local\GitHubDesktop\bin;F:\WebStorm 2021.1.1\bin
USERNAME=17314
OS=Windows_NT
PROCESSOR_IDENTIFIER=Intel64 Family 6 Model 142 Stepping 10, GenuineIntel



---------------  S Y S T E M  ---------------

OS: Windows 10 , 64 bit Build 18362 (10.0.18362.1350)
OS uptime: 0 days 2:03 hours

CPU:total 8 (initial active 8) (4 cores per cpu, 2 threads per core) family 6 model 142 stepping 10, cmov, cx8, fxsr, mmx, sse, sse2, sse3, ssse3, sse4.1, sse4.2, popcnt, avx, avx2, aes, clmul, erms, 3dnowpref, lzcnt, ht, tsc, tscinvbit, bmi1, bmi2, adx, fma

Memory: 4k page, system-wide physical 8056M (511M free)
TotalPageFile size 18418M (AvailPageFile size 5M)
current process WorkingSet (physical memory assigned to process): 10M, peak: 10M
current process commit charge ("private bytes"): 188M, peak: 190M

vm_info: Java HotSpot(TM) 64-Bit Server VM (14.0.2+12-46) for windows-amd64 JRE (14.0.2+12-46), built on Jul  9 2020 00:35:52 by "mach5one" with MS VC++ 15.9 (VS2017)

END.
