#
# There is insufficient memory for the Java Runtime Environment to continue.
# Native memory allocation (malloc) failed to allocate 1833616 bytes for Chunk::new
# Possible reasons:
#   The system is out of physical RAM or swap space
#   The process is running with CompressedOops enabled, and the Java Heap may be blocking the growth of the native heap
# Possible solutions:
#   Reduce memory load on the system
#   Increase physical memory or swap space
#   Check if swap backing store is full
#   Decrease Java heap size (-Xmx/-Xms)
#   Decrease number of Java threads
#   Decrease Java thread stack sizes (-Xss)
#   Set larger code cache with -XX:ReservedCodeCacheSize=
#   JVM is running with Unscaled Compressed Oops mode in which the Java heap is
#     placed in the first 4GB address space. The Java Heap base address is the
#     maximum limit for the native heap growth. Please use -XX:HeapBaseMinAddress
#     to set the Java Heap base and to place the Java Heap above 4GB virtual address.
# This output file may be truncated or incomplete.
#
#  Out of Memory Error (./open/src/hotspot/share/memory/arena.cpp:195), pid=17844, tid=2208
#
# JRE version: Java(TM) SE Runtime Environment (14.0.2+12) (build 14.0.2+12-46)
# Java VM: Java HotSpot(TM) 64-Bit Server VM (14.0.2+12-46, mixed mode, sharing, tiered, compressed oops, g1 gc, windows-amd64)
# No core dump will be written. Minidumps are not enabled by default on client versions of Windows
#

---------------  S U M M A R Y ------------

Command Line: -Dclassworlds.conf=F:\apache-maven-3.6.3\bin\..\bin\m2.conf -Dmaven.home=F:\apache-maven-3.6.3\bin\.. -Dlibrary.jansi.path=F:\apache-maven-3.6.3\bin\..\lib\jansi-native -Dmaven.multiModuleProjectDirectory=F:\pingyougou_project\pinyougou-parent\pinyougou-seckill-web org.codehaus.plexus.classworlds.launcher.Launcher tomcat7:run

Host: Intel(R) Core(TM) i5-8250U CPU @ 1.60GHz, 8 cores, 7G,  Windows 10 , 64 bit Build 18362 (10.0.18362.1350)
Time: Sun May 16 19:11:04 2021 ?D1¨²¡À¨º¡Á?¨º¡À?? elapsed time: 5 seconds (0d 0h 0m 5s)

---------------  T H R E A D  ---------------

Current thread (0x000001b6a5b94000):  JavaThread "C2 CompilerThread0" daemon [_thread_in_native, id=2208, stack(0x0000003cc4a00000,0x0000003cc4b00000)]


Current CompileTask:
C2:   5465 5257       4       org.apache.tomcat.util.bcel.classfile.ConstantPool::<init> (74 bytes)

Stack: [0x0000003cc4a00000,0x0000003cc4b00000]
Native frames: (J=compiled Java code, j=interpreted, Vv=VM code, C=native code)
V  [jvm.dll+0x5f8a9a]
V  [jvm.dll+0x74247a]
V  [jvm.dll+0x743c2f]
V  [jvm.dll+0x744273]
V  [jvm.dll+0x20d288]
V  [jvm.dll+0xabb07]
V  [jvm.dll+0xac1fc]
V  [jvm.dll+0x31c438]
V  [jvm.dll+0x2e6b38]
V  [jvm.dll+0x2e5f3a]
V  [jvm.dll+0x1e5e16]
V  [jvm.dll+0x1e50b8]
V  [jvm.dll+0x1779cc]
V  [jvm.dll+0x1f4105]
V  [jvm.dll+0x1f22eb]
V  [jvm.dll+0x7070cd]
V  [jvm.dll+0x6ffeda]
V  [jvm.dll+0x5f78f6]
C  [ucrtbase.dll+0x210b2]
C  [KERNEL32.DLL+0x17c24]
C  [ntdll.dll+0x6d721]


---------------  P R O C E S S  ---------------

Threads class SMR info:
_java_thread_list=0x000001b6a7602c10, length=13, elements={
0x000001b6862dc000, 0x000001b6a52f5000, 0x000001b6a52f6800, 0x000001b6a5b8f000,
0x000001b6a5b92000, 0x000001b6a5b93000, 0x000001b6a5b94000, 0x000001b6a5b95800,
0x000001b6a5b80000, 0x000001b6a5cc4800, 0x000001b6a5ce5000, 0x000001b6a82b6800,
0x000001b6a84e7800
}

Java Threads: ( => current thread )
  0x000001b6862dc000 JavaThread "main" [_thread_blocked, id=16072, stack(0x0000003cc3e00000,0x0000003cc3f00000)]
  0x000001b6a52f5000 JavaThread "Reference Handler" daemon [_thread_blocked, id=2808, stack(0x0000003cc4500000,0x0000003cc4600000)]
  0x000001b6a52f6800 JavaThread "Finalizer" daemon [_thread_blocked, id=11808, stack(0x0000003cc4600000,0x0000003cc4700000)]
  0x000001b6a5b8f000 JavaThread "Signal Dispatcher" daemon [_thread_blocked, id=1296, stack(0x0000003cc4700000,0x0000003cc4800000)]
  0x000001b6a5b92000 JavaThread "Attach Listener" daemon [_thread_blocked, id=7804, stack(0x0000003cc4800000,0x0000003cc4900000)]
  0x000001b6a5b93000 JavaThread "Service Thread" daemon [_thread_blocked, id=15584, stack(0x0000003cc4900000,0x0000003cc4a00000)]
=>0x000001b6a5b94000 JavaThread "C2 CompilerThread0" daemon [_thread_in_native, id=2208, stack(0x0000003cc4a00000,0x0000003cc4b00000)]
  0x000001b6a5b95800 JavaThread "C1 CompilerThread0" daemon [_thread_in_native, id=17900, stack(0x0000003cc4b00000,0x0000003cc4c00000)]
  0x000001b6a5b80000 JavaThread "Sweeper thread" daemon [_thread_blocked, id=18204, stack(0x0000003cc4c00000,0x0000003cc4d00000)]
  0x000001b6a5cc4800 JavaThread "Notification Thread" daemon [_thread_blocked, id=9984, stack(0x0000003cc4d00000,0x0000003cc4e00000)]
  0x000001b6a5ce5000 JavaThread "Common-Cleaner" daemon [_thread_blocked, id=2812, stack(0x0000003cc4f00000,0x0000003cc5000000)]
  0x000001b6a82b6800 JavaThread "Tomcat-startStop-1" daemon [_thread_blocked, id=10120, stack(0x0000003cc5300000,0x0000003cc5400000)]
  0x000001b6a84e7800 JavaThread "localhost-startStop-1" daemon [_thread_in_native, id=10828, stack(0x0000003cc5400000,0x0000003cc5500000)]

Other Threads:
  0x000001b6a52f3800 VMThread "VM Thread" [stack: 0x0000003cc4400000,0x0000003cc4500000] [id=1612]
  0x000001b6a5cc6800 WatcherThread [stack: 0x0000003cc4e00000,0x0000003cc4f00000] [id=14608]
  0x000001b68631f000 GCTaskThread "GC Thread#0" [stack: 0x0000003cc3f00000,0x0000003cc4000000] [id=10392]
  0x000001b6a6716800 GCTaskThread "GC Thread#1" [stack: 0x0000003cc5000000,0x0000003cc5100000] [id=17648]
  0x000001b6a64f8800 GCTaskThread "GC Thread#2" [stack: 0x0000003cc5100000,0x0000003cc5200000] [id=18124]
  0x000001b686331800 ConcurrentGCThread "G1 Main Marker" [stack: 0x0000003cc4000000,0x0000003cc4100000] [id=14320]
  0x000001b686332800 ConcurrentGCThread "G1 Conc#0" [stack: 0x0000003cc4100000,0x0000003cc4200000] [id=16836]
  0x000001b6a7ee0800 ConcurrentGCThread "G1 Conc#1" [stack: 0x0000003cc5200000,0x0000003cc5300000] [id=10944]
  0x000001b6a5168800 ConcurrentGCThread "G1 Refine#0" [stack: 0x0000003cc4200000,0x0000003cc4300000] [id=9340]
  0x000001b6a88a8800 ConcurrentGCThread "G1 Refine#1" [stack: 0x0000003cc5500000,0x0000003cc5600000] [id=264]
  0x000001b6abc49800 ConcurrentGCThread "G1 Refine#2" [stack: 0x0000003cc5600000,0x0000003cc5700000] [id=12656]
  0x000001b6a5169800 ConcurrentGCThread "G1 Young RemSet Sampling" [stack: 0x0000003cc4300000,0x0000003cc4400000] [id=4068]

Threads with active compile tasks:
C2 CompilerThread0     5503 5257       4       org.apache.tomcat.util.bcel.classfile.ConstantPool::<init> (74 bytes)

VM state:not at safepoint (normal execution)

VM Mutex/Monitor currently owned by a thread: None

Heap address: 0x0000000082000000, size: 2016 MB, Compressed Oops mode: 32-bit
Narrow klass base: 0x0000000800000000, Narrow klass shift: 3
Compressed class space size: 1073741824 Address: 0x0000000800b30000

Heap:
 garbage-first heap   total 133120K, used 86191K [0x0000000082000000, 0x0000000100000000)
  region size 1024K, 46 young (47104K), 6 survivors (6144K)
 Metaspace       used 24606K, capacity 25253K, committed 25472K, reserved 1071104K
  class space    used 2696K, capacity 2917K, committed 2944K, reserved 1048576K
Heap Regions: E=young(eden), S=young(survivor), O=old, HS=humongous(starts), HC=humongous(continues), CS=collection set, F=free, OA=open archive, CA=closed archive, TAMS=top-at-mark-start (previous, next)
|   0|0x0000000082000000, 0x0000000082100000, 0x0000000082100000|100%| O|  |TAMS 0x0000000082100000, 0x0000000082000000| Untracked 
|   1|0x0000000082100000, 0x0000000082200000, 0x0000000082200000|100%| O|  |TAMS 0x0000000082200000, 0x0000000082100000| Untracked 
|   2|0x0000000082200000, 0x0000000082300000, 0x0000000082300000|100%| O|  |TAMS 0x0000000082300000, 0x0000000082200000| Untracked 
|   3|0x0000000082300000, 0x0000000082400000, 0x0000000082400000|100%| O|  |TAMS 0x0000000082400000, 0x0000000082300000| Untracked 
|   4|0x0000000082400000, 0x0000000082500000, 0x0000000082500000|100%| O|  |TAMS 0x0000000082500000, 0x0000000082400000| Untracked 
|   5|0x0000000082500000, 0x0000000082600000, 0x0000000082600000|100%| O|  |TAMS 0x0000000082600000, 0x0000000082500000| Untracked 
|   6|0x0000000082600000, 0x0000000082700000, 0x0000000082700000|100%| O|  |TAMS 0x0000000082700000, 0x0000000082600000| Untracked 
|   7|0x0000000082700000, 0x0000000082800000, 0x0000000082800000|100%| O|  |TAMS 0x0000000082800000, 0x0000000082700000| Untracked 
|   8|0x0000000082800000, 0x0000000082900000, 0x0000000082900000|100%| O|  |TAMS 0x0000000082900000, 0x0000000082800000| Untracked 
|   9|0x0000000082900000, 0x0000000082a00000, 0x0000000082a00000|100%| O|  |TAMS 0x0000000082a00000, 0x0000000082900000| Untracked 
|  10|0x0000000082a00000, 0x0000000082a29000, 0x0000000082b00000| 16%| O|  |TAMS 0x0000000082a29000, 0x0000000082a00000| Untracked 
|  11|0x0000000082b00000, 0x0000000082c00000, 0x0000000082c00000|100%| O|  |TAMS 0x0000000082b00000, 0x0000000082b00000| Untracked 
|  12|0x0000000082c00000, 0x0000000082d00000, 0x0000000082d00000|100%| O|  |TAMS 0x0000000082c00000, 0x0000000082c00000| Untracked 
|  13|0x0000000082d00000, 0x0000000082e00000, 0x0000000082e00000|100%| O|  |TAMS 0x0000000082d00000, 0x0000000082d00000| Untracked 
|  14|0x0000000082e00000, 0x0000000082f00000, 0x0000000082f00000|100%| O|  |TAMS 0x0000000082e00000, 0x0000000082e00000| Untracked 
|  15|0x0000000082f00000, 0x0000000083000000, 0x0000000083000000|100%| O|  |TAMS 0x0000000082f00000, 0x0000000082f00000| Untracked 
|  16|0x0000000083000000, 0x0000000083100000, 0x0000000083100000|100%| O|  |TAMS 0x0000000083000000, 0x0000000083000000| Untracked 
|  17|0x0000000083100000, 0x0000000083200000, 0x0000000083200000|100%| O|  |TAMS 0x0000000083100000, 0x0000000083100000| Untracked 
|  18|0x0000000083200000, 0x0000000083300000, 0x0000000083300000|100%| O|  |TAMS 0x0000000083200000, 0x0000000083200000| Untracked 
|  19|0x0000000083300000, 0x0000000083400000, 0x0000000083400000|100%| O|  |TAMS 0x0000000083300000, 0x0000000083300000| Untracked 
|  20|0x0000000083400000, 0x0000000083500000, 0x0000000083500000|100%| O|  |TAMS 0x0000000083400000, 0x0000000083400000| Untracked 
|  21|0x0000000083500000, 0x0000000083600000, 0x0000000083600000|100%| O|  |TAMS 0x0000000083500000, 0x0000000083500000| Untracked 
|  22|0x0000000083600000, 0x0000000083700000, 0x0000000083700000|100%| O|  |TAMS 0x0000000083600000, 0x0000000083600000| Untracked 
|  23|0x0000000083700000, 0x0000000083800000, 0x0000000083800000|100%| O|  |TAMS 0x0000000083700000, 0x0000000083700000| Untracked 
|  24|0x0000000083800000, 0x0000000083900000, 0x0000000083900000|100%| O|  |TAMS 0x0000000083800000, 0x0000000083800000| Untracked 
|  25|0x0000000083900000, 0x0000000083a00000, 0x0000000083a00000|100%| O|  |TAMS 0x0000000083900000, 0x0000000083900000| Untracked 
|  26|0x0000000083a00000, 0x0000000083b00000, 0x0000000083b00000|100%| O|  |TAMS 0x0000000083a00000, 0x0000000083a00000| Untracked 
|  27|0x0000000083b00000, 0x0000000083c00000, 0x0000000083c00000|100%| O|  |TAMS 0x0000000083b00000, 0x0000000083b00000| Untracked 
|  28|0x0000000083c00000, 0x0000000083d00000, 0x0000000083d00000|100%| O|  |TAMS 0x0000000083c00000, 0x0000000083c00000| Untracked 
|  29|0x0000000083d00000, 0x0000000083e00000, 0x0000000083e00000|100%| O|  |TAMS 0x0000000083d00000, 0x0000000083d00000| Untracked 
|  30|0x0000000083e00000, 0x0000000083f00000, 0x0000000083f00000|100%| O|  |TAMS 0x0000000083e00000, 0x0000000083e00000| Untracked 
|  31|0x0000000083f00000, 0x0000000084000000, 0x0000000084000000|100%| O|  |TAMS 0x0000000083f00000, 0x0000000083f00000| Untracked 
|  32|0x0000000084000000, 0x0000000084100000, 0x0000000084100000|100%| O|  |TAMS 0x0000000084000000, 0x0000000084000000| Untracked 
|  33|0x0000000084100000, 0x0000000084200000, 0x0000000084200000|100%| O|  |TAMS 0x0000000084100000, 0x0000000084100000| Untracked 
|  34|0x0000000084200000, 0x0000000084300000, 0x0000000084300000|100%| O|  |TAMS 0x0000000084200000, 0x0000000084200000| Untracked 
|  35|0x0000000084300000, 0x0000000084400000, 0x0000000084400000|100%| O|  |TAMS 0x0000000084300000, 0x0000000084300000| Untracked 
|  36|0x0000000084400000, 0x0000000084500000, 0x0000000084500000|100%| O|  |TAMS 0x0000000084400000, 0x0000000084400000| Untracked 
|  37|0x0000000084500000, 0x0000000084600000, 0x0000000084600000|100%| O|  |TAMS 0x0000000084500000, 0x0000000084500000| Untracked 
|  38|0x0000000084600000, 0x0000000084700000, 0x0000000084700000|100%| O|  |TAMS 0x0000000084600000, 0x0000000084600000| Untracked 
|  39|0x0000000084700000, 0x0000000084800000, 0x0000000084800000|100%| O|  |TAMS 0x0000000084700000, 0x0000000084700000| Untracked 
|  40|0x0000000084800000, 0x0000000084839e00, 0x0000000084900000| 22%| O|  |TAMS 0x0000000084800000, 0x0000000084800000| Untracked 
|  41|0x0000000084900000, 0x0000000084900000, 0x0000000084a00000|  0%| F|  |TAMS 0x0000000084900000, 0x0000000084900000| Untracked 
|  42|0x0000000084a00000, 0x0000000084a00000, 0x0000000084b00000|  0%| F|  |TAMS 0x0000000084a00000, 0x0000000084a00000| Untracked 
|  43|0x0000000084b00000, 0x0000000084b00000, 0x0000000084c00000|  0%| F|  |TAMS 0x0000000084b00000, 0x0000000084b00000| Untracked 
|  44|0x0000000084c00000, 0x0000000084c00000, 0x0000000084d00000|  0%| F|  |TAMS 0x0000000084c00000, 0x0000000084c00000| Untracked 
|  45|0x0000000084d00000, 0x0000000084d00000, 0x0000000084e00000|  0%| F|  |TAMS 0x0000000084d00000, 0x0000000084d00000| Untracked 
|  46|0x0000000084e00000, 0x0000000084e00000, 0x0000000084f00000|  0%| F|  |TAMS 0x0000000084e00000, 0x0000000084e00000| Untracked 
|  47|0x0000000084f00000, 0x0000000084f00000, 0x0000000085000000|  0%| F|  |TAMS 0x0000000084f00000, 0x0000000084f00000| Untracked 
|  48|0x0000000085000000, 0x0000000085000000, 0x0000000085100000|  0%| F|  |TAMS 0x0000000085000000, 0x0000000085000000| Untracked 
|  49|0x0000000085100000, 0x0000000085100000, 0x0000000085200000|  0%| F|  |TAMS 0x0000000085100000, 0x0000000085100000| Untracked 
|  50|0x0000000085200000, 0x0000000085200000, 0x0000000085300000|  0%| F|  |TAMS 0x0000000085200000, 0x0000000085200000| Untracked 
|  51|0x0000000085300000, 0x0000000085300000, 0x0000000085400000|  0%| F|  |TAMS 0x0000000085300000, 0x0000000085300000| Untracked 
|  52|0x0000000085400000, 0x0000000085400000, 0x0000000085500000|  0%| F|  |TAMS 0x0000000085400000, 0x0000000085400000| Untracked 
|  53|0x0000000085500000, 0x0000000085500000, 0x0000000085600000|  0%| F|  |TAMS 0x0000000085500000, 0x0000000085500000| Untracked 
|  54|0x0000000085600000, 0x0000000085600000, 0x0000000085700000|  0%| F|  |TAMS 0x0000000085600000, 0x0000000085600000| Untracked 
|  55|0x0000000085700000, 0x0000000085700000, 0x0000000085800000|  0%| F|  |TAMS 0x0000000085700000, 0x0000000085700000| Untracked 
|  56|0x0000000085800000, 0x0000000085800000, 0x0000000085900000|  0%| F|  |TAMS 0x0000000085800000, 0x0000000085800000| Untracked 
|  57|0x0000000085900000, 0x0000000085900000, 0x0000000085a00000|  0%| F|  |TAMS 0x0000000085900000, 0x0000000085900000| Untracked 
|  58|0x0000000085a00000, 0x0000000085a00000, 0x0000000085b00000|  0%| F|  |TAMS 0x0000000085a00000, 0x0000000085a00000| Untracked 
|  59|0x0000000085b00000, 0x0000000085b00000, 0x0000000085c00000|  0%| F|  |TAMS 0x0000000085b00000, 0x0000000085b00000| Untracked 
|  60|0x0000000085c00000, 0x0000000085c00000, 0x0000000085d00000|  0%| F|  |TAMS 0x0000000085c00000, 0x0000000085c00000| Untracked 
|  61|0x0000000085d00000, 0x0000000085d00000, 0x0000000085e00000|  0%| F|  |TAMS 0x0000000085d00000, 0x0000000085d00000| Untracked 
|  62|0x0000000085e00000, 0x0000000085e00000, 0x0000000085f00000|  0%| F|  |TAMS 0x0000000085e00000, 0x0000000085e00000| Untracked 
|  63|0x0000000085f00000, 0x0000000085f00000, 0x0000000086000000|  0%| F|  |TAMS 0x0000000085f00000, 0x0000000085f00000| Untracked 
|  64|0x0000000086000000, 0x0000000086000000, 0x0000000086100000|  0%| F|  |TAMS 0x0000000086000000, 0x0000000086000000| Untracked 
|  65|0x0000000086100000, 0x0000000086100000, 0x0000000086200000|  0%| F|  |TAMS 0x0000000086100000, 0x0000000086100000| Untracked 
|  66|0x0000000086200000, 0x00000000862c9180, 0x0000000086300000| 78%| S|CS|TAMS 0x0000000086200000, 0x0000000086200000| Complete 
|  67|0x0000000086300000, 0x0000000086400000, 0x0000000086400000|100%| S|CS|TAMS 0x0000000086300000, 0x0000000086300000| Complete 
|  68|0x0000000086400000, 0x0000000086500000, 0x0000000086500000|100%| S|CS|TAMS 0x0000000086400000, 0x0000000086400000| Complete 
|  69|0x0000000086500000, 0x0000000086600000, 0x0000000086600000|100%| S|CS|TAMS 0x0000000086500000, 0x0000000086500000| Complete 
|  70|0x0000000086600000, 0x0000000086700000, 0x0000000086700000|100%| S|CS|TAMS 0x0000000086600000, 0x0000000086600000| Complete 
|  71|0x0000000086700000, 0x0000000086800000, 0x0000000086800000|100%| S|CS|TAMS 0x0000000086700000, 0x0000000086700000| Complete 
|  72|0x0000000086800000, 0x0000000086800000, 0x0000000086900000|  0%| F|  |TAMS 0x0000000086800000, 0x0000000086800000| Untracked 
|  73|0x0000000086900000, 0x0000000086900000, 0x0000000086a00000|  0%| F|  |TAMS 0x0000000086900000, 0x0000000086900000| Untracked 
|  74|0x0000000086a00000, 0x0000000086a00000, 0x0000000086b00000|  0%| F|  |TAMS 0x0000000086a00000, 0x0000000086a00000| Untracked 
|  75|0x0000000086b00000, 0x0000000086b00000, 0x0000000086c00000|  0%| F|  |TAMS 0x0000000086b00000, 0x0000000086b00000| Untracked 
|  76|0x0000000086c00000, 0x0000000086c00000, 0x0000000086d00000|  0%| F|  |TAMS 0x0000000086c00000, 0x0000000086c00000| Untracked 
|  77|0x0000000086d00000, 0x0000000086d00000, 0x0000000086e00000|  0%| F|  |TAMS 0x0000000086d00000, 0x0000000086d00000| Untracked 
|  78|0x0000000086e00000, 0x0000000086e00000, 0x0000000086f00000|  0%| F|  |TAMS 0x0000000086e00000, 0x0000000086e00000| Untracked 
|  79|0x0000000086f00000, 0x0000000086f00000, 0x0000000087000000|  0%| F|  |TAMS 0x0000000086f00000, 0x0000000086f00000| Untracked 
|  80|0x0000000087000000, 0x0000000087000000, 0x0000000087100000|  0%| F|  |TAMS 0x0000000087000000, 0x0000000087000000| Untracked 
|  81|0x0000000087100000, 0x0000000087100000, 0x0000000087200000|  0%| F|  |TAMS 0x0000000087100000, 0x0000000087100000| Untracked 
|  82|0x0000000087200000, 0x0000000087200000, 0x0000000087300000|  0%| F|  |TAMS 0x0000000087200000, 0x0000000087200000| Untracked 
|  83|0x0000000087300000, 0x0000000087300000, 0x0000000087400000|  0%| F|  |TAMS 0x0000000087300000, 0x0000000087300000| Untracked 
|  84|0x0000000087400000, 0x0000000087400000, 0x0000000087500000|  0%| F|  |TAMS 0x0000000087400000, 0x0000000087400000| Untracked 
|  85|0x0000000087500000, 0x0000000087500000, 0x0000000087600000|  0%| F|  |TAMS 0x0000000087500000, 0x0000000087500000| Untracked 
|  86|0x0000000087600000, 0x0000000087600000, 0x0000000087700000|  0%| F|  |TAMS 0x0000000087600000, 0x0000000087600000| Untracked 
|  87|0x0000000087700000, 0x0000000087700000, 0x0000000087800000|  0%| F|  |TAMS 0x0000000087700000, 0x0000000087700000| Untracked 
|  88|0x0000000087800000, 0x0000000087800000, 0x0000000087900000|  0%| F|  |TAMS 0x0000000087800000, 0x0000000087800000| Untracked 
|  89|0x0000000087900000, 0x0000000087a00000, 0x0000000087a00000|100%| E|  |TAMS 0x0000000087900000, 0x0000000087900000| Complete 
|  90|0x0000000087a00000, 0x0000000087b00000, 0x0000000087b00000|100%| E|CS|TAMS 0x0000000087a00000, 0x0000000087a00000| Complete 
|  91|0x0000000087b00000, 0x0000000087c00000, 0x0000000087c00000|100%| E|CS|TAMS 0x0000000087b00000, 0x0000000087b00000| Complete 
|  92|0x0000000087c00000, 0x0000000087d00000, 0x0000000087d00000|100%| E|CS|TAMS 0x0000000087c00000, 0x0000000087c00000| Complete 
|  93|0x0000000087d00000, 0x0000000087e00000, 0x0000000087e00000|100%| E|CS|TAMS 0x0000000087d00000, 0x0000000087d00000| Complete 
|  94|0x0000000087e00000, 0x0000000087f00000, 0x0000000087f00000|100%| E|CS|TAMS 0x0000000087e00000, 0x0000000087e00000| Complete 
|  95|0x0000000087f00000, 0x0000000088000000, 0x0000000088000000|100%| E|CS|TAMS 0x0000000087f00000, 0x0000000087f00000| Complete 
|  96|0x0000000088000000, 0x0000000088100000, 0x0000000088100000|100%| E|CS|TAMS 0x0000000088000000, 0x0000000088000000| Complete 
|  97|0x0000000088100000, 0x0000000088200000, 0x0000000088200000|100%| E|CS|TAMS 0x0000000088100000, 0x0000000088100000| Complete 
|  98|0x0000000088200000, 0x0000000088300000, 0x0000000088300000|100%| E|CS|TAMS 0x0000000088200000, 0x0000000088200000| Complete 
|  99|0x0000000088300000, 0x0000000088400000, 0x0000000088400000|100%| E|CS|TAMS 0x0000000088300000, 0x0000000088300000| Complete 
| 100|0x0000000088400000, 0x0000000088500000, 0x0000000088500000|100%| E|CS|TAMS 0x0000000088400000, 0x0000000088400000| Complete 
| 101|0x0000000088500000, 0x0000000088600000, 0x0000000088600000|100%| E|CS|TAMS 0x0000000088500000, 0x0000000088500000| Complete 
| 102|0x0000000088600000, 0x0000000088700000, 0x0000000088700000|100%| E|CS|TAMS 0x0000000088600000, 0x0000000088600000| Complete 
| 103|0x0000000088700000, 0x0000000088800000, 0x0000000088800000|100%| E|CS|TAMS 0x0000000088700000, 0x0000000088700000| Complete 
| 104|0x0000000088800000, 0x0000000088900000, 0x0000000088900000|100%| E|CS|TAMS 0x0000000088800000, 0x0000000088800000| Complete 
| 105|0x0000000088900000, 0x0000000088a00000, 0x0000000088a00000|100%| E|CS|TAMS 0x0000000088900000, 0x0000000088900000| Complete 
| 106|0x0000000088a00000, 0x0000000088b00000, 0x0000000088b00000|100%| E|CS|TAMS 0x0000000088a00000, 0x0000000088a00000| Complete 
| 107|0x0000000088b00000, 0x0000000088c00000, 0x0000000088c00000|100%| E|CS|TAMS 0x0000000088b00000, 0x0000000088b00000| Complete 
| 108|0x0000000088c00000, 0x0000000088d00000, 0x0000000088d00000|100%| E|CS|TAMS 0x0000000088c00000, 0x0000000088c00000| Complete 
| 109|0x0000000088d00000, 0x0000000088e00000, 0x0000000088e00000|100%| E|CS|TAMS 0x0000000088d00000, 0x0000000088d00000| Complete 
| 110|0x0000000088e00000, 0x0000000088f00000, 0x0000000088f00000|100%| E|CS|TAMS 0x0000000088e00000, 0x0000000088e00000| Complete 
| 111|0x0000000088f00000, 0x0000000089000000, 0x0000000089000000|100%| E|CS|TAMS 0x0000000088f00000, 0x0000000088f00000| Complete 
| 112|0x0000000089000000, 0x0000000089100000, 0x0000000089100000|100%| E|CS|TAMS 0x0000000089000000, 0x0000000089000000| Complete 
| 113|0x0000000089100000, 0x0000000089200000, 0x0000000089200000|100%| E|CS|TAMS 0x0000000089100000, 0x0000000089100000| Complete 
| 114|0x0000000089200000, 0x0000000089300000, 0x0000000089300000|100%| E|CS|TAMS 0x0000000089200000, 0x0000000089200000| Complete 
| 115|0x0000000089300000, 0x0000000089400000, 0x0000000089400000|100%| E|CS|TAMS 0x0000000089300000, 0x0000000089300000| Complete 
| 116|0x0000000089400000, 0x0000000089500000, 0x0000000089500000|100%| E|CS|TAMS 0x0000000089400000, 0x0000000089400000| Complete 
| 117|0x0000000089500000, 0x0000000089600000, 0x0000000089600000|100%| E|CS|TAMS 0x0000000089500000, 0x0000000089500000| Complete 
| 118|0x0000000089600000, 0x0000000089700000, 0x0000000089700000|100%| E|CS|TAMS 0x0000000089600000, 0x0000000089600000| Complete 
| 119|0x0000000089700000, 0x0000000089800000, 0x0000000089800000|100%| E|CS|TAMS 0x0000000089700000, 0x0000000089700000| Complete 
| 120|0x0000000089800000, 0x0000000089900000, 0x0000000089900000|100%| E|CS|TAMS 0x0000000089800000, 0x0000000089800000| Complete 
| 121|0x0000000089900000, 0x0000000089a00000, 0x0000000089a00000|100%| E|CS|TAMS 0x0000000089900000, 0x0000000089900000| Complete 
| 122|0x0000000089a00000, 0x0000000089b00000, 0x0000000089b00000|100%| E|CS|TAMS 0x0000000089a00000, 0x0000000089a00000| Complete 
| 123|0x0000000089b00000, 0x0000000089c00000, 0x0000000089c00000|100%| E|CS|TAMS 0x0000000089b00000, 0x0000000089b00000| Complete 
| 124|0x0000000089c00000, 0x0000000089d00000, 0x0000000089d00000|100%| E|CS|TAMS 0x0000000089c00000, 0x0000000089c00000| Complete 
| 125|0x0000000089d00000, 0x0000000089e00000, 0x0000000089e00000|100%| E|CS|TAMS 0x0000000089d00000, 0x0000000089d00000| Complete 
| 126|0x0000000089e00000, 0x0000000089f00000, 0x0000000089f00000|100%| E|CS|TAMS 0x0000000089e00000, 0x0000000089e00000| Complete 
| 127|0x0000000089f00000, 0x000000008a000000, 0x000000008a000000|100%| E|CS|TAMS 0x0000000089f00000, 0x0000000089f00000| Complete 
| 128|0x000000008a000000, 0x000000008a100000, 0x000000008a100000|100%| E|CS|TAMS 0x000000008a000000, 0x000000008a000000| Complete 
| 151|0x000000008b700000, 0x000000008b800000, 0x000000008b800000|100%| E|CS|TAMS 0x000000008b700000, 0x000000008b700000| Complete 

Card table byte_map: [0x000001b69e1a0000,0x000001b69e590000] _byte_map_base: 0x000001b69dd90000

Marking Bits (Prev, Next): (CMBitMap*) 0x000001b68631fed8, (CMBitMap*) 0x000001b68631fe98
 Prev Bits: [0x000001b6a0900000, 0x000001b6a2880000)
 Next Bits: [0x000001b69e980000, 0x000001b6a0900000)

Polling page: 0x000001b685ab0000

Metaspace:

Usage:
  Non-class:     21.81 MB capacity,    21.40 MB ( 98%) used,   385.13 KB (  2%) free+waste,    40.75 KB ( <1%) overhead. 
      Class:      2.85 MB capacity,     2.63 MB ( 92%) used,   202.40 KB (  7%) free+waste,    18.56 KB ( <1%) overhead. 
       Both:     24.66 MB capacity,    24.03 MB ( 97%) used,   587.53 KB (  2%) free+waste,    59.31 KB ( <1%) overhead. 

Virtual space:
  Non-class space:       22.00 MB reserved,      22.00 MB (100%) committed 
      Class space:        1.00 GB reserved,       2.88 MB ( <1%) committed 
             Both:        1.02 GB reserved,      24.88 MB (  2%) committed 

Chunk freelists:
   Non-Class:  0 bytes
       Class:  27.00 KB
        Both:  27.00 KB

MaxMetaspaceSize: 17179869184.00 GB
CompressedClassSpaceSize: 1.00 GB

CodeHeap 'non-profiled nmethods': size=120000Kb used=2233Kb max_used=2233Kb free=117766Kb
 bounds [0x000001b696550000, 0x000001b6967c0000, 0x000001b69da80000]
CodeHeap 'profiled nmethods': size=120000Kb used=10040Kb max_used=11934Kb free=109959Kb
 bounds [0x000001b68f020000, 0x000001b68fbd0000, 0x000001b696550000]
CodeHeap 'non-nmethods': size=5760Kb used=1255Kb max_used=1322Kb free=4504Kb
 bounds [0x000001b68ea80000, 0x000001b68ecf0000, 0x000001b68f020000]
 total_blobs=5013 nmethods=4485 adapters=440
 compilation: enabled
              stopped_count=0, restarted_count=0
 full_count=0

Compilation events (20 events):
Event: 5.354 Thread 0x000001b6a5b95800 5254 %     3       org.apache.tomcat.util.bcel.classfile.JavaClass::getAnnotationEntries @ 22 (121 bytes)
Event: 5.355 Thread 0x000001b6a5b95800 nmethod 5254% 0x000001b68f44a390 code [0x000001b68f44a5e0, 0x000001b68f44b488]
Event: 5.367 Thread 0x000001b6a5b95800 5255       3       org.apache.tomcat.util.bcel.classfile.JavaClass::getAnnotationEntries (121 bytes)
Event: 5.368 Thread 0x000001b6a5b95800 nmethod 5255 0x000001b68f866b10 code [0x000001b68f866d60, 0x000001b68f867e78]
Event: 5.371 Thread 0x000001b6a5b94000 nmethod 4938% 0x000001b69679dc10 code [0x000001b69679ed40, 0x000001b6967aa080]
Event: 5.371 Thread 0x000001b6a5b94000 5227 %     4       sun.nio.fs.WindowsPathParser::normalize @ 18 (233 bytes)
Event: 5.386 Thread 0x000001b6a5b95800 5258       3       org.apache.tomcat.util.bcel.classfile.ClassParser::readAttributes (47 bytes)
Event: 5.386 Thread 0x000001b6a5b95800 nmethod 5258 0x000001b68f420710 code [0x000001b68f4208e0, 0x000001b68f420e18]
Event: 5.391 Thread 0x000001b6a5b95800 5259       3       org.apache.tomcat.util.bcel.classfile.Attribute::readAttribute (527 bytes)
Event: 5.392 Thread 0x000001b6a5b95800 nmethod 5259 0x000001b68f2dd390 code [0x000001b68f2dd960, 0x000001b68f2e0d38]
Event: 5.407 Thread 0x000001b6a5b94000 nmethod 5227% 0x000001b6965af390 code [0x000001b6965af860, 0x000001b6965b1960]
Event: 5.407 Thread 0x000001b6a5b94000 5256       4       jdk.internal.loader.URLClassPath::findResource (38 bytes)
Event: 5.409 Thread 0x000001b6a5b94000 nmethod 5256 0x000001b69670db90 code [0x000001b69670dd60, 0x000001b69670df70]
Event: 5.409 Thread 0x000001b6a5b94000 5257       4       org.apache.tomcat.util.bcel.classfile.ConstantPool::<init> (74 bytes)
Event: 5.436 Thread 0x000001b6a5b95800 5261   !   2       org.apache.tomcat.util.scan.FileUrlJar::close (19 bytes)
Event: 5.436 Thread 0x000001b6a5b95800 nmethod 5261 0x000001b68f5eb310 code [0x000001b68f5eb4c0, 0x000001b68f5eb628]
Event: 5.454 Thread 0x000001b6a5b95800 5264       2       org.apache.tomcat.util.bcel.classfile.Synthetic::<init> (16 bytes)
Event: 5.454 Thread 0x000001b6a5b95800 nmethod 5264 0x000001b68f5ead10 code [0x000001b68f5eaea0, 0x000001b68f5eb078]
Event: 5.457 Thread 0x000001b6a5b95800 5265       2       org.apache.tomcat.util.bcel.classfile.Synthetic::<init> (40 bytes)
Event: 5.457 Thread 0x000001b6a5b95800 nmethod 5265 0x000001b68f94e010 code [0x000001b68f94e1c0, 0x000001b68f94e4f8]

GC Heap History (20 events):
Event: 3.977 GC heap before
{Heap before GC invocations=9 (full 0):
 garbage-first heap   total 61440K, used 45332K [0x0000000082000000, 0x0000000100000000)
  region size 1024K, 22 young (22528K), 3 survivors (3072K)
 Metaspace       used 23247K, capacity 23822K, committed 24064K, reserved 1071104K
  class space    used 2573K, capacity 2785K, committed 2816K, reserved 1048576K
}
Event: 3.983 GC heap after
{Heap after GC invocations=10 (full 0):
 garbage-first heap   total 73728K, used 28124K [0x0000000082000000, 0x0000000100000000)
  region size 1024K, 2 young (2048K), 2 survivors (2048K)
 Metaspace       used 23247K, capacity 23822K, committed 24064K, reserved 1071104K
  class space    used 2573K, capacity 2785K, committed 2816K, reserved 1048576K
}
Event: 4.120 GC heap before
{Heap before GC invocations=10 (full 0):
 garbage-first heap   total 73728K, used 55772K [0x0000000082000000, 0x0000000100000000)
  region size 1024K, 29 young (29696K), 2 survivors (2048K)
 Metaspace       used 23259K, capacity 23886K, committed 24064K, reserved 1071104K
  class space    used 2573K, capacity 2785K, committed 2816K, reserved 1048576K
}
Event: 4.127 GC heap after
{Heap after GC invocations=11 (full 0):
 garbage-first heap   total 73728K, used 30182K [0x0000000082000000, 0x0000000100000000)
  region size 1024K, 4 young (4096K), 4 survivors (4096K)
 Metaspace       used 23259K, capacity 23886K, committed 24064K, reserved 1071104K
  class space    used 2573K, capacity 2785K, committed 2816K, reserved 1048576K
}
Event: 4.237 GC heap before
{Heap before GC invocations=11 (full 0):
 garbage-first heap   total 73728K, used 55782K [0x0000000082000000, 0x0000000100000000)
  region size 1024K, 29 young (29696K), 4 survivors (4096K)
 Metaspace       used 23261K, capacity 23886K, committed 24064K, reserved 1071104K
  class space    used 2573K, capacity 2785K, committed 2816K, reserved 1048576K
}
Event: 4.243 GC heap after
{Heap after GC invocations=12 (full 0):
 garbage-first heap   total 73728K, used 31170K [0x0000000082000000, 0x0000000100000000)
  region size 1024K, 3 young (3072K), 3 survivors (3072K)
 Metaspace       used 23261K, capacity 23886K, committed 24064K, reserved 1071104K
  class space    used 2573K, capacity 2785K, committed 2816K, reserved 1048576K
}
Event: 4.357 GC heap before
{Heap before GC invocations=12 (full 0):
 garbage-first heap   total 73728K, used 55746K [0x0000000082000000, 0x0000000100000000)
  region size 1024K, 27 young (27648K), 3 survivors (3072K)
 Metaspace       used 23266K, capacity 23886K, committed 24064K, reserved 1071104K
  class space    used 2573K, capacity 2785K, committed 2816K, reserved 1048576K
}
Event: 4.363 GC heap after
{Heap after GC invocations=13 (full 0):
 garbage-first heap   total 73728K, used 32576K [0x0000000082000000, 0x0000000100000000)
  region size 1024K, 3 young (3072K), 3 survivors (3072K)
 Metaspace       used 23266K, capacity 23886K, committed 24064K, reserved 1071104K
  class space    used 2573K, capacity 2785K, committed 2816K, reserved 1048576K
}
Event: 4.442 GC heap before
{Heap before GC invocations=13 (full 0):
 garbage-first heap   total 73728K, used 56128K [0x0000000082000000, 0x0000000100000000)
  region size 1024K, 26 young (26624K), 3 survivors (3072K)
 Metaspace       used 23270K, capacity 23886K, committed 24064K, reserved 1071104K
  class space    used 2573K, capacity 2785K, committed 2816K, reserved 1048576K
}
Event: 4.448 GC heap after
{Heap after GC invocations=14 (full 0):
 garbage-first heap   total 89088K, used 33625K [0x0000000082000000, 0x0000000100000000)
  region size 1024K, 2 young (2048K), 2 survivors (2048K)
 Metaspace       used 23270K, capacity 23886K, committed 24064K, reserved 1071104K
  class space    used 2573K, capacity 2785K, committed 2816K, reserved 1048576K
}
Event: 4.603 GC heap before
{Heap before GC invocations=14 (full 0):
 garbage-first heap   total 89088K, used 68441K [0x0000000082000000, 0x0000000100000000)
  region size 1024K, 36 young (36864K), 2 survivors (2048K)
 Metaspace       used 24070K, capacity 24689K, committed 24960K, reserved 1071104K
  class space    used 2649K, capacity 2882K, committed 2944K, reserved 1048576K
}
Event: 4.611 GC heap after
{Heap after GC invocations=15 (full 0):
 garbage-first heap   total 89088K, used 37338K [0x0000000082000000, 0x0000000100000000)
  region size 1024K, 5 young (5120K), 5 survivors (5120K)
 Metaspace       used 24070K, capacity 24689K, committed 24960K, reserved 1071104K
  class space    used 2649K, capacity 2882K, committed 2944K, reserved 1048576K
}
Event: 4.786 GC heap before
{Heap before GC invocations=15 (full 0):
 garbage-first heap   total 89088K, used 68058K [0x0000000082000000, 0x0000000100000000)
  region size 1024K, 35 young (35840K), 5 survivors (5120K)
 Metaspace       used 24563K, capacity 25175K, committed 25216K, reserved 1071104K
  class space    used 2692K, capacity 2915K, committed 2944K, reserved 1048576K
}
Event: 4.794 GC heap after
{Heap after GC invocations=16 (full 0):
 garbage-first heap   total 89088K, used 38666K [0x0000000082000000, 0x0000000100000000)
  region size 1024K, 3 young (3072K), 3 survivors (3072K)
 Metaspace       used 24563K, capacity 25175K, committed 25216K, reserved 1071104K
  class space    used 2692K, capacity 2915K, committed 2944K, reserved 1048576K
}
Event: 4.908 GC heap before
{Heap before GC invocations=16 (full 0):
 garbage-first heap   total 89088K, used 69386K [0x0000000082000000, 0x0000000100000000)
  region size 1024K, 33 young (33792K), 3 survivors (3072K)
 Metaspace       used 24563K, capacity 25175K, committed 25216K, reserved 1071104K
  class space    used 2692K, capacity 2915K, committed 2944K, reserved 1048576K
}
Event: 4.916 GC heap after
{Heap after GC invocations=17 (full 0):
 garbage-first heap   total 89088K, used 41085K [0x0000000082000000, 0x0000000100000000)
  region size 1024K, 3 young (3072K), 3 survivors (3072K)
 Metaspace       used 24563K, capacity 25175K, committed 25216K, reserved 1071104K
  class space    used 2692K, capacity 2915K, committed 2944K, reserved 1048576K
}
Event: 5.010 GC heap before
{Heap before GC invocations=17 (full 0):
 garbage-first heap   total 89088K, used 69757K [0x0000000082000000, 0x0000000100000000)
  region size 1024K, 31 young (31744K), 3 survivors (3072K)
 Metaspace       used 24565K, capacity 25175K, committed 25216K, reserved 1071104K
  class space    used 2692K, capacity 2915K, committed 2944K, reserved 1048576K
}
Event: 5.054 GC heap after
{Heap after GC invocations=18 (full 0):
 garbage-first heap   total 133120K, used 42678K [0x0000000082000000, 0x0000000100000000)
  region size 1024K, 3 young (3072K), 3 survivors (3072K)
 Metaspace       used 24565K, capacity 25175K, committed 25216K, reserved 1071104K
  class space    used 2692K, capacity 2915K, committed 2944K, reserved 1048576K
}
Event: 5.342 GC heap before
{Heap before GC invocations=18 (full 0):
 garbage-first heap   total 133120K, used 102070K [0x0000000082000000, 0x0000000100000000)
  region size 1024K, 61 young (62464K), 3 survivors (3072K)
 Metaspace       used 24592K, capacity 25253K, committed 25472K, reserved 1071104K
  class space    used 2696K, capacity 2917K, committed 2944K, reserved 1048576K
}
Event: 5.350 GC heap after
{Heap after GC invocations=19 (full 0):
 garbage-first heap   total 133120K, used 46255K [0x0000000082000000, 0x0000000100000000)
  region size 1024K, 6 young (6144K), 6 survivors (6144K)
 Metaspace       used 24592K, capacity 25253K, committed 25472K, reserved 1071104K
  class space    used 2696K, capacity 2917K, committed 2944K, reserved 1048576K
}

Deoptimization events (20 events):
Event: 5.432 Thread 0x000001b6a84e7800 DEOPT PACKING pc=0x000001b68fb60833 sp=0x0000003cc54fe530
Event: 5.432 Thread 0x000001b6a84e7800 DEOPT UNPACKING pc=0x000001b68eac964e sp=0x0000003cc54fd9e8 mode 0
Event: 5.433 Thread 0x000001b6a84e7800 DEOPT PACKING pc=0x000001b68f2e027b sp=0x0000003cc54fe2c0
Event: 5.433 Thread 0x000001b6a84e7800 DEOPT UNPACKING pc=0x000001b68eac964e sp=0x0000003cc54fd8a8 mode 0
Event: 5.436 Thread 0x000001b6a84e7800 DEOPT PACKING pc=0x000001b68f2e027b sp=0x0000003cc54fe030
Event: 5.436 Thread 0x000001b6a84e7800 DEOPT UNPACKING pc=0x000001b68eac964e sp=0x0000003cc54fd618 mode 0
Event: 5.439 Thread 0x000001b6a84e7800 DEOPT PACKING pc=0x000001b68f8db31c sp=0x0000003cc54fd880
Event: 5.439 Thread 0x000001b6a84e7800 DEOPT UNPACKING pc=0x000001b68eac964e sp=0x0000003cc54fce20 mode 0
Event: 5.443 Thread 0x000001b6a84e7800 DEOPT PACKING pc=0x000001b68fb60833 sp=0x0000003cc54fe530
Event: 5.443 Thread 0x000001b6a84e7800 DEOPT UNPACKING pc=0x000001b68eac964e sp=0x0000003cc54fd9e8 mode 0
Event: 5.445 Thread 0x000001b6a84e7800 DEOPT PACKING pc=0x000001b68f2e027b sp=0x0000003cc54fdfa0
Event: 5.445 Thread 0x000001b6a84e7800 DEOPT UNPACKING pc=0x000001b68eac964e sp=0x0000003cc54fd588 mode 0
Event: 5.446 Thread 0x000001b6a84e7800 DEOPT PACKING pc=0x000001b68f13d1f4 sp=0x0000003cc54fe510
Event: 5.446 Thread 0x000001b6a84e7800 DEOPT UNPACKING pc=0x000001b68eac964e sp=0x0000003cc54fd9f0 mode 0
Event: 5.452 Thread 0x000001b6a84e7800 DEOPT PACKING pc=0x000001b68f2e027b sp=0x0000003cc54fe2c0
Event: 5.452 Thread 0x000001b6a84e7800 DEOPT UNPACKING pc=0x000001b68eac964e sp=0x0000003cc54fd8a8 mode 0
Event: 5.453 Thread 0x000001b6a84e7800 DEOPT PACKING pc=0x000001b68fb60833 sp=0x0000003cc54fe530
Event: 5.453 Thread 0x000001b6a84e7800 DEOPT UNPACKING pc=0x000001b68eac964e sp=0x0000003cc54fd9e8 mode 0
Event: 5.459 Thread 0x000001b6a84e7800 DEOPT PACKING pc=0x000001b68f2e027b sp=0x0000003cc54fe2c0
Event: 5.459 Thread 0x000001b6a84e7800 DEOPT UNPACKING pc=0x000001b68eac964e sp=0x0000003cc54fd8a8 mode 0

Classes unloaded (0 events):
No events

Classes redefined (0 events):
No events

Internal exceptions (15 events):
Event: 0.200 Thread 0x000001b6862dc000 Exception <a 'java/lang/NoSuchMethodError'{0x0000000089a0a800}: 'int java.lang.invoke.DirectMethodHandle$Holder.invokeSpecialIFC(java.lang.Object, java.lang.Object, int)'> (0x0000000089a0a800) 
thrown [./open/src/hotspot/share/interpreter/linkResolver.cpp, line 766]
Event: 1.060 Thread 0x000001b6862dc000 Exception <a 'java/lang/NoClassDefFoundError'{0x000000008998b820}: com/google/inject/servlet/ServletModuleTargetVisitor> (0x000000008998b820) 
thrown [./open/src/hotspot/share/classfile/systemDictionary.cpp, line 215]
Event: 1.060 Thread 0x000001b6862dc000 Exception <a 'java/lang/NoClassDefFoundError'{0x000000008998e718}: javax/annotation/Priority> (0x000000008998e718) 
thrown [./open/src/hotspot/share/classfile/systemDictionary.cpp, line 215]
Event: 1.123 Thread 0x000001b6862dc000 Exception <a 'java/lang/NoSuchMethodError'{0x00000000898d56f0}: 'java.lang.Object java.lang.invoke.DirectMethodHandle$Holder.invokeStaticInit(java.lang.Object, int, int, int, int)'> (0x00000000898d56f0) 
thrown [./open/src/hotspot/share/interpreter/linkResolver.cpp, line 766]
Event: 1.222 Thread 0x000001b6862dc000 Implicit null exception at 0x000001b6965742e4 to 0x000001b6965748e4
Event: 1.222 Thread 0x000001b6862dc000 Implicit null exception at 0x000001b69657eae4 to 0x000001b69657f0b8
Event: 1.404 Thread 0x000001b6862dc000 Implicit null exception at 0x000001b6965f6f68 to 0x000001b6965f6ffa
Event: 1.404 Thread 0x000001b6862dc000 Implicit null exception at 0x000001b6965f0aa5 to 0x000001b6965f0d00
Event: 1.404 Thread 0x000001b6862dc000 Implicit null exception at 0x000001b69657bcaf to 0x000001b69657bd2d
Event: 3.010 Thread 0x000001b6862dc000 Exception <a 'java/io/FileNotFoundException'{0x00000000897901a0}> (0x00000000897901a0) 
thrown [./open/src/hotspot/share/prims/jni.cpp, line 599]
Event: 3.097 Thread 0x000001b6862dc000 Exception <a 'java/lang/NoSuchMethodError'{0x0000000089554740}: 'java.lang.Object java.lang.invoke.DirectMethodHandle$Holder.invokeStaticInit(java.lang.Object, java.lang.Object, int, int, int, int)'> (0x0000000089554740) 
thrown [./open/src/hotspot/share/interpreter/linkResolver.cpp, line 766]
Event: 3.222 Thread 0x000001b6862dc000 Exception <a 'java/lang/NoSuchMethodError'{0x0000000088d1ecf0}: 'java.lang.Object java.lang.invoke.DirectMethodHandle$Holder.invokeStaticInit(java.lang.Object, java.lang.Object, java.lang.Object)'> (0x0000000088d1ecf0) 
thrown [./open/src/hotspot/share/interpreter/linkResolver.cpp, line 766]
Event: 3.225 Thread 0x000001b6862dc000 Exception <a 'java/lang/NoSuchMethodError'{0x0000000088d36d80}: 'int java.lang.invoke.DirectMethodHandle$Holder.invokeInterface(java.lang.Object, java.lang.Object)'> (0x0000000088d36d80) 
thrown [./open/src/hotspot/share/interpreter/linkResolver.cpp, line 766]
Event: 3.225 Thread 0x000001b6862dc000 Exception <a 'java/lang/IncompatibleClassChangeError'{0x0000000088d39b30}: Found class java.lang.Object, but interface was expected> (0x0000000088d39b30) 
thrown [./open/src/hotspot/share/interpreter/linkResolver.cpp, line 832]
Event: 3.466 Thread 0x000001b6862dc000 Exception <a 'java/lang/ClassNotFoundException'{0x00000000850ca5d8}: sun/util/logging/resources/spi/loggingProvider> (0x00000000850ca5d8) 
thrown [./open/src/hotspot/share/classfile/systemDictionary.cpp, line 226]

Events (20 events):
Event: 4.638 loading class sun/security/util/SignatureFileVerifier$ConfigurationHolder
Event: 4.638 loading class sun/security/util/SignatureFileVerifier$ConfigurationHolder done
Event: 4.641 loading class java/util/Base64
Event: 4.641 loading class java/util/Base64 done
Event: 4.641 loading class java/util/Base64$Decoder
Event: 4.642 loading class java/util/Base64$Decoder done
Event: 4.642 loading class java/util/Base64$Encoder
Event: 4.642 loading class java/util/Base64$Encoder done
Event: 4.643 loading class java/util/jar/JarVerifier$VerifierStream
Event: 4.643 loading class java/util/jar/JarVerifier$VerifierStream done
Event: 4.643 loading class sun/security/util/ManifestEntryVerifier$SunProviderHolder
Event: 4.643 loading class sun/security/util/ManifestEntryVerifier$SunProviderHolder done
Event: 4.786 Executing VM operation: G1CollectForAllocation
Event: 4.794 Executing VM operation: G1CollectForAllocation done
Event: 4.908 Executing VM operation: G1CollectForAllocation
Event: 4.916 Executing VM operation: G1CollectForAllocation done
Event: 5.010 Executing VM operation: G1CollectForAllocation
Event: 5.054 Executing VM operation: G1CollectForAllocation done
Event: 5.342 Executing VM operation: G1CollectForAllocation
Event: 5.350 Executing VM operation: G1CollectForAllocation done


Dynamic libraries:
0x00007ff7e0380000 - 0x00007ff7e038f000 	F:\java14\bin\java.exe
0x00007ffe7eec0000 - 0x00007ffe7f0b0000 	C:\windows\SYSTEM32\ntdll.dll
0x00007ffe7e0b0000 - 0x00007ffe7e162000 	C:\windows\System32\KERNEL32.DLL
0x00007ffe7cc90000 - 0x00007ffe7cf35000 	C:\windows\System32\KERNELBASE.dll
0x00007ffe7be60000 - 0x00007ffe7bf5a000 	C:\windows\System32\ucrtbase.dll
0x00007ffe4b7e0000 - 0x00007ffe4b7f8000 	F:\java14\bin\jli.dll
0x00007ffe7eca0000 - 0x00007ffe7ed43000 	C:\windows\System32\ADVAPI32.dll
0x00007ffe4b7c0000 - 0x00007ffe4b7d5000 	F:\java14\bin\VCRUNTIME140.dll
0x00007ffe7cf70000 - 0x00007ffe7d00e000 	C:\windows\System32\msvcrt.dll
0x00007ffe7e170000 - 0x00007ffe7e207000 	C:\windows\System32\sechost.dll
0x00007ffe7e450000 - 0x00007ffe7e56f000 	C:\windows\System32\RPCRT4.dll
0x00007ffe7e7c0000 - 0x00007ffe7e954000 	C:\windows\System32\USER32.dll
0x00007ffe7cf40000 - 0x00007ffe7cf61000 	C:\windows\System32\win32u.dll
0x00007ffe7df40000 - 0x00007ffe7df66000 	C:\windows\System32\GDI32.dll
0x00007ffe68bd0000 - 0x00007ffe68e54000 	C:\windows\WinSxS\amd64_microsoft.windows.common-controls_6595b64144ccf1df_6.0.18362.1441_none_9e7da8f1e45ea808\COMCTL32.dll
0x00007ffe7c2c0000 - 0x00007ffe7c458000 	C:\windows\System32\gdi32full.dll
0x00007ffe7e960000 - 0x00007ffe7ec96000 	C:\windows\System32\combase.dll
0x00007ffe7bf60000 - 0x00007ffe7bffe000 	C:\windows\System32\msvcp_win.dll
0x00007ffe7c460000 - 0x00007ffe7c4e1000 	C:\windows\System32\bcryptPrimitives.dll
0x00007ffe765a0000 - 0x00007ffe765aa000 	C:\windows\SYSTEM32\VERSION.dll
0x00007ffe7e790000 - 0x00007ffe7e7be000 	C:\windows\System32\IMM32.DLL
0x00007ffe4b550000 - 0x00007ffe4b5eb000 	F:\java14\bin\msvcp140.dll
0x00007ffe2d500000 - 0x00007ffe2e01e000 	F:\java14\bin\server\jvm.dll
0x00007ffe7e6b0000 - 0x00007ffe7e6b8000 	C:\windows\System32\PSAPI.DLL
0x00007ffe747f0000 - 0x00007ffe747f9000 	C:\windows\SYSTEM32\WSOCK32.dll
0x00007ffe79c90000 - 0x00007ffe79cb4000 	C:\windows\SYSTEM32\WINMM.dll
0x00007ffe7ee10000 - 0x00007ffe7ee7f000 	C:\windows\System32\WS2_32.dll
0x00007ffe79c60000 - 0x00007ffe79c8d000 	C:\windows\SYSTEM32\winmmbase.dll
0x00007ffe7c000000 - 0x00007ffe7c04a000 	C:\windows\System32\cfgmgr32.dll
0x00007ffe7be10000 - 0x00007ffe7be21000 	C:\windows\System32\kernel.appcore.dll
0x00007ffe4ce50000 - 0x00007ffe4ce5a000 	F:\java14\bin\jimage.dll
0x00007ffe649e0000 - 0x00007ffe64bd4000 	C:\windows\SYSTEM32\DBGHELP.DLL
0x00007ffe64020000 - 0x00007ffe6404a000 	C:\windows\SYSTEM32\dbgcore.DLL
0x00007ffe4b8f0000 - 0x00007ffe4b915000 	F:\java14\bin\java.dll
0x00007ffe4b8d0000 - 0x00007ffe4b8e6000 	F:\java14\bin\zip.dll
0x00007ffe7d030000 - 0x00007ffe7d718000 	C:\windows\System32\SHELL32.dll
0x00007ffe7d930000 - 0x00007ffe7d9d7000 	C:\windows\System32\shcore.dll
0x00007ffe7c510000 - 0x00007ffe7cc8b000 	C:\windows\System32\windows.storage.dll
0x00007ffe7bd80000 - 0x00007ffe7bd9e000 	C:\windows\System32\profapi.dll
0x00007ffe7bdc0000 - 0x00007ffe7be0a000 	C:\windows\System32\powrprof.dll
0x00007ffe7bd70000 - 0x00007ffe7bd80000 	C:\windows\System32\UMPDC.dll
0x00007ffe7d720000 - 0x00007ffe7d772000 	C:\windows\System32\shlwapi.dll
0x00007ffe7c4f0000 - 0x00007ffe7c507000 	C:\windows\System32\cryptsp.dll
0x00007ffe4b8b0000 - 0x00007ffe4b8c9000 	F:\java14\bin\net.dll
0x00007ffe78230000 - 0x00007ffe7832a000 	C:\windows\SYSTEM32\WINHTTP.dll
0x00007ffe7b5b0000 - 0x00007ffe7b617000 	C:\windows\system32\mswsock.dll
0x00007ffe4b890000 - 0x00007ffe4b8a2000 	F:\java14\bin\nio.dll
0x00007ffe4b880000 - 0x00007ffe4b890000 	F:\java14\bin\verify.dll
0x00007ffe797d0000 - 0x00007ffe797da000 	F:\apache-maven-3.6.3\lib\jansi-native\windows64\jansi.dll
0x00007ffe7b130000 - 0x00007ffe7b163000 	C:\windows\system32\rsaenh.dll
0x00007ffe7be30000 - 0x00007ffe7be56000 	C:\windows\System32\bcrypt.dll
0x00007ffe7bc50000 - 0x00007ffe7bc75000 	C:\windows\SYSTEM32\USERENV.dll
0x00007ffe7b780000 - 0x00007ffe7b78c000 	C:\windows\SYSTEM32\CRYPTBASE.dll
0x00007ffe7b2c0000 - 0x00007ffe7b2fa000 	C:\windows\SYSTEM32\IPHLPAPI.DLL
0x00007ffe7ed50000 - 0x00007ffe7ed58000 	C:\windows\System32\NSI.dll
0x00007ffe758d0000 - 0x00007ffe758e6000 	C:\windows\SYSTEM32\dhcpcsvc6.DLL
0x00007ffe758b0000 - 0x00007ffe758cc000 	C:\windows\SYSTEM32\dhcpcsvc.DLL
0x00007ffe7b300000 - 0x00007ffe7b3cb000 	C:\windows\SYSTEM32\DNSAPI.dll
0x00007ffe4b870000 - 0x00007ffe4b879000 	F:\java14\bin\management.dll
0x00007ffe4b860000 - 0x00007ffe4b86b000 	F:\java14\bin\management_ext.dll

dbghelp: loaded successfully - version: 4.0.5 - missing functions: none
symbol engine: initialized successfully - sym options: 0x614 - pdb path: .;F:\java14\bin;C:\windows\SYSTEM32;C:\windows\WinSxS\amd64_microsoft.windows.common-controls_6595b64144ccf1df_6.0.18362.1441_none_9e7da8f1e45ea808;F:\java14\bin\server;F:\apache-maven-3.6.3\lib\jansi-native\windows64

VM Arguments:
jvm_args: -Dclassworlds.conf=F:\apache-maven-3.6.3\bin\..\bin\m2.conf -Dmaven.home=F:\apache-maven-3.6.3\bin\.. -Dlibrary.jansi.path=F:\apache-maven-3.6.3\bin\..\lib\jansi-native -Dmaven.multiModuleProjectDirectory=F:\pingyougou_project\pinyougou-parent\pinyougou-seckill-web 
java_command: org.codehaus.plexus.classworlds.launcher.Launcher tomcat7:run
java_class_path (initial): F:\apache-maven-3.6.3\bin\..\boot\plexus-classworlds-2.6.0.jar
Launcher Type: SUN_STANDARD

[Global flags]
     intx CICompilerCount                          = 4                                         {product} {ergonomic}
     uint ConcGCThreads                            = 2                                         {product} {ergonomic}
     uint G1ConcRefinementThreads                  = 8                                         {product} {ergonomic}
   size_t G1HeapRegionSize                         = 1048576                                   {product} {ergonomic}
    uintx GCDrainStackTargetSize                   = 64                                        {product} {ergonomic}
   size_t InitialHeapSize                          = 132120576                                 {product} {ergonomic}
   size_t MarkStackSize                            = 4194304                                   {product} {ergonomic}
   size_t MaxHeapSize                              = 2113929216                                {product} {ergonomic}
   size_t MaxNewSize                               = 1267728384                                {product} {ergonomic}
   size_t MinHeapDeltaBytes                        = 1048576                                   {product} {ergonomic}
   size_t MinHeapSize                              = 8388608                                   {product} {ergonomic}
    uintx NonNMethodCodeHeapSize                   = 5839372                                {pd product} {ergonomic}
    uintx NonProfiledCodeHeapSize                  = 122909434                              {pd product} {ergonomic}
    uintx ProfiledCodeHeapSize                     = 122909434                              {pd product} {ergonomic}
    uintx ReservedCodeCacheSize                    = 251658240                              {pd product} {ergonomic}
     bool SegmentedCodeCache                       = true                                      {product} {ergonomic}
   size_t SoftMaxHeapSize                          = 2113929216                             {manageable} {ergonomic}
     bool UseCompressedClassPointers               = true                                 {lp64_product} {ergonomic}
     bool UseCompressedOops                        = true                                 {lp64_product} {ergonomic}
     bool UseG1GC                                  = true                                      {product} {ergonomic}
     bool UseLargePagesIndividualAllocation        = false                                  {pd product} {ergonomic}

Logging:
Log output configuration:
 #0: stdout all=warning uptime,level,tags
 #1: stderr all=off uptime,level,tags

Environment Variables:
JAVA_HOME=F:\java14
JRE_HOME=F:\java14
CLASSPATH= .;F:\java14\lib\dt.jar;F:\java14\lib\tools.jar;CATALINA_HOME\servlet-api.jar
PATH=F:\VMware\VMware Workstation\bin\;D:\ADS\bin;C:\Program Files (x86)\NVIDIA Corporation\PhysX\Common;C:\windows\system32;C:\windows;C:\windows\System32\Wbem;C:\windows\System32\WindowsPowerShell\v1.0\;C:\windows\System32\OpenSSH\;C:\Program Files (x86)\Microsoft SQL Server\100\Tools\Binn\;C:\Program Files\Microsoft SQL Server\100\Tools\Binn\;C:\Program Files\Microsoft SQL Server\100\DTS\Binn\;C:\Program Files (x86)\Microsoft SQL Server\100\Tools\Binn\VSShell\Common7\IDE\;C:\Program Files (x86)\Microsoft Visual Studio 9.0\Common7\IDE\PrivateAssemblies\;C:\Program Files (x86)\Microsoft SQL Server\100\DTS\Binn\;F:\java14\bin;F:\Tomcat9.0\bin;F:\Tomcat9.0\lib;F:\Mysql\bin;F:\apache-maven-3.6.3\bin;D:\SVN\bin;D:\TortoiseSVN\bin;C:\Program Files\VanDyke Software\Clients\;C:\Program Files\MongoDB\Server\4.4\bin;D:\MinGW\bin;D:\XAMPP\php;D:\Git\cmd;D:\TortoiseGit\bin;D:\NOde\;D:\Python39\Scripts\;D:\Python39\;C:\Users\17314\.windows-build-tools\python27\;C:\Program Files\MySQL\MySQL Shell 8.0\bin\;C:\Users\17314\AppData\Local\Microsoft\WindowsApps;D:\bandzip\;C:\Program Files\Bandizip\;F:\IDEA2020\IntelliJ IDEA Community Edition 2020.2.2\bin;F:\IDEA\IntelliJ IDEA 2019.3.1\bin;F:\WebStorm 2020.3.1\bin;F:\IntelliJ IDEA Community Edition 2020.2.2\bin;F:\PyCharm Community Edition 2020.3.2\bin;F:\IntelliJ IDEA 2020.3.2\bin;F:\PyCharm 2020.3.2\bin;D:\Microsoft VS Code\bin;C:\Users\17314\AppData\Roaming\npm;C:\Users\17314\AppData\Local\GitHubDesktop\bin;F:\WebStorm 2021.1.1\bin
USERNAME=17314
OS=Windows_NT
PROCESSOR_IDENTIFIER=Intel64 Family 6 Model 142 Stepping 10, GenuineIntel



---------------  S Y S T E M  ---------------

OS: Windows 10 , 64 bit Build 18362 (10.0.18362.1350)
OS uptime: 0 days 2:01 hours

CPU:total 8 (initial active 8) (4 cores per cpu, 2 threads per core) family 6 model 142 stepping 10, cmov, cx8, fxsr, mmx, sse, sse2, sse3, ssse3, sse4.1, sse4.2, popcnt, avx, avx2, aes, clmul, erms, 3dnowpref, lzcnt, ht, tsc, tscinvbit, bmi1, bmi2, adx, fma

Memory: 4k page, system-wide physical 8056M (262M free)
TotalPageFile size 18418M (AvailPageFile size 2M)
current process WorkingSet (physical memory assigned to process): 289M, peak: 289M
current process commit charge ("private bytes"): 344M, peak: 344M

vm_info: Java HotSpot(TM) 64-Bit Server VM (14.0.2+12-46) for windows-amd64 JRE (14.0.2+12-46), built on Jul  9 2020 00:35:52 by "mach5one" with MS VC++ 15.9 (VS2017)

END.
