#
# There is insufficient memory for the Java Runtime Environment to continue.
# Native memory allocation (mmap) failed to map 27262976 bytes for Failed to commit area from 0x0000000086c00000 to 0x0000000088600000 of length 27262976.
# Possible reasons:
#   The system is out of physical RAM or swap space
#   The process is running with CompressedOops enabled, and the Java Heap may be blocking the growth of the native heap
# Possible solutions:
#   Reduce memory load on the system
#   Increase physical memory or swap space
#   Check if swap backing store is full
#   Decrease Java heap size (-Xmx/-Xms)
#   Decrease number of Java threads
#   Decrease Java thread stack sizes (-Xss)
#   Set larger code cache with -XX:ReservedCodeCacheSize=
#   JVM is running with Unscaled Compressed Oops mode in which the Java heap is
#     placed in the first 4GB address space. The Java Heap base address is the
#     maximum limit for the native heap growth. Please use -XX:HeapBaseMinAddress
#     to set the Java Heap base and to place the Java Heap above 4GB virtual address.
# This output file may be truncated or incomplete.
#
#  Out of Memory Error (./open/src/hotspot/os/windows/os_windows.cpp:3315), pid=10448, tid=4132
#
# JRE version: Java(TM) SE Runtime Environment (14.0.2+12) (build 14.0.2+12-46)
# Java VM: Java HotSpot(TM) 64-Bit Server VM (14.0.2+12-46, mixed mode, sharing, tiered, compressed oops, g1 gc, windows-amd64)
# No core dump will be written. Minidumps are not enabled by default on client versions of Windows
#

---------------  S U M M A R Y ------------

Command Line: -Dclassworlds.conf=F:\apache-maven-3.6.3\bin\..\bin\m2.conf -Dmaven.home=F:\apache-maven-3.6.3\bin\.. -Dlibrary.jansi.path=F:\apache-maven-3.6.3\bin\..\lib\jansi-native -Dmaven.multiModuleProjectDirectory=F:\pingyougou_project\pinyougou-parent\pinyougou-seckill-web org.codehaus.plexus.classworlds.launcher.Launcher tomcat7:run

Host: Intel(R) Core(TM) i5-8250U CPU @ 1.60GHz, 8 cores, 7G,  Windows 10 , 64 bit Build 18362 (10.0.18362.1350)
Time: Sun May 16 19:12:30 2021 ?D1¨²¡À¨º¡Á?¨º¡À?? elapsed time: 4 seconds (0d 0h 0m 4s)

---------------  T H R E A D  ---------------

Current thread (0x00000164cd66d800):  VMThread "VM Thread" [stack: 0x0000001490c00000,0x0000001490d00000] [id=4132]

Stack: [0x0000001490c00000,0x0000001490d00000]
[error occurred during error reporting (printing stack bounds), id 0xc0000005, EXCEPTION_ACCESS_VIOLATION (0xc0000005) at pc=0x00000164b66510ad]

Native frames: (J=compiled Java code, j=interpreted, Vv=VM code, C=native code)
V  [jvm.dll+0x5f8a9a]
V  [jvm.dll+0x74247a]
V  [jvm.dll+0x743c2f]
V  [jvm.dll+0x7441d5]
V  [jvm.dll+0x74418b]
V  [jvm.dll+0x5f7f6f]
V  [jvm.dll+0x5f8738]
C  [ntdll.dll+0xa1eef]
C  [ntdll.dll+0x6aad9]
C  [ntdll.dll+0xa0b5e]
C  0x00000164b66510ad

VM_Operation (0x0000001491efe620): G1CollectForAllocation, mode: safepoint, requested by thread 0x00000164cf658800


---------------  P R O C E S S  ---------------

Threads class SMR info:
_java_thread_list=0x00000164cf91a7b0, length=15, elements={
0x00000164ac6be000, 0x00000164cd672000, 0x00000164cd673800, 0x00000164cdf38800,
0x00000164cdf3b800, 0x00000164cdf3d000, 0x00000164cdf46000, 0x00000164cdf25000,
0x00000164cdf26800, 0x00000164ce05d800, 0x00000164ce063000, 0x00000164ce8e5000,
0x00000164ceaec800, 0x00000164cefdc800, 0x00000164cf658800
}

Java Threads: ( => current thread )
  0x00000164ac6be000 JavaThread "main" [_thread_blocked, id=16972, stack(0x0000001490600000,0x0000001490700000)]
  0x00000164cd672000 JavaThread "Reference Handler" daemon [_thread_blocked, id=9944, stack(0x0000001490d00000,0x0000001490e00000)]
  0x00000164cd673800 JavaThread "Finalizer" daemon [_thread_blocked, id=15404, stack(0x0000001490e00000,0x0000001490f00000)]
  0x00000164cdf38800 JavaThread "Signal Dispatcher" daemon [_thread_blocked, id=17684, stack(0x0000001490f00000,0x0000001491000000)]
  0x00000164cdf3b800 JavaThread "Attach Listener" daemon [_thread_blocked, id=10404, stack(0x0000001491000000,0x0000001491100000)]
  0x00000164cdf3d000 JavaThread "Service Thread" daemon [_thread_blocked, id=15072, stack(0x0000001491100000,0x0000001491200000)]
  0x00000164cdf46000 JavaThread "C2 CompilerThread0" daemon [_thread_blocked, id=18780, stack(0x0000001491200000,0x0000001491300000)]
  0x00000164cdf25000 JavaThread "C1 CompilerThread0" daemon [_thread_blocked, id=3996, stack(0x0000001491300000,0x0000001491400000)]
  0x00000164cdf26800 JavaThread "Sweeper thread" daemon [_thread_blocked, id=10652, stack(0x0000001491400000,0x0000001491500000)]
  0x00000164ce05d800 JavaThread "Notification Thread" daemon [_thread_blocked, id=18572, stack(0x0000001491500000,0x0000001491600000)]
  0x00000164ce063000 JavaThread "Common-Cleaner" daemon [_thread_blocked, id=15680, stack(0x0000001491700000,0x0000001491800000)]
  0x00000164ce8e5000 JavaThread "C2 CompilerThread1" daemon [_thread_blocked, id=18604, stack(0x0000001491800000,0x0000001491900000)]
  0x00000164ceaec800 JavaThread "C2 CompilerThread2" daemon [_thread_blocked, id=18072, stack(0x0000001491900000,0x0000001491a00000)]
  0x00000164cefdc800 JavaThread "Tomcat-startStop-1" daemon [_thread_blocked, id=10384, stack(0x0000001491d00000,0x0000001491e00000)]
  0x00000164cf658800 JavaThread "localhost-startStop-1" daemon [_thread_blocked, id=12140, stack(0x0000001491e00000,0x0000001491f00000)]

Other Threads:
=>0x00000164cd66d800 VMThread "VM Thread" [stack: 0x0000001490c00000,0x0000001490d00000] [id=4132]
  0x00000164ce05e800 WatcherThread [stack: 0x0000001491600000,0x0000001491700000] [id=15804]
  0x00000164ac6ff800 GCTaskThread "GC Thread#0" [stack: 0x0000001490700000,0x0000001490800000] [id=8812]
  0x00000164ceb96000 GCTaskThread "GC Thread#1" [stack: 0x0000001491a00000,0x0000001491b00000] [id=18896]
  0x00000164ceb97000 GCTaskThread "GC Thread#2" [stack: 0x0000001491b00000,0x0000001491c00000] [id=11672]
  0x00000164ac711000 ConcurrentGCThread "G1 Main Marker" [stack: 0x0000001490800000,0x0000001490900000] [id=18108]
  0x00000164ac712800 ConcurrentGCThread "G1 Conc#0" [stack: 0x0000001490900000,0x0000001490a00000] [id=14764]
  0x00000164ce543800 ConcurrentGCThread "G1 Conc#1" [stack: 0x0000001491c00000,0x0000001491d00000] [id=8844]
  0x00000164cd4e0800 ConcurrentGCThread "G1 Refine#0" [stack: 0x0000001490a00000,0x0000001490b00000] [id=16276]
  0x00000164cd4e1000 ConcurrentGCThread "G1 Young RemSet Sampling" [stack: 0x0000001490b00000,0x0000001490c00000] [id=13804]

Threads with active compile tasks:
C2 CompilerThread0     4462 5104  s!   4       sun.net.www.protocol.file.Handler::openConnection (271 bytes)
C2 CompilerThread2     4462 5091       4       org.apache.catalina.startup.ContextConfig::populateSCIsForCacheEntry (192 bytes)

VM state:at safepoint (normal execution)

VM Mutex/Monitor currently owned by a thread:  ([mutex/lock_event])
[0x00000164ac6b8030] Threads_lock - owner thread: 0x00000164cd66d800
[0x00000164ac6b7df0] Heap_lock - owner thread: 0x00000164cf658800

Heap address: 0x0000000082000000, size: 2016 MB, Compressed Oops mode: 32-bit
Narrow klass base: 0x0000000800000000, Narrow klass shift: 3
Compressed class space size: 1073741824 Address: 0x0000000800b30000

Heap:
 garbage-first heap   total 111616K, used 36075K [0x0000000082000000, 0x0000000100000000)
  region size 1024K, 3 young (3072K), 3 survivors (3072K)
 Metaspace       used 23275K, capacity 23884K, committed 24064K, reserved 1071104K
  class space    used 2574K, capacity 2785K, committed 2816K, reserved 1048576K
Heap Regions: E=young(eden), S=young(survivor), O=old, HS=humongous(starts), HC=humongous(continues), CS=collection set, F=free, OA=open archive, CA=closed archive, TAMS=top-at-mark-start (previous, next)
|   0|0x0000000082000000, 0x0000000082100000, 0x0000000082100000|100%| O|  |TAMS 0x0000000082100000, 0x0000000082000000| Untracked 
|   1|0x0000000082100000, 0x0000000082200000, 0x0000000082200000|100%| O|  |TAMS 0x0000000082200000, 0x0000000082100000| Untracked 
|   2|0x0000000082200000, 0x0000000082300000, 0x0000000082300000|100%| O|  |TAMS 0x0000000082300000, 0x0000000082200000| Untracked 
|   3|0x0000000082300000, 0x0000000082400000, 0x0000000082400000|100%| O|  |TAMS 0x0000000082400000, 0x0000000082300000| Untracked 
|   4|0x0000000082400000, 0x0000000082500000, 0x0000000082500000|100%| O|  |TAMS 0x0000000082500000, 0x0000000082400000| Untracked 
|   5|0x0000000082500000, 0x0000000082600000, 0x0000000082600000|100%| O|  |TAMS 0x0000000082600000, 0x0000000082500000| Untracked 
|   6|0x0000000082600000, 0x0000000082700000, 0x0000000082700000|100%| O|  |TAMS 0x0000000082700000, 0x0000000082600000| Untracked 
|   7|0x0000000082700000, 0x0000000082800000, 0x0000000082800000|100%| O|  |TAMS 0x0000000082800000, 0x0000000082700000| Untracked 
|   8|0x0000000082800000, 0x0000000082900000, 0x0000000082900000|100%| O|  |TAMS 0x0000000082900000, 0x0000000082800000| Untracked 
|   9|0x0000000082900000, 0x00000000829f8600, 0x0000000082a00000| 97%| O|  |TAMS 0x00000000829f8600, 0x0000000082900000| Untracked 
|  10|0x0000000082a00000, 0x0000000082b00000, 0x0000000082b00000|100%| O|  |TAMS 0x0000000082a00000, 0x0000000082a00000| Untracked 
|  11|0x0000000082b00000, 0x0000000082c00000, 0x0000000082c00000|100%| O|  |TAMS 0x0000000082b00000, 0x0000000082b00000| Untracked 
|  12|0x0000000082c00000, 0x0000000082d00000, 0x0000000082d00000|100%| O|  |TAMS 0x0000000082c00000, 0x0000000082c00000| Untracked 
|  13|0x0000000082d00000, 0x0000000082e00000, 0x0000000082e00000|100%| O|  |TAMS 0x0000000082d00000, 0x0000000082d00000| Untracked 
|  14|0x0000000082e00000, 0x0000000082f00000, 0x0000000082f00000|100%| O|  |TAMS 0x0000000082e00000, 0x0000000082e00000| Untracked 
|  15|0x0000000082f00000, 0x0000000083000000, 0x0000000083000000|100%| O|  |TAMS 0x0000000082f00000, 0x0000000082f00000| Untracked 
|  16|0x0000000083000000, 0x0000000083100000, 0x0000000083100000|100%| O|  |TAMS 0x0000000083000000, 0x0000000083000000| Untracked 
|  17|0x0000000083100000, 0x0000000083200000, 0x0000000083200000|100%| O|  |TAMS 0x0000000083100000, 0x0000000083100000| Untracked 
|  18|0x0000000083200000, 0x0000000083300000, 0x0000000083300000|100%| O|  |TAMS 0x0000000083200000, 0x0000000083200000| Untracked 
|  19|0x0000000083300000, 0x0000000083400000, 0x0000000083400000|100%| O|  |TAMS 0x0000000083300000, 0x0000000083300000| Untracked 
|  20|0x0000000083400000, 0x0000000083500000, 0x0000000083500000|100%| O|  |TAMS 0x0000000083400000, 0x0000000083400000| Untracked 
|  21|0x0000000083500000, 0x0000000083600000, 0x0000000083600000|100%| O|  |TAMS 0x0000000083500000, 0x0000000083500000| Untracked 
|  22|0x0000000083600000, 0x0000000083700000, 0x0000000083700000|100%| O|  |TAMS 0x0000000083600000, 0x0000000083600000| Untracked 
|  23|0x0000000083700000, 0x0000000083800000, 0x0000000083800000|100%| O|  |TAMS 0x0000000083700000, 0x0000000083700000| Untracked 
|  24|0x0000000083800000, 0x0000000083900000, 0x0000000083900000|100%| O|  |TAMS 0x0000000083800000, 0x0000000083800000| Untracked 
|  25|0x0000000083900000, 0x0000000083a00000, 0x0000000083a00000|100%| O|  |TAMS 0x0000000083900000, 0x0000000083900000| Untracked 
|  26|0x0000000083a00000, 0x0000000083b00000, 0x0000000083b00000|100%| O|  |TAMS 0x0000000083a00000, 0x0000000083a00000| Untracked 
|  27|0x0000000083b00000, 0x0000000083c00000, 0x0000000083c00000|100%| O|  |TAMS 0x0000000083b00000, 0x0000000083b00000| Untracked 
|  28|0x0000000083c00000, 0x0000000083d00000, 0x0000000083d00000|100%| O|  |TAMS 0x0000000083c00000, 0x0000000083c00000| Untracked 
|  29|0x0000000083d00000, 0x0000000083e00000, 0x0000000083e00000|100%| O|  |TAMS 0x0000000083d00000, 0x0000000083d00000| Untracked 
|  30|0x0000000083e00000, 0x0000000083f00000, 0x0000000083f00000|100%| O|  |TAMS 0x0000000083e00000, 0x0000000083e00000| Untracked 
|  31|0x0000000083f00000, 0x0000000084000000, 0x0000000084000000|100%| O|  |TAMS 0x0000000083f00000, 0x0000000083f00000| Untracked 
|  32|0x0000000084000000, 0x0000000084042600, 0x0000000084100000| 25%| O|  |TAMS 0x0000000084000000, 0x0000000084000000| Untracked 
|  33|0x0000000084100000, 0x0000000084100000, 0x0000000084200000|  0%| F|  |TAMS 0x0000000084100000, 0x0000000084100000| Untracked 
|  34|0x0000000084200000, 0x0000000084200000, 0x0000000084300000|  0%| F|  |TAMS 0x0000000084200000, 0x0000000084200000| Untracked 
|  35|0x0000000084300000, 0x0000000084300000, 0x0000000084400000|  0%| F|  |TAMS 0x0000000084300000, 0x0000000084300000| Untracked 
|  36|0x0000000084400000, 0x0000000084400000, 0x0000000084500000|  0%| F|  |TAMS 0x0000000084400000, 0x0000000084400000| Untracked 
|  37|0x0000000084500000, 0x0000000084500000, 0x0000000084600000|  0%| F|  |TAMS 0x0000000084500000, 0x0000000084500000| Untracked 
|  38|0x0000000084600000, 0x0000000084600000, 0x0000000084700000|  0%| F|  |TAMS 0x0000000084600000, 0x0000000084600000| Untracked 
|  39|0x0000000084700000, 0x0000000084700000, 0x0000000084800000|  0%| F|  |TAMS 0x0000000084700000, 0x0000000084700000| Untracked 
|  40|0x0000000084800000, 0x0000000084800000, 0x0000000084900000|  0%| F|  |TAMS 0x0000000084800000, 0x0000000084800000| Untracked 
|  41|0x0000000084900000, 0x0000000084900000, 0x0000000084a00000|  0%| F|  |TAMS 0x0000000084900000, 0x0000000084900000| Untracked 
|  42|0x0000000084a00000, 0x0000000084a00000, 0x0000000084b00000|  0%| F|  |TAMS 0x0000000084a00000, 0x0000000084a00000| Untracked 
|  43|0x0000000084b00000, 0x0000000084b00000, 0x0000000084c00000|  0%| F|  |TAMS 0x0000000084b00000, 0x0000000084b00000| Untracked 
|  44|0x0000000084c00000, 0x0000000084c00000, 0x0000000084d00000|  0%| F|  |TAMS 0x0000000084c00000, 0x0000000084c00000| Untracked 
|  45|0x0000000084d00000, 0x0000000084d00000, 0x0000000084e00000|  0%| F|  |TAMS 0x0000000084d00000, 0x0000000084d00000| Untracked 
|  46|0x0000000084e00000, 0x0000000084e00000, 0x0000000084f00000|  0%| F|  |TAMS 0x0000000084e00000, 0x0000000084e00000| Untracked 
|  47|0x0000000084f00000, 0x0000000084f00000, 0x0000000085000000|  0%| F|  |TAMS 0x0000000084f00000, 0x0000000084f00000| Untracked 
|  48|0x0000000085000000, 0x0000000085000000, 0x0000000085100000|  0%| F|  |TAMS 0x0000000085000000, 0x0000000085000000| Untracked 
|  49|0x0000000085100000, 0x0000000085200000, 0x0000000085200000|100%| S|CS|TAMS 0x0000000085100000, 0x0000000085100000| Complete 
|  50|0x0000000085200000, 0x0000000085300000, 0x0000000085300000|100%| S|CS|TAMS 0x0000000085200000, 0x0000000085200000| Complete 
|  51|0x0000000085300000, 0x0000000085300000, 0x0000000085400000|  0%| F|  |TAMS 0x0000000085300000, 0x0000000085300000| Untracked 
|  52|0x0000000085400000, 0x0000000085500000, 0x0000000085500000|100%| S|CS|TAMS 0x0000000085400000, 0x0000000085400000| Complete 
|  53|0x0000000085500000, 0x0000000085500000, 0x0000000085600000|  0%| F|  |TAMS 0x0000000085500000, 0x0000000085500000| Untracked 
|  54|0x0000000085600000, 0x0000000085600000, 0x0000000085700000|  0%| F|  |TAMS 0x0000000085600000, 0x0000000085600000| Untracked 
|  55|0x0000000085700000, 0x0000000085700000, 0x0000000085800000|  0%| F|  |TAMS 0x0000000085700000, 0x0000000085700000| Untracked 
|  56|0x0000000085800000, 0x0000000085800000, 0x0000000085900000|  0%| F|  |TAMS 0x0000000085800000, 0x0000000085800000| Untracked 
|  57|0x0000000085900000, 0x0000000085900000, 0x0000000085a00000|  0%| F|  |TAMS 0x0000000085900000, 0x0000000085900000| Untracked 
|  58|0x0000000085a00000, 0x0000000085a00000, 0x0000000085b00000|  0%| F|  |TAMS 0x0000000085a00000, 0x0000000085a00000| Untracked 
|  59|0x0000000085b00000, 0x0000000085b00000, 0x0000000085c00000|  0%| F|  |TAMS 0x0000000085b00000, 0x0000000085b00000| Untracked 
|  60|0x0000000085c00000, 0x0000000085c00000, 0x0000000085d00000|  0%| F|  |TAMS 0x0000000085c00000, 0x0000000085c00000| Untracked 
|  61|0x0000000085d00000, 0x0000000085d00000, 0x0000000085e00000|  0%| F|  |TAMS 0x0000000085d00000, 0x0000000085d00000| Untracked 
|  62|0x0000000085e00000, 0x0000000085e00000, 0x0000000085f00000|  0%| F|  |TAMS 0x0000000085e00000, 0x0000000085e00000| Untracked 
|  63|0x0000000085f00000, 0x0000000085f00000, 0x0000000086000000|  0%| F|  |TAMS 0x0000000085f00000, 0x0000000085f00000| Untracked 
|  64|0x0000000086000000, 0x0000000086000000, 0x0000000086100000|  0%| F|  |TAMS 0x0000000086000000, 0x0000000086000000| Untracked 
|  65|0x0000000086100000, 0x0000000086100000, 0x0000000086200000|  0%| F|  |TAMS 0x0000000086100000, 0x0000000086100000| Untracked 
|  66|0x0000000086200000, 0x0000000086200000, 0x0000000086300000|  0%| F|  |TAMS 0x0000000086200000, 0x0000000086200000| Untracked 
|  67|0x0000000086300000, 0x0000000086300000, 0x0000000086400000|  0%| F|  |TAMS 0x0000000086300000, 0x0000000086300000| Untracked 
|  68|0x0000000086400000, 0x0000000086400000, 0x0000000086500000|  0%| F|  |TAMS 0x0000000086400000, 0x0000000086400000| Untracked 
|  69|0x0000000086500000, 0x0000000086500000, 0x0000000086600000|  0%| F|  |TAMS 0x0000000086500000, 0x0000000086500000| Untracked 
|  70|0x0000000086600000, 0x0000000086600000, 0x0000000086700000|  0%| F|  |TAMS 0x0000000086600000, 0x0000000086600000| Untracked 
|  71|0x0000000086700000, 0x0000000086700000, 0x0000000086800000|  0%| F|  |TAMS 0x0000000086700000, 0x0000000086700000| Untracked 
|  72|0x0000000086800000, 0x0000000086800000, 0x0000000086900000|  0%| F|  |TAMS 0x0000000086800000, 0x0000000086800000| Untracked 
|  73|0x0000000086900000, 0x0000000086900000, 0x0000000086a00000|  0%| F|  |TAMS 0x0000000086900000, 0x0000000086900000| Untracked 
|  74|0x0000000086a00000, 0x0000000086a00000, 0x0000000086b00000|  0%| F|  |TAMS 0x0000000086a00000, 0x0000000086a00000| Untracked 
|  75|0x0000000086b00000, 0x0000000086b00000, 0x0000000086c00000|  0%| F|  |TAMS 0x0000000086b00000, 0x0000000086b00000| Untracked 
| 102|0x0000000088600000, 0x0000000088600000, 0x0000000088700000|  0%| F|  |TAMS 0x0000000088600000, 0x0000000088600000| Untracked 
| 103|0x0000000088700000, 0x0000000088700000, 0x0000000088800000|  0%| F|  |TAMS 0x0000000088700000, 0x0000000088700000| Untracked 
| 104|0x0000000088800000, 0x0000000088800000, 0x0000000088900000|  0%| F|  |TAMS 0x0000000088800000, 0x0000000088800000| Untracked 
| 105|0x0000000088900000, 0x0000000088900000, 0x0000000088a00000|  0%| F|  |TAMS 0x0000000088900000, 0x0000000088900000| Untracked 
| 106|0x0000000088a00000, 0x0000000088a00000, 0x0000000088b00000|  0%| F|  |TAMS 0x0000000088a00000, 0x0000000088a00000| Untracked 
| 107|0x0000000088b00000, 0x0000000088b00000, 0x0000000088c00000|  0%| F|  |TAMS 0x0000000088b00000, 0x0000000088b00000| Untracked 
| 151|0x000000008b700000, 0x000000008b700000, 0x000000008b800000|  0%| F|  |TAMS 0x000000008b700000, 0x000000008b700000| Untracked 

Card table byte_map: [0x00000164c64b0000,0x00000164c68a0000] _byte_map_base: 0x00000164c60a0000

Marking Bits (Prev, Next): (CMBitMap*) 0x00000164ac7006c8, (CMBitMap*) 0x00000164ac700708
 Prev Bits: [0x00000164c6c90000, 0x00000164c8c10000)
 Next Bits: [0x00000164c8c10000, 0x00000164cab90000)

Polling page: 0x00000164ac550000

Metaspace:

Usage:
  Non-class:     20.60 MB capacity,    20.22 MB ( 98%) used,   359.13 KB (  2%) free+waste,    39.00 KB ( <1%) overhead. 
      Class:      2.72 MB capacity,     2.51 MB ( 92%) used,   192.28 KB (  7%) free+waste,    18.13 KB ( <1%) overhead. 
       Both:     23.32 MB capacity,    22.73 MB ( 97%) used,   551.41 KB (  2%) free+waste,    57.13 KB ( <1%) overhead. 

Virtual space:
  Non-class space:       22.00 MB reserved,      20.75 MB ( 94%) committed 
      Class space:        1.00 GB reserved,       2.75 MB ( <1%) committed 
             Both:        1.02 GB reserved,      23.50 MB (  2%) committed 

Chunk freelists:
   Non-Class:  21.00 KB
       Class:  0 bytes
        Both:  21.00 KB

MaxMetaspaceSize: 17179869184.00 GB
CompressedClassSpaceSize: 1.00 GB

CodeHeap 'non-profiled nmethods': size=120000Kb used=3255Kb max_used=3255Kb free=116744Kb
 bounds [0x00000164be120000, 0x00000164be450000, 0x00000164c5650000]
CodeHeap 'profiled nmethods': size=120000Kb used=9927Kb max_used=10091Kb free=110072Kb
 bounds [0x00000164b6bf0000, 0x00000164b75d0000, 0x00000164be120000]
CodeHeap 'non-nmethods': size=5760Kb used=1251Kb max_used=1310Kb free=4508Kb
 bounds [0x00000164b6650000, 0x00000164b68c0000, 0x00000164b6bf0000]
 total_blobs=4925 nmethods=4402 adapters=435
 compilation: enabled
              stopped_count=0, restarted_count=0
 full_count=0

Compilation events (20 events):
Event: 4.301 Thread 0x00000164ce8e5000 5095       4       org.apache.tomcat.util.bcel.classfile.JavaClass::<init> (278 bytes)
Event: 4.317 Thread 0x00000164cdf25000 5100       2       org.apache.catalina.startup.ContextConfig$JavaClassCacheEntry::<init> (26 bytes)
Event: 4.318 Thread 0x00000164cdf25000 nmethod 5100 0x00000164b70d2e10 code [0x00000164b70d2fa0, 0x00000164b70d31b8]
Event: 4.364 Thread 0x00000164cdf46000 nmethod 5089 0x00000164be43f990 code [0x00000164be440140, 0x00000164be444358]
Event: 4.364 Thread 0x00000164cdf46000 5093       4       org.apache.tomcat.util.bcel.classfile.ClassParser::readInterfaces (42 bytes)
Event: 4.368 Thread 0x00000164cdf46000 nmethod 5093 0x00000164be446310 code [0x00000164be4464e0, 0x00000164be446858]
Event: 4.368 Thread 0x00000164cdf46000 5098       4       org.apache.catalina.startup.ContextConfig::processAnnotationsStream (146 bytes)
Event: 4.378 Thread 0x00000164cdf46000 nmethod 5098 0x00000164be446a10 code [0x00000164be446c80, 0x00000164be447540]
Event: 4.378 Thread 0x00000164cdf46000 5099       4       org.apache.tomcat.util.scan.FileUrlJar::getEntryInputStream (21 bytes)
Event: 4.379 Thread 0x00000164cdf46000 nmethod 5099 0x00000164be447990 code [0x00000164be447b40, 0x00000164be447c48]
Event: 4.379 Thread 0x00000164cdf46000 5092       4       org.apache.tomcat.util.bcel.classfile.ClassParser::readClassInfo (113 bytes)
Event: 4.380 Thread 0x00000164cdf46000 nmethod 5092 0x00000164be447d10 code [0x00000164be447ee0, 0x00000164be4480a8]
Event: 4.385 Thread 0x00000164cdf46000 5101       4       sun.net.www.MessageHeader::grow (92 bytes)
Event: 4.388 Thread 0x00000164cdf25000 5102       3       java.io.FilterInputStream::available (8 bytes)
Event: 4.388 Thread 0x00000164cdf25000 nmethod 5102 0x00000164b70d2990 code [0x00000164b70d2b40, 0x00000164b70d2d28]
Event: 4.389 Thread 0x00000164cdf46000 nmethod 5101 0x00000164be448210 code [0x00000164be4483c0, 0x00000164be448878]
Event: 4.423 Thread 0x00000164ce8e5000 nmethod 5095 0x00000164be448990 code [0x00000164be448f00, 0x00000164be44c398]
Event: 4.428 Thread 0x00000164ce8e5000 5103  s    4       sun.net.www.protocol.file.Handler::openConnection (7 bytes)
Event: 4.429 Thread 0x00000164cdf46000 5104  s!   4       sun.net.www.protocol.file.Handler::openConnection (271 bytes)
Event: 4.429 Thread 0x00000164ce8e5000 nmethod 5103 0x00000164be44d910 code [0x00000164be44daa0, 0x00000164be44dda8]

GC Heap History (20 events):
Event: 3.391 GC heap after
{Heap after GC invocations=9 (full 0):
 garbage-first heap   total 58368K, used 23970K [0x0000000082000000, 0x0000000100000000)
  region size 1024K, 2 young (2048K), 2 survivors (2048K)
 Metaspace       used 23191K, capacity 23820K, committed 24064K, reserved 1071104K
  class space    used 2571K, capacity 2785K, committed 2816K, reserved 1048576K
}
Event: 3.462 GC heap before
{Heap before GC invocations=9 (full 0):
 garbage-first heap   total 58368K, used 43426K [0x0000000082000000, 0x0000000100000000)
  region size 1024K, 21 young (21504K), 2 survivors (2048K)
 Metaspace       used 23219K, capacity 23820K, committed 24064K, reserved 1071104K
  class space    used 2571K, capacity 2785K, committed 2816K, reserved 1048576K
}
Event: 3.466 GC heap after
{Heap after GC invocations=10 (full 0):
 garbage-first heap   total 58368K, used 25022K [0x0000000082000000, 0x0000000100000000)
  region size 1024K, 2 young (2048K), 2 survivors (2048K)
 Metaspace       used 23219K, capacity 23820K, committed 24064K, reserved 1071104K
  class space    used 2571K, capacity 2785K, committed 2816K, reserved 1048576K
}
Event: 3.551 GC heap before
{Heap before GC invocations=10 (full 0):
 garbage-first heap   total 58368K, used 44478K [0x0000000082000000, 0x0000000100000000)
  region size 1024K, 21 young (21504K), 2 survivors (2048K)
 Metaspace       used 23243K, capacity 23820K, committed 24064K, reserved 1071104K
  class space    used 2571K, capacity 2785K, committed 2816K, reserved 1048576K
}
Event: 3.556 GC heap after
{Heap after GC invocations=11 (full 0):
 garbage-first heap   total 70656K, used 26551K [0x0000000082000000, 0x0000000100000000)
  region size 1024K, 3 young (3072K), 3 survivors (3072K)
 Metaspace       used 23243K, capacity 23820K, committed 24064K, reserved 1071104K
  class space    used 2571K, capacity 2785K, committed 2816K, reserved 1048576K
}
Event: 3.659 GC heap before
{Heap before GC invocations=11 (full 0):
 garbage-first heap   total 70656K, used 54199K [0x0000000082000000, 0x0000000100000000)
  region size 1024K, 31 young (31744K), 3 survivors (3072K)
 Metaspace       used 23249K, capacity 23884K, committed 24064K, reserved 1071104K
  class space    used 2571K, capacity 2785K, committed 2816K, reserved 1048576K
}
Event: 3.665 GC heap after
{Heap after GC invocations=12 (full 0):
 garbage-first heap   total 70656K, used 27685K [0x0000000082000000, 0x0000000100000000)
  region size 1024K, 4 young (4096K), 4 survivors (4096K)
 Metaspace       used 23249K, capacity 23884K, committed 24064K, reserved 1071104K
  class space    used 2571K, capacity 2785K, committed 2816K, reserved 1048576K
}
Event: 3.742 GC heap before
{Heap before GC invocations=12 (full 0):
 garbage-first heap   total 70656K, used 54309K [0x0000000082000000, 0x0000000100000000)
  region size 1024K, 30 young (30720K), 4 survivors (4096K)
 Metaspace       used 23270K, capacity 23884K, committed 24064K, reserved 1071104K
  class space    used 2574K, capacity 2785K, committed 2816K, reserved 1048576K
}
Event: 3.749 GC heap after
{Heap after GC invocations=13 (full 0):
 garbage-first heap   total 70656K, used 28265K [0x0000000082000000, 0x0000000100000000)
  region size 1024K, 3 young (3072K), 3 survivors (3072K)
 Metaspace       used 23270K, capacity 23884K, committed 24064K, reserved 1071104K
  class space    used 2574K, capacity 2785K, committed 2816K, reserved 1048576K
}
Event: 3.826 GC heap before
{Heap before GC invocations=13 (full 0):
 garbage-first heap   total 70656K, used 53865K [0x0000000082000000, 0x0000000100000000)
  region size 1024K, 29 young (29696K), 3 survivors (3072K)
 Metaspace       used 23271K, capacity 23884K, committed 24064K, reserved 1071104K
  class space    used 2574K, capacity 2785K, committed 2816K, reserved 1048576K
}
Event: 3.833 GC heap after
{Heap after GC invocations=14 (full 0):
 garbage-first heap   total 70656K, used 30240K [0x0000000082000000, 0x0000000100000000)
  region size 1024K, 3 young (3072K), 3 survivors (3072K)
 Metaspace       used 23271K, capacity 23884K, committed 24064K, reserved 1071104K
  class space    used 2574K, capacity 2785K, committed 2816K, reserved 1048576K
}
Event: 3.921 GC heap before
{Heap before GC invocations=14 (full 0):
 garbage-first heap   total 70656K, used 54816K [0x0000000082000000, 0x0000000100000000)
  region size 1024K, 28 young (28672K), 3 survivors (3072K)
 Metaspace       used 23271K, capacity 23884K, committed 24064K, reserved 1071104K
  class space    used 2574K, capacity 2785K, committed 2816K, reserved 1048576K
}
Event: 3.928 GC heap after
{Heap after GC invocations=15 (full 0):
 garbage-first heap   total 84992K, used 31598K [0x0000000082000000, 0x0000000100000000)
  region size 1024K, 3 young (3072K), 3 survivors (3072K)
 Metaspace       used 23271K, capacity 23884K, committed 24064K, reserved 1071104K
  class space    used 2574K, capacity 2785K, committed 2816K, reserved 1048576K
}
Event: 4.057 GC heap before
{Heap before GC invocations=15 (full 0):
 garbage-first heap   total 84992K, used 66414K [0x0000000082000000, 0x0000000100000000)
  region size 1024K, 37 young (37888K), 3 survivors (3072K)
 Metaspace       used 23271K, capacity 23884K, committed 24064K, reserved 1071104K
  class space    used 2574K, capacity 2785K, committed 2816K, reserved 1048576K
}
Event: 4.065 GC heap after
{Heap after GC invocations=16 (full 0):
 garbage-first heap   total 84992K, used 33378K [0x0000000082000000, 0x0000000100000000)
  region size 1024K, 5 young (5120K), 5 survivors (5120K)
 Metaspace       used 23271K, capacity 23884K, committed 24064K, reserved 1071104K
  class space    used 2574K, capacity 2785K, committed 2816K, reserved 1048576K
}
Event: 4.183 GC heap before
{Heap before GC invocations=16 (full 0):
 garbage-first heap   total 84992K, used 66146K [0x0000000082000000, 0x0000000100000000)
  region size 1024K, 37 young (37888K), 5 survivors (5120K)
 Metaspace       used 23271K, capacity 23884K, committed 24064K, reserved 1071104K
  class space    used 2574K, capacity 2785K, committed 2816K, reserved 1048576K
}
Event: 4.192 GC heap after
{Heap after GC invocations=17 (full 0):
 garbage-first heap   total 84992K, used 34347K [0x0000000082000000, 0x0000000100000000)
  region size 1024K, 4 young (4096K), 4 survivors (4096K)
 Metaspace       used 23271K, capacity 23884K, committed 24064K, reserved 1071104K
  class space    used 2574K, capacity 2785K, committed 2816K, reserved 1048576K
}
Event: 4.319 GC heap before
{Heap before GC invocations=17 (full 0):
 garbage-first heap   total 84992K, used 66091K [0x0000000082000000, 0x0000000100000000)
  region size 1024K, 35 young (35840K), 4 survivors (4096K)
 Metaspace       used 23271K, capacity 23884K, committed 24064K, reserved 1071104K
  class space    used 2574K, capacity 2785K, committed 2816K, reserved 1048576K
}
Event: 4.329 GC heap after
{Heap after GC invocations=18 (full 0):
 garbage-first heap   total 84992K, used 35592K [0x0000000082000000, 0x0000000100000000)
  region size 1024K, 4 young (4096K), 4 survivors (4096K)
 Metaspace       used 23271K, capacity 23884K, committed 24064K, reserved 1071104K
  class space    used 2574K, capacity 2785K, committed 2816K, reserved 1048576K
}
Event: 4.438 GC heap before
{Heap before GC invocations=18 (full 0):
 garbage-first heap   total 84992K, used 66312K [0x0000000082000000, 0x0000000100000000)
  region size 1024K, 34 young (34816K), 4 survivors (4096K)
 Metaspace       used 23275K, capacity 23884K, committed 24064K, reserved 1071104K
  class space    used 2574K, capacity 2785K, committed 2816K, reserved 1048576K
}

Deoptimization events (20 events):
Event: 3.505 Thread 0x00000164cf658800 DEOPT PACKING pc=0x00000164be248b08 sp=0x0000001491efe510
Event: 3.505 Thread 0x00000164cf658800 DEOPT UNPACKING pc=0x00000164b669912f sp=0x0000001491efe488 mode 2
Event: 3.505 Thread 0x00000164cf658800 Uncommon trap: trap_request=0xffffff45 fr.pc=0x00000164be394a30 relative=0x0000000000000090
Event: 3.505 Thread 0x00000164cf658800 Uncommon trap: reason=unstable_if action=reinterpret pc=0x00000164be394a30 method=java.util.LinkedHashMap.afterNodeInsertion(Z)V @ 18 c2
Event: 3.505 Thread 0x00000164cf658800 DEOPT PACKING pc=0x00000164be394a30 sp=0x0000001491efe530
Event: 3.505 Thread 0x00000164cf658800 DEOPT UNPACKING pc=0x00000164b669912f sp=0x0000001491efe4b0 mode 2
Event: 3.549 Thread 0x00000164cf658800 Uncommon trap: trap_request=0xffffff45 fr.pc=0x00000164be3d0f2c relative=0x00000000000003ec
Event: 3.549 Thread 0x00000164cf658800 Uncommon trap: reason=unstable_if action=reinterpret pc=0x00000164be3d0f2c method=java.util.HashMap.removeNode(ILjava/lang/Object;Ljava/lang/Object;ZZ)Ljava/util/HashMap$Node; @ 71 c2
Event: 3.549 Thread 0x00000164cf658800 DEOPT PACKING pc=0x00000164be3d0f2c sp=0x0000001491efe170
Event: 3.549 Thread 0x00000164cf658800 DEOPT UNPACKING pc=0x00000164b669912f sp=0x0000001491efe110 mode 2
Event: 3.612 Thread 0x00000164cf658800 DEOPT PACKING pc=0x00000164b71c40f0 sp=0x0000001491efdef0
Event: 3.612 Thread 0x00000164cf658800 DEOPT UNPACKING pc=0x00000164b669964e sp=0x0000001491efd408 mode 0
Event: 3.685 Thread 0x00000164cf658800 Uncommon trap: trap_request=0xffffff45 fr.pc=0x00000164be3d5f5c relative=0x0000000000000a1c
Event: 3.685 Thread 0x00000164cf658800 Uncommon trap: reason=unstable_if action=reinterpret pc=0x00000164be3d5f5c method=org.apache.catalina.startup.ContextConfig.getSCIsForClass(Ljava/lang/String;)Ljava/util/Set; @ 62 c2
Event: 3.685 Thread 0x00000164cf658800 DEOPT PACKING pc=0x00000164be3d5f5c sp=0x0000001491efe620
Event: 3.685 Thread 0x00000164cf658800 DEOPT UNPACKING pc=0x00000164b669912f sp=0x0000001491efe5d8 mode 2
Event: 3.721 Thread 0x00000164cf658800 Uncommon trap: trap_request=0x0000002d fr.pc=0x00000164be3eb648 relative=0x0000000000004ae8
Event: 3.721 Thread 0x00000164cf658800 Uncommon trap: reason=unloaded action=reinterpret pc=0x00000164be3eb648 method=org.apache.tomcat.util.bcel.classfile.Attribute.readAttribute(Ljava/io/DataInputStream;Lorg/apache/tomcat/util/bcel/classfile/ConstantPool;)Lorg/apache/tomcat/util/bcel/classfi
Event: 3.721 Thread 0x00000164cf658800 DEOPT PACKING pc=0x00000164be3eb648 sp=0x0000001491efe620
Event: 3.721 Thread 0x00000164cf658800 DEOPT UNPACKING pc=0x00000164b669912f sp=0x0000001491efe5f8 mode 2

Classes unloaded (0 events):
No events

Classes redefined (0 events):
No events

Internal exceptions (17 events):
Event: 0.137 Thread 0x00000164ac6be000 Exception <a 'java/lang/NoSuchMethodError'{0x0000000089a0a800}: 'int java.lang.invoke.DirectMethodHandle$Holder.invokeSpecialIFC(java.lang.Object, java.lang.Object, int)'> (0x0000000089a0a800) 
thrown [./open/src/hotspot/share/interpreter/linkResolver.cpp, line 766]
Event: 0.937 Thread 0x00000164ac6be000 Exception <a 'java/lang/NoClassDefFoundError'{0x0000000089988018}: com/google/inject/servlet/ServletModuleTargetVisitor> (0x0000000089988018) 
thrown [./open/src/hotspot/share/classfile/systemDictionary.cpp, line 215]
Event: 0.937 Thread 0x00000164ac6be000 Exception <a 'java/lang/NoClassDefFoundError'{0x000000008998ac60}: javax/annotation/Priority> (0x000000008998ac60) 
thrown [./open/src/hotspot/share/classfile/systemDictionary.cpp, line 215]
Event: 0.975 Thread 0x00000164ac6be000 Exception <a 'java/lang/NoSuchMethodError'{0x00000000898d0198}: 'java.lang.Object java.lang.invoke.DirectMethodHandle$Holder.invokeStaticInit(java.lang.Object, int, int, int, int)'> (0x00000000898d0198) 
thrown [./open/src/hotspot/share/interpreter/linkResolver.cpp, line 766]
Event: 1.060 Thread 0x00000164ac6be000 Implicit null exception at 0x00000164be1628e4 to 0x00000164be162ee4
Event: 1.060 Thread 0x00000164ac6be000 Implicit null exception at 0x00000164be142f64 to 0x00000164be143538
Event: 1.259 Thread 0x00000164ac6be000 Implicit null exception at 0x00000164be2231d2 to 0x00000164be225188
Event: 1.259 Thread 0x00000164ac6be000 Implicit null exception at 0x00000164be1c7905 to 0x00000164be1c7b14
Event: 1.260 Thread 0x00000164ac6be000 Implicit null exception at 0x00000164be21066e to 0x00000164be2111f4
Event: 1.698 Thread 0x00000164ac6be000 Implicit null exception at 0x00000164be14942f to 0x00000164be1494ad
Event: 2.619 Thread 0x00000164ac6be000 Exception <a 'java/io/FileNotFoundException'{0x000000008987ce30}> (0x000000008987ce30) 
thrown [./open/src/hotspot/share/prims/jni.cpp, line 599]
Event: 2.695 Thread 0x00000164ac6be000 Exception <a 'java/lang/NoSuchMethodError'{0x00000000896406b8}: 'java.lang.Object java.lang.invoke.DirectMethodHandle$Holder.invokeStaticInit(java.lang.Object, java.lang.Object, int, int, int, int)'> (0x00000000896406b8) 
thrown [./open/src/hotspot/share/interpreter/linkResolver.cpp, line 766]
Event: 2.804 Thread 0x00000164ac6be000 Exception <a 'java/lang/NoSuchMethodError'{0x0000000088e08fe8}: 'java.lang.Object java.lang.invoke.DirectMethodHandle$Holder.invokeStaticInit(java.lang.Object, java.lang.Object, java.lang.Object)'> (0x0000000088e08fe8) 
thrown [./open/src/hotspot/share/interpreter/linkResolver.cpp, line 766]
Event: 2.807 Thread 0x00000164ac6be000 Exception <a 'java/lang/NoSuchMethodError'{0x0000000088e21078}: 'int java.lang.invoke.DirectMethodHandle$Holder.invokeInterface(java.lang.Object, java.lang.Object)'> (0x0000000088e21078) 
thrown [./open/src/hotspot/share/interpreter/linkResolver.cpp, line 766]
Event: 2.807 Thread 0x00000164ac6be000 Exception <a 'java/lang/IncompatibleClassChangeError'{0x0000000088e23e28}: Found class java.lang.Object, but interface was expected> (0x0000000088e23e28) 
thrown [./open/src/hotspot/share/interpreter/linkResolver.cpp, line 832]
Event: 3.030 Thread 0x00000164ac6be000 Exception <a 'java/lang/ClassNotFoundException'{0x0000000084db6510}: sun/util/logging/resources/spi/loggingProvider> (0x0000000084db6510) 
thrown [./open/src/hotspot/share/classfile/systemDictionary.cpp, line 226]
Event: 3.248 Thread 0x00000164cf658800 Implicit null exception at 0x00000164be3473f0 to 0x00000164be347e8c

Events (20 events):
Event: 3.493 Executing VM operation: HandshakeOneThread done
Event: 3.551 Executing VM operation: G1CollectForAllocation
Event: 3.556 Executing VM operation: G1CollectForAllocation done
Event: 3.658 Executing VM operation: G1CollectForAllocation
Event: 3.665 Executing VM operation: G1CollectForAllocation done
Event: 3.742 Executing VM operation: G1CollectForAllocation
Event: 3.749 Executing VM operation: G1CollectForAllocation done
Event: 3.825 Executing VM operation: G1CollectForAllocation
Event: 3.833 Executing VM operation: G1CollectForAllocation done
Event: 3.921 Executing VM operation: G1CollectForAllocation
Event: 3.929 Executing VM operation: G1CollectForAllocation done
Event: 4.057 Executing VM operation: G1CollectForAllocation
Event: 4.065 Executing VM operation: G1CollectForAllocation done
Event: 4.183 Executing VM operation: G1CollectForAllocation
Event: 4.192 Executing VM operation: G1CollectForAllocation done
Event: 4.319 Executing VM operation: G1CollectForAllocation
Event: 4.329 Executing VM operation: G1CollectForAllocation done
Event: 4.428 loading class java/net/Proxy
Event: 4.429 loading class java/net/Proxy done
Event: 4.438 Executing VM operation: G1CollectForAllocation


Dynamic libraries:
0x00007ff7e0380000 - 0x00007ff7e038f000 	F:\java14\bin\java.exe
0x00007ffe7eec0000 - 0x00007ffe7f0b0000 	C:\windows\SYSTEM32\ntdll.dll
0x00007ffe7e0b0000 - 0x00007ffe7e162000 	C:\windows\System32\KERNEL32.DLL
0x00007ffe7cc90000 - 0x00007ffe7cf35000 	C:\windows\System32\KERNELBASE.dll
0x00007ffe7be60000 - 0x00007ffe7bf5a000 	C:\windows\System32\ucrtbase.dll
0x00007ffe4b7e0000 - 0x00007ffe4b7f8000 	F:\java14\bin\jli.dll
0x00007ffe4b7c0000 - 0x00007ffe4b7d5000 	F:\java14\bin\VCRUNTIME140.dll
0x00007ffe7eca0000 - 0x00007ffe7ed43000 	C:\windows\System32\ADVAPI32.dll
0x00007ffe7cf70000 - 0x00007ffe7d00e000 	C:\windows\System32\msvcrt.dll
0x00007ffe7e170000 - 0x00007ffe7e207000 	C:\windows\System32\sechost.dll
0x00007ffe7e450000 - 0x00007ffe7e56f000 	C:\windows\System32\RPCRT4.dll
0x00007ffe7e7c0000 - 0x00007ffe7e954000 	C:\windows\System32\USER32.dll
0x00007ffe7cf40000 - 0x00007ffe7cf61000 	C:\windows\System32\win32u.dll
0x00007ffe7df40000 - 0x00007ffe7df66000 	C:\windows\System32\GDI32.dll
0x00007ffe68bd0000 - 0x00007ffe68e54000 	C:\windows\WinSxS\amd64_microsoft.windows.common-controls_6595b64144ccf1df_6.0.18362.1441_none_9e7da8f1e45ea808\COMCTL32.dll
0x00007ffe7c2c0000 - 0x00007ffe7c458000 	C:\windows\System32\gdi32full.dll
0x00007ffe7bf60000 - 0x00007ffe7bffe000 	C:\windows\System32\msvcp_win.dll
0x00007ffe7e960000 - 0x00007ffe7ec96000 	C:\windows\System32\combase.dll
0x00007ffe7c460000 - 0x00007ffe7c4e1000 	C:\windows\System32\bcryptPrimitives.dll
0x00007ffe765a0000 - 0x00007ffe765aa000 	C:\windows\SYSTEM32\VERSION.dll
0x00007ffe7e790000 - 0x00007ffe7e7be000 	C:\windows\System32\IMM32.DLL
0x00007ffe4b550000 - 0x00007ffe4b5eb000 	F:\java14\bin\msvcp140.dll
0x00007ffe2d500000 - 0x00007ffe2e01e000 	F:\java14\bin\server\jvm.dll
0x00007ffe7e6b0000 - 0x00007ffe7e6b8000 	C:\windows\System32\PSAPI.DLL
0x00007ffe747f0000 - 0x00007ffe747f9000 	C:\windows\SYSTEM32\WSOCK32.dll
0x00007ffe79c90000 - 0x00007ffe79cb4000 	C:\windows\SYSTEM32\WINMM.dll
0x00007ffe7ee10000 - 0x00007ffe7ee7f000 	C:\windows\System32\WS2_32.dll
0x00007ffe79c60000 - 0x00007ffe79c8d000 	C:\windows\SYSTEM32\winmmbase.dll
0x00007ffe7c000000 - 0x00007ffe7c04a000 	C:\windows\System32\cfgmgr32.dll
0x00007ffe7be10000 - 0x00007ffe7be21000 	C:\windows\System32\kernel.appcore.dll
0x00007ffe4ce50000 - 0x00007ffe4ce5a000 	F:\java14\bin\jimage.dll
0x00007ffe649e0000 - 0x00007ffe64bd4000 	C:\windows\SYSTEM32\DBGHELP.DLL
0x00007ffe64020000 - 0x00007ffe6404a000 	C:\windows\SYSTEM32\dbgcore.DLL
0x00007ffe4b8f0000 - 0x00007ffe4b915000 	F:\java14\bin\java.dll
0x00007ffe4b8d0000 - 0x00007ffe4b8e6000 	F:\java14\bin\zip.dll
0x00007ffe7d030000 - 0x00007ffe7d718000 	C:\windows\System32\SHELL32.dll
0x00007ffe7d930000 - 0x00007ffe7d9d7000 	C:\windows\System32\shcore.dll
0x00007ffe7c510000 - 0x00007ffe7cc8b000 	C:\windows\System32\windows.storage.dll
0x00007ffe7bd80000 - 0x00007ffe7bd9e000 	C:\windows\System32\profapi.dll
0x00007ffe7bdc0000 - 0x00007ffe7be0a000 	C:\windows\System32\powrprof.dll
0x00007ffe7bd70000 - 0x00007ffe7bd80000 	C:\windows\System32\UMPDC.dll
0x00007ffe7d720000 - 0x00007ffe7d772000 	C:\windows\System32\shlwapi.dll
0x00007ffe7c4f0000 - 0x00007ffe7c507000 	C:\windows\System32\cryptsp.dll
0x00007ffe4b8b0000 - 0x00007ffe4b8c9000 	F:\java14\bin\net.dll
0x00007ffe78230000 - 0x00007ffe7832a000 	C:\windows\SYSTEM32\WINHTTP.dll
0x00007ffe7b5b0000 - 0x00007ffe7b617000 	C:\windows\system32\mswsock.dll
0x00007ffe4b890000 - 0x00007ffe4b8a2000 	F:\java14\bin\nio.dll
0x00007ffe4b880000 - 0x00007ffe4b890000 	F:\java14\bin\verify.dll
0x00007ffe797d0000 - 0x00007ffe797da000 	F:\apache-maven-3.6.3\lib\jansi-native\windows64\jansi.dll
0x00007ffe7b130000 - 0x00007ffe7b163000 	C:\windows\system32\rsaenh.dll
0x00007ffe7be30000 - 0x00007ffe7be56000 	C:\windows\System32\bcrypt.dll
0x00007ffe7bc50000 - 0x00007ffe7bc75000 	C:\windows\SYSTEM32\USERENV.dll
0x00007ffe7b780000 - 0x00007ffe7b78c000 	C:\windows\SYSTEM32\CRYPTBASE.dll
0x00007ffe7b2c0000 - 0x00007ffe7b2fa000 	C:\windows\SYSTEM32\IPHLPAPI.DLL
0x00007ffe7ed50000 - 0x00007ffe7ed58000 	C:\windows\System32\NSI.dll
0x00007ffe758d0000 - 0x00007ffe758e6000 	C:\windows\SYSTEM32\dhcpcsvc6.DLL
0x00007ffe758b0000 - 0x00007ffe758cc000 	C:\windows\SYSTEM32\dhcpcsvc.DLL
0x00007ffe7b300000 - 0x00007ffe7b3cb000 	C:\windows\SYSTEM32\DNSAPI.dll
0x00007ffe4b870000 - 0x00007ffe4b879000 	F:\java14\bin\management.dll
0x00007ffe4b860000 - 0x00007ffe4b86b000 	F:\java14\bin\management_ext.dll

dbghelp: loaded successfully - version: 4.0.5 - missing functions: none
symbol engine: initialized successfully - sym options: 0x614 - pdb path: .;F:\java14\bin;C:\windows\SYSTEM32;C:\windows\WinSxS\amd64_microsoft.windows.common-controls_6595b64144ccf1df_6.0.18362.1441_none_9e7da8f1e45ea808;F:\java14\bin\server;F:\apache-maven-3.6.3\lib\jansi-native\windows64

VM Arguments:
jvm_args: -Dclassworlds.conf=F:\apache-maven-3.6.3\bin\..\bin\m2.conf -Dmaven.home=F:\apache-maven-3.6.3\bin\.. -Dlibrary.jansi.path=F:\apache-maven-3.6.3\bin\..\lib\jansi-native -Dmaven.multiModuleProjectDirectory=F:\pingyougou_project\pinyougou-parent\pinyougou-seckill-web 
java_command: org.codehaus.plexus.classworlds.launcher.Launcher tomcat7:run
java_class_path (initial): F:\apache-maven-3.6.3\bin\..\boot\plexus-classworlds-2.6.0.jar
Launcher Type: SUN_STANDARD

[Global flags]
     intx CICompilerCount                          = 4                                         {product} {ergonomic}
     uint ConcGCThreads                            = 2                                         {product} {ergonomic}
     uint G1ConcRefinementThreads                  = 8                                         {product} {ergonomic}
   size_t G1HeapRegionSize                         = 1048576                                   {product} {ergonomic}
    uintx GCDrainStackTargetSize                   = 64                                        {product} {ergonomic}
   size_t InitialHeapSize                          = 132120576                                 {product} {ergonomic}
   size_t MarkStackSize                            = 4194304                                   {product} {ergonomic}
   size_t MaxHeapSize                              = 2113929216                                {product} {ergonomic}
   size_t MaxNewSize                               = 1267728384                                {product} {ergonomic}
   size_t MinHeapDeltaBytes                        = 1048576                                   {product} {ergonomic}
   size_t MinHeapSize                              = 8388608                                   {product} {ergonomic}
    uintx NonNMethodCodeHeapSize                   = 5839372                                {pd product} {ergonomic}
    uintx NonProfiledCodeHeapSize                  = 122909434                              {pd product} {ergonomic}
    uintx ProfiledCodeHeapSize                     = 122909434                              {pd product} {ergonomic}
    uintx ReservedCodeCacheSize                    = 251658240                              {pd product} {ergonomic}
     bool SegmentedCodeCache                       = true                                      {product} {ergonomic}
   size_t SoftMaxHeapSize                          = 2113929216                             {manageable} {ergonomic}
     bool UseCompressedClassPointers               = true                                 {lp64_product} {ergonomic}
     bool UseCompressedOops                        = true                                 {lp64_product} {ergonomic}
     bool UseG1GC                                  = true                                      {product} {ergonomic}
     bool UseLargePagesIndividualAllocation        = false                                  {pd product} {ergonomic}

Logging:
Log output configuration:
 #0: stdout all=warning uptime,level,tags
 #1: stderr all=off uptime,level,tags

Environment Variables:
JAVA_HOME=F:\java14
JRE_HOME=F:\java14
CLASSPATH= .;F:\java14\lib\dt.jar;F:\java14\lib\tools.jar;CATALINA_HOME\servlet-api.jar
PATH=F:\VMware\VMware Workstation\bin\;D:\ADS\bin;C:\Program Files (x86)\NVIDIA Corporation\PhysX\Common;C:\windows\system32;C:\windows;C:\windows\System32\Wbem;C:\windows\System32\WindowsPowerShell\v1.0\;C:\windows\System32\OpenSSH\;C:\Program Files (x86)\Microsoft SQL Server\100\Tools\Binn\;C:\Program Files\Microsoft SQL Server\100\Tools\Binn\;C:\Program Files\Microsoft SQL Server\100\DTS\Binn\;C:\Program Files (x86)\Microsoft SQL Server\100\Tools\Binn\VSShell\Common7\IDE\;C:\Program Files (x86)\Microsoft Visual Studio 9.0\Common7\IDE\PrivateAssemblies\;C:\Program Files (x86)\Microsoft SQL Server\100\DTS\Binn\;F:\java14\bin;F:\Tomcat9.0\bin;F:\Tomcat9.0\lib;F:\Mysql\bin;F:\apache-maven-3.6.3\bin;D:\SVN\bin;D:\TortoiseSVN\bin;C:\Program Files\VanDyke Software\Clients\;C:\Program Files\MongoDB\Server\4.4\bin;D:\MinGW\bin;D:\XAMPP\php;D:\Git\cmd;D:\TortoiseGit\bin;D:\NOde\;D:\Python39\Scripts\;D:\Python39\;C:\Users\17314\.windows-build-tools\python27\;C:\Program Files\MySQL\MySQL Shell 8.0\bin\;C:\Users\17314\AppData\Local\Microsoft\WindowsApps;D:\bandzip\;C:\Program Files\Bandizip\;F:\IDEA2020\IntelliJ IDEA Community Edition 2020.2.2\bin;F:\IDEA\IntelliJ IDEA 2019.3.1\bin;F:\WebStorm 2020.3.1\bin;F:\IntelliJ IDEA Community Edition 2020.2.2\bin;F:\PyCharm Community Edition 2020.3.2\bin;F:\IntelliJ IDEA 2020.3.2\bin;F:\PyCharm 2020.3.2\bin;D:\Microsoft VS Code\bin;C:\Users\17314\AppData\Roaming\npm;C:\Users\17314\AppData\Local\GitHubDesktop\bin;F:\WebStorm 2021.1.1\bin
USERNAME=17314
OS=Windows_NT
PROCESSOR_IDENTIFIER=Intel64 Family 6 Model 142 Stepping 10, GenuineIntel



---------------  S Y S T E M  ---------------

OS: Windows 10 , 64 bit Build 18362 (10.0.18362.1350)
OS uptime: 0 days 2:02 hours

CPU:total 8 (initial active 8) (4 cores per cpu, 2 threads per core) family 6 model 142 stepping 10, cmov, cx8, fxsr, mmx, sse, sse2, sse3, ssse3, sse4.1, sse4.2, popcnt, avx, avx2, aes, clmul, erms, 3dnowpref, lzcnt, ht, tsc, tscinvbit, bmi1, bmi2, adx, fma

Memory: 4k page, system-wide physical 8056M (527M free)
TotalPageFile size 18418M (AvailPageFile size 14M)
current process WorkingSet (physical memory assigned to process): 268M, peak: 274M
current process commit charge ("private bytes"): 312M, peak: 340M

vm_info: Java HotSpot(TM) 64-Bit Server VM (14.0.2+12-46) for windows-amd64 JRE (14.0.2+12-46), built on Jul  9 2020 00:35:52 by "mach5one" with MS VC++ 15.9 (VS2017)

END.
